C51 COMPILER V9.51   MIANPRO                                                               03/13/2019 16:49:52 PAGE 1   


C51 COMPILER V9.51, COMPILATION OF MODULE MIANPRO
OBJECT MODULE PLACED IN .\mianpro.obj
COMPILER INVOKED BY: C:\Keil\C51\BIN\C51.EXE ..\PUB\mianpro.c LARGE OMF2 BROWSE DEBUG SYMBOLS PRINT(.\mianpro.lst) OBJEC
                    -T(.\mianpro.obj)

line level    source

   1          /*******************************************************************************************************
   2          **** Copyright：  (c)Copyright 2019,浙江正泰仪器仪表有限责任公司,电能表应用研发                       
   3          ****                            All rights reserved.                                                 
   4          **** FileName:    LibMain.c                                                                          
   5          **** Brief:       主函数入口文件                                                                      
   6          **** Author:      peter.he@chint.com                                                                 
   7          **** Version:     V1.0                                                                               
   8          **** Date:        2016-7-14                                                                          
   9          ****                                                                                                 
  10          **** note:修改历史记录列表，每条修改记录应包括修改日期、修改者                                          
  11          **** 1.  Author:                                                                                     
  12          ****     Version:                                                                                    
  13          ****     Date :                                                                                      
  14          **** 2.  Author:                                                                                     
  15          ****     Version:                                                                                       
  16          ****     Date:
  17          ****                                                                                        
  18          ****  addtogroup:Library                                                             
  19          **********************************************************************************************************
             -/
  20          
  21          /*--------------------------------- 文件功能说明 -------------------------------------------------------*/
  22          /*
  23           *  该文件所有函数的前缀为BspIOPort_
  24           *  文件主函数和对外函数需放在文件的首部，并且主函数需要放在第一个位置;
  25           *  函数注释采用标准模板，函数内部注释采用//;
  26           *  对于注释较多的部分，可以增加一个注释符，然后详细说明放在文件的尾部;
  27           *--------------------------------- 文件功能说明 -------------------------------------------------------*/
  28           
  29          /**有形参的函数格式:*/
  30          /*------------------------------------------------------------------------------------------------------*/
  31          /**
  32           *  @brief    xx任务处理函数
  33           *
  34           *  @param    xx :
  35           *
  36           *  @return   xx
  37           *
  38           *  @note     xx
  39           *
  40           */
  41          /*------------------------------------------------------------------------------------------------------*/
  42          /**无形参的函数格式:*/
  43          /*------------------------------------------------------------------------------------------------------*/
  44          /**
  45           *  @brief    上电所有口线配置成初始状态，后面可根据需要开启和配置
  46           *
  47           *  @return   xx
  48           *
  49           *  @note     xx
  50           *
  51           */
  52          /*------------------------------------------------------------------------------------------------------*/
  53           
C51 COMPILER V9.51   MIANPRO                                                               03/13/2019 16:49:52 PAGE 2   

  54           
  55          /*----------------< 头文件包含区 >---------------------------------*/
  56          
  57          
  58          /*----------------< 变量声明区 >-----------------------------------*/
  59          
  60          
  61          /*----------------< 函数声明区 >----------------------------------*/
  62          
  63          
  64          /*----------------< 函数区 >--------------------------------------*/
  65          
  66          
  67          
  68          
  69          
  70          
  71          /*------------------------------------------------------------------------------------------------------*/
  72          /**
  73           *  @brief    上电所有口线配置成初始状态，后面可根据需要开启和配置
  74           *
  75           *  @return   xx
  76           *
  77           *  @note     xx
  78           *
  79           */
  80          /*------------------------------------------------------------------------------------------------------*/
  81          void main(void)
  82          {
  83   1              while(1)
  84   1              {
  85   2                      
  86   2              }
  87   1      }
C51 COMPILER V9.51   MIANPRO                                                               03/13/2019 16:49:52 PAGE 3   

NAME                                    CLASS   MSPACE  TYPE    OFFSET  SIZE
====                                    =====   ======  ====    ======  ====


main . . . . . . . . . . . . . . . . .  PUBLIC   CODE   PROC     0000H  -----


MODULE INFORMATION:   STATIC OVERLAYABLE
   CODE SIZE        =      2    ----
   CONSTANT SIZE    =   ----    ----
   XDATA SIZE       =   ----    ----
   PDATA SIZE       =   ----    ----
   DATA SIZE        =   ----    ----
   IDATA SIZE       =   ----    ----
   BIT SIZE         =   ----    ----
   EDATA SIZE       =   ----    ----
   HDATA SIZE       =   ----    ----
   XDATA CONST SIZE =   ----    ----
   FAR CONST SIZE   =   ----    ----
END OF MODULE INFORMATION.


C51 COMPILATION COMPLETE.  0 WARNING(S),  0 ERROR(S)
