C51 COMPILER V9.54   TRIPLEDES                                                             11/18/2021 18:51:20 PAGE 1   


C51 COMPILER V9.54, COMPILATION OF MODULE TRIPLEDES
OBJECT MODULE PLACED IN .\TripleDES.obj
COMPILER INVOKED BY: C:\Program Files (x86)\Keil_v5 FMSH\C51\BIN\C51.EXE ..\SourceFiles\PUB\TripleDES.c LARGE OBJECTADVA
                    -NCED OPTIMIZE(8,SPEED) BROWSE DEFINE(DDSYU666) DEBUG SYMBOLS PRINT(.\TripleDES.lst) OBJECT(.\TripleDES.obj)

line level    source

   1          
   2          
   3          ///*######################################################################*///
   4          ///* Â§¥Êñá‰ª∂ÂåÖÂê´  *///
   5          #include "..\SourceFiles\PUB\Include.h"
   6          
   7          /*########################################################################################################
   8          3DES‰ΩøÁî®ËØ¥ÊòéÔºö
   9                  ‰∏∫‰∫ÜÂíåÂçóÁΩëÂ§çÊó¶ÂæÆÁ®ãÂ∫è‰∏ÄËá≥ÔºåÂú®ÁºñÂÜôËØ•Á®ãÂ∫èÊó∂ÔºåÂØπÈÉ®ÂàÜÊ†áÂáÜÈÉ®‰ª∂ÂÅö‰∫Ü‰øÆÊîπ„ÄÇ
  10                  1. SÁõíÂíåSÁõíÁöÑÁÆóÊ≥ïÔºöSÁõíÊ†áÂáÜÁöÑÊòØ‰∏Ä‰∏™4Ë°å16ÂàóÁöÑË°®Ê†ºÔºå‰ΩÜÊòØÂ§çÊó¶ÂæÆÂÅöÊàê‰∫Ü‰∏Ä‰∏™64Â≠óË
             -äÇÁöÑÊï∞ÁªÑÔºåÂè¶Â§ñÁÆóÊ≥ïÊñπÈù¢
  11                     ÂéüÊ†áÂáÜÁÆóÊ≥ïÊòØÂèñÊï∞ÊçÆ‰∏§ÊÆµÁöÑÂêÑ‰∏Ä‰ΩçÁªÑÊàêÊü•ÁõíÂ≠êÁöÑË°åÔºå‰∏≠Èó¥4‰ΩçÊü•ÁõíÂ≠êÁöÑÂàóÔºåÂ§çÊó
             -¶ÂæÆÁöÑÁÆóÊ≥ïÂàôÊòØÁõ¥Êé•Áî®6‰ΩçÊï∞
  12                     ÊçÆÊü•64Â≠óËäÇÁöÑÊï∞ÁªÑ„ÄÇ
  13                  2. IP-1ÁΩÆÊç¢ÁÆóÊ≥ï„ÄÇÂ§çÊó¶ÂæÆÂ∞ÜËØ•ÁÆóÊ≥ïÁöÑË°®Ê†ºÂÅö‰∫Ü‰øÆÊîπÔºåÂÖ∑‰ΩìÂ¶Ç‰∏ãÔºö
  14                          40      8       48      16      56      24      64      32
  15                          39      7       47      15      55      23      63      31
  16                          38      6       46      14      54      22      62      30
  17                          37      5       45      13      53      21      61      29
  18                          36      4       44      12      52      20      60      28
  19                          35      3       43      11      51      19      59      27
  20                          34      2       42      10      50      18      58      26
  21                          33      1       41      9       49      17      57      25 
  22                          Ê≠§‰∏∫Ê†áÂáÜIP-1ÁΩÆÊç¢Ë°®ÔºåÂ§çÊó¶ÂæÆ‰øÆÊîπÂêéÂèòÊàê
  23                          8       40      16      48      24      56      32      64
  24                          7       39      15      47      23      55      31      63
  25                          6       38      14      46      22      54      30      62
  26                          5       37      13      45      21      53      29      61
  27                          4       36      12      44      20      52      28      60
  28                          3       35      11      43      19      51      27      59
  29                          2       34      10      42      18      50      26      58
  30                          1       33      9       41      17      49      25      57
  31                  3. ËôΩÁÑ∂ÂÅö‰∫Ü‰∏äËø∞ÁöÑ‰øÆÊîπÔºå‰ΩÜÊòØÂä†ÂØÜÁªìÊûúÂíåÊ†áÂáÜÁöÑ3DESÁªìÊûúÊòØ‰∏ÄËá¥ÁöÑ
  32          ########################################################################################################*/
  33          
  34          ///*######################################################################*///
  35          ///* ÂáΩÊï∞Â£∞Êòé *///
  36          void DES_PC_1(uchar8 *P_ucSorceData);
  37          void DES_IP(uchar8 *P_ucSorceData);
  38          uchar8 DES_ReplaceMent(uchar8 *P_ucSData,uchar8 V_ucRepMode);
  39          void DES_Transposition(uchar8 *P_ucSorceData, uchar8 *P_ucLocattion, uchar8 *P_ucValue, uchar8  V_ucOutLen)
             -;
  40          void DES_CycLRShifting(uchar8 *P_ucData, uchar8 V_ucMode);
  41          void DES_IP_1(uchar8 *P_ucSorceData);
  42          void DES_F(uchar8 *P_ucData, uchar8 *P_Key);
  43          uchar8 Data_MAC( uchar8 *P_ucData, uchar8 V_ucLen, uchar8 *P_ucRand, uchar8 V_ucType );
  44          uchar8 TripleDES_DeOrEncryption(uchar8 V_ucKeyNum, uchar8 *P_ucData, uchar8 V_ucLen);
  45          
  46          uchar8 Data_MAC( uchar8 *P_ucData, uchar8 V_ucLen, uchar8 *P_ucRand, uchar8 V_ucType );
  47          
  48          
  49          
  50          ///* ÂáΩÊï∞Â£∞ÊòéÁªìÊùü *///
  51          /* Âä†ÂØÜÁÆóÊ≥ïÁõ∏ÂÖ≥Ë°®Ê†º */
C51 COMPILER V9.54   TRIPLEDES                                                             11/18/2021 18:51:20 PAGE 2   

  52          ///*######################################################################*///
  53          // PC_1ÂØÜÈí•ÁΩÆÊç¢Ë°®Ê†º
  54          const   uchar8  code    GT_ucPC_1Location[56]={
  55                  7,      6,      5,      4,      3,      2,      1,      0,
  56                  7,      6,      5,      4,      3,      2,      1,      0,
  57                  7,      6,      5,      4,      3,      2,      1,      0,
  58                  7,      6,      5,      4,      7,      6,      5,      4,
  59                  3,      2,      1,      0,      7,      6,      5,      4,
  60                  3,      2,      1,      0,      7,      6,      5,      4,
  61                  3,      2,      1,      0,      3,      2,      1,      0
  62          };
  63          
  64          const   uchar8  code    GT_ucPC_1Value[56]={
  65                  0x80, 0x80, 0x80, 0x80, 0x80, 0x80, 0x80, 0x80, 
  66                  0x40, 0x40, 0x40, 0x40, 0x40, 0x40, 0x40, 0x40, 
  67                  0x20, 0x20, 0x20, 0x20, 0x20, 0x20, 0x20, 0x20, 
  68                  0x10, 0x10, 0x10, 0x10, 0x02, 0x02, 0x02, 0x02, 
  69                  0x02, 0x02, 0x02, 0x02, 0x04, 0x04, 0x04, 0x04,
  70                  0x04, 0x04, 0x04, 0x04, 0x08, 0x08, 0x08, 0x08,
  71                  0x08, 0x08, 0x08, 0x08, 0x10, 0x10, 0x10, 0x10
  72          };      
  73          // PC2:Â∞Ü56‰ΩçËæìÂÖ•ÂéãÁº©ÁΩÆÊç¢Êàê48‰∏∫ËæìÂá∫
  74          const   uchar8  code    GT_ucPC_2Location[48]={
  75                  1,      2,      1,      2,      0,      0,      0,      3,
  76                  1,      0,      2,      1,      2,      2,      1,      0,
  77                  3,      0,      1,      0,      3,      2,      1,      0,
  78                  5,      6,      3,      4,      5,      6,      3,      4,
  79                  6,      5,      4,      5,      5,      6,      4,      6,
  80                  4,      6,      5,      5,      6,      4,      3,      3
  81          };
  82          const   uchar8  code    GT_ucPC_2Value[48]={
  83                  0x04, 0x80, 0x20, 0x01, 0x80 , 0x08, 0x20, 0x10,
  84                  0x02, 0x04, 0x08, 0x40, 0x02 , 0x20, 0x10, 0x10,
  85                  0x40, 0x01, 0x01, 0x02, 0x20 , 0x10, 0x08, 0x40,
  86                  0x80, 0x10, 0x02, 0x08, 0x02 , 0x02, 0x04, 0x01,
  87                  0x20, 0x08, 0x80, 0x01, 0x10 , 0x80, 0x02, 0x01,
  88                  0x40, 0x08, 0x04, 0x40, 0x40 , 0x10, 0x08, 0x01
  89          };
  90          /*Âæ™ÁéØÂ∑¶/Âè≥Áßª*/
  91          const   uchar8  code    GT_ucShiftTable[16] = {
  92                  1,1,2,2,2,2,2,2,1,2,2,2,2,2,2,1
  93          };
  94          
  95          // EÁõí Â∞Ü32ËæìÂÖ•Êâ©Â±ï‰∏∫48‰ΩçËæìÂá∫
  96          const uchar8 code GT_ucEBoxValue[]={
  97                  0x01,   0x80,   0x40,   0x20,   0x10,   0x08,   0x10,   0x08,
  98                  0x04,   0x02,   0x01,   0x80,   0x01,   0x80,   0x40,   0x20,
  99                  0x10,   0x08,   0x10,   0x08,   0x04,   0x02,   0x01,   0x80,
 100                  0x01,   0x80,   0x40,   0x20,   0x10,   0x08,   0x10,   0x08,
 101                  0x04,   0x02,   0x01,   0x80,   0x01,   0x80,   0x40,   0x20,
 102                  0x10,   0x08,   0x10,   0x08,   0x04,   0x02,   0x01,   0x80
 103          };
 104          const uchar8 code GT_ucEBoxLocation[]={
 105                  3,      0,      0,      0,      0,      0,      0,      0,
 106                  0,      0,      0,      1,      0,      1,      1,      1,
 107                  1,      1,      1,      1,      1,      1,      1,      2,
 108                  1,      2,      2,      2,      2,      2,      2,      2,
 109                  2,      2,      2,      3,      2,      3,      3,      3,
 110                  3,      3,      3,      3,      3,      3,      3,      0
 111          };
 112          // PÁõí Â∞Ü32ËæìÂÖ•ÁΩÆÊç¢Êàê32‰∏∫ËæìÂá∫
 113          const uchar8 code GT_ucPBoxValue[]={
C51 COMPILER V9.54   TRIPLEDES                                                             11/18/2021 18:51:20 PAGE 3   

 114                  0x01,   0x02,   0x10,   0x08,   0x08,   0x10,   0x10,   0x80,
 115                  0x80,   0x02,   0x02,   0x40,   0x08,   0x40,   0x02,   0x40,
 116                  0x40,   0x01,   0x01,   0x04,   0x01,   0x20,   0x20,   0x80,
 117                  0x20,   0x08,   0x04,   0x04,   0x04,   0x20,   0x10,   0x80,
 118          };
 119          const uchar8 code GT_ucPBoxLocation[]={
 120                  1,      0,      2,      2,      3,      1,      3,      2,
 121                  0,      1,      2,      3,      0,      2,      3,      1,
 122                  0,      0,      2,      1,      3,      3,      0,      1,
 123                  2,      1,      3,      0,      2,      1,      0,      3,
 124          };
 125          /* SÁõí */
 126          /* Â§çÊó¶ÂæÆÁöÑSÁõí */
 127          const uchar8 code GT_ucSBox[8][64]={
 128                  /* S1 */
 129                  {       0xe0,0x00,0x40,0xf0,0xd0,0x70,0x10,0x40,
 130                          0x20,0xe0,0xf0,0x20,0xb0,0xd0,0x80,0x10,
 131                          0x30,0xa0,0xa0,0x60,0x60,0xc0,0xc0,0xb0,
 132                          0x50,0x90,0x90,0x50,0x00,0x30,0x70,0x80,
 133                          0x40,0xf0,0x10,0xc0,0xe0,0x80,0x80,0x20,
 134                          0xd0,0x40,0x60,0x90,0x20,0x10,0xb0,0x70,
 135                          0xf0,0x50,0xc0,0xb0,0x90,0x30,0x70,0xe0,
 136                          0x30,0xa0,0xa0,0x00,0x50,0x60,0x00,0xd0},
 137                  /* S2 */
 138                  {  15,3,1,13,8,4,14,7,
 139                     6,15,11,2,3,8,4,14,
 140                     9,12,7,0,2,1,13,10,
 141                     12,6,0,9,5,11,10,5,
 142                     0,13,14,8,7,10,11,1,
 143                     10,3,4,15,13,4,1,2,
 144                     5,11,8,6,12,7,6,12,
 145                     9,0,3,5,2,14,15,9},
 146                   /* S3 */
 147                  {  0xa0,0xd0,0x00,0x70,0x90,0x00,0xe0,0x90,
 148                     0x60,0x30,0x30,0x40,0xf0,0x60,0x50,0xa0,
 149                     0x10,0x20,0xd0,0x80,0xc0,0x50,0x70,0xe0,
 150                     0xb0,0xc0,0x40,0xb0,0x20,0xf0,0x80,0x10,
 151                     0xd0,0x10,0x60,0xa0,0x40,0xd0,0x90,0x00,
 152                     0x80,0x60,0xf0,0x90,0x30,0x80,0x00,0x70,
 153                     0xb0,0x40,0x10,0xf0,0x20,0xe0,0xc0,0x30,
 154                     0x50,0xb0,0xa0,0x50,0xe0,0x20,0x70,0xc0},
 155                   /* S4 */
 156                  {  7,13,13,8,14,11,3,5,
 157                     0,6,6,15,9,0,10,3,
 158                     1,4,2,7,8,2,5,12,
 159                     11,1,12,10,4,14,15,9,
 160                     10,3,6,15,9,0,0,6,
 161                     12,10,11,1,7,13,13,8,
 162                     15,9,1,4,3,5,14,11,
 163                     5,12,2,7,8,2,4,14 },
 164          
 165                   /* S5 */
 166             {   0x20,0xe0,0xc0,0xb0,0x40,0x20,0x10,0xc0,
 167                     0x70,0x40,0xa0,0x70,0xb0,0xd0,0x60,0x10,
 168                     0x80,0x50,0x50,0x00,0x30,0xf0,0xf0,0xa0,
 169                     0xd0,0x30,0x00,0x90,0xe0,0x80,0x90,0x60,
 170                     0x40,0xb0,0x20,0x80,0x10,0xc0,0xb0,0x70,
 171                     0xa0,0x10,0xd0,0xe0,0x70,0x20,0x80,0xd0,
 172                     0xf0,0x60,0x90,0xf0,0xc0,0x00,0x50,0x90,
 173                     0x60,0xa0,0x30,0x40,0x00,0x50,0xe0,0x30},
 174          
 175                   /* S6 */
C51 COMPILER V9.54   TRIPLEDES                                                             11/18/2021 18:51:20 PAGE 4   

 176                  {  12,10,1,15,10,4,15,2,
 177                     9,7,2,12,6,9,8,5,
 178                     0,6,13,1,3,13,4,14,
 179                     14,0,7,11,5,3,11,8,
 180                     9,4,14,3,15,2,5,12,
 181                     2,9,8,5,12,15,3,10,
 182                     7,11,0,14,4,1,10,7,
 183                     1,6,13,0,11,8,6,13},
 184          
 185                   /* S7 */
 186                  {  0x40,0xd0,0xb0,0x00,0x20,0xb0,0xe0,0x70,
 187                     0xf0,0x40,0x00,0x90,0x80,0x10,0xd0,0xa0,
 188                     0x30,0xe0,0xc0,0x30,0x90,0x50,0x70,0xc0,
 189                     0x50,0x20,0xa0,0xf0,0x60,0x80,0x10,0x60,
 190                     0x10,0x60,0x40,0xb0,0xb0,0xd0,0xd0,0x80,
 191                     0xc0,0x10,0x30,0x40,0x70,0xa0,0xe0,0x70,
 192                     0xa0,0x90,0xf0,0x50,0x60,0x00,0x80,0xf0,
 193                     0x00,0xe0,0x50,0x20,0x90,0x30,0x20,0xc0},
 194          
 195                   /* S8*/ 
 196                  {  13,1,2,15,8,13,4,8,
 197                     6,10,15,3,11,7,1,4,
 198                     10,12,9,5,3,6,14,11,
 199                     5,0,0,14,12,9,7,2,
 200                     7,2,11,1,4,14,1,7,
 201                     9,4,12,10,14,8,2,13,
 202                     0,15,6,12,10,9,13,0,
 203                     15,3,3,5,5,6,8,11 },   
 204          };
 205          
 206          
 207          /*----------------< ÂèòÈáèÂÆö‰πâ >----------------------------------*/
 208          uchar8      bdata       GV_bDesRepbit;
 209          uchar8      xdata GA_ucDesTata[8];                                  ///* 3desÂä†ÂØÜÊï∞ÊçÆ *///
 210          uchar8          xdata  GA_ucDesKey[16];                                 ///* 3desÂä†ÂØÜkey *///
 211          uchar8          xdata GA_uc7816CommBuffer[250];                 ///* 7816ÈÄö‰ø°ÁºìÂ≠òÊï∞ÊçÆ*/// 
 212          
 213          /*----------------< ÂáΩÊï∞Â£∞Êòé >----------------------------------*/
 214          // ÁßÅÊúâÂáΩÊï∞Â£∞Êòé
 215          static void DES_PC_1(uchar8 *P_ucSorceData);
 216          static void DES_IP(uchar8 *P_ucSorceData);
 217          static uchar8 DES_ReplaceMent(uchar8 *P_ucSData,uchar8 V_ucRepMode);
 218          static void DES_Transposition(uchar8 *P_ucSorceData, uchar8 *P_ucLocattion, uchar8 *P_ucValue, uchar8   V_uc
             -OutLen);
 219          static void DES_CycLRShifting(uchar8 *P_ucData, uchar8 V_ucMode);
 220          static void DES_IP_1(uchar8 *P_ucSorceData);
 221          static void DES_F(uchar8 *P_ucData, uchar8 *P_Key);
 222           
 223          // ÂÖ¨ÊúâÂáΩÊï∞Â£∞Êòé
 224          uchar8 Data_MAC( uchar8 *P_ucData, uchar8 V_ucLen, uchar8 *P_ucRand, uchar8 V_ucType );
 225          uchar8 TripleDES_DeOrEncryption(uchar8 V_ucKeyNum, uchar8 *P_ucData, uchar8 V_ucLen); 
 226          
 227          
 228          /*----------------< ÂáΩÊï∞ÂÆö‰πâ >----------------------------------*/
 229          
 230          ///*============================================================================================*///
 231          ///* Function:          DES_ReplaceMent
 232          ///* Description:       ÈÄöÁî®ÁΩÆÊç¢ÂáΩÊï∞
 233          ///* Calls: 
 234          ///* Called By:         
 235          ///* Input:             ÈúÄË¶ÅÁΩÆÊç¢ÁöÑÊï∞ÊçÆÂíåÊõøÊç¢ÁöÑÂÖÉÁ¥†
 236          ///* Output:
C51 COMPILER V9.54   TRIPLEDES                                                             11/18/2021 18:51:20 PAGE 5   

 237          ///* Return:            ËøîÂõûÁΩÆÊç¢ÂêéÁöÑ‰∏ÄÂ≠óËäÇ
 238          ///* Others:            ‰∏ç‰ºöÊîπÂèòÂéüÂßãÊï∞ÊçÆÔºåÂè™ÊúâËßÑÂæã‰∏ÄÊ†∑ÁöÑÊï∞ÊçÆÊâçÂèØ‰ª•Ë∞ÉÁî®Ôºå‰æãÂ¶ÇË¶ÅÁΩÆÊç¢Êï∞Áª
             -Ña[8]ÊØè‰∏™ÂÖÉÁ¥†ÁöÑÊúÄ‰Ωé‰Ωç
 239          ///*                            ÁªÑÊàê‰∏Ä‰∏™Â≠óËäÇ‰∏îa[7]ÁöÑÊúÄ‰Ωé‰Ωç‰∏∫Êñ∞Â≠óËäÇÁöÑÊúÄÈ´ò‰ΩçÔºåÂàôÂèØ‰ª•Ë∞ÉÁî®Ê≠§ÂáΩÊï∞
 240          ///*============================================================================================*///
 241          uchar8 DES_ReplaceMent(uchar8 *P_ucSData,uchar8 V_ucRepMode)
 242          {
 243   1              uchar8 V_ucCnti,V_ucDesRepbit;
 244   1              
 245   1              V_ucDesRepbit = 0;
 246   1              for(V_ucCnti=8; V_ucCnti>0; V_ucCnti--)
 247   1              {
 248   2                      V_ucDesRepbit <<= 1;
 249   2                      if( P_ucSData[V_ucCnti-1] & V_ucRepMode )V_ucDesRepbit++;
 250   2              }
 251   1              
 252   1              return(V_ucDesRepbit);
 253   1      }
 254          ///*============================================================================================*///
 255          ///* Function:          DES_IP
 256          ///* Description:       Êï∞ÊçÆÂàùÂßãÁΩÆÊç¢ÂáΩÊï∞IPÔºåËæìÂÖ•8Â≠óËäÇÔºåËæìÂá∫8Â≠óËäÇ
 257          ///* Calls: 
 258          ///* Called By:         
 259          ///* Input:             8Â≠óËäÇÂæÖÁΩÆÊç¢Êï∞ÊçÆ
 260          ///* Output:            ÁΩÆÊç¢ÂêéÁöÑ8Â≠óËäÇÊï∞ÊçÆ
 261          ///* Return:            none
 262          ///* Others:            
 263          ///*============================================================================================*///
 264          void DES_IP(uchar8 *P_ucSorceData)
 265          {
 266   1              uchar8 V_ucCnti,V_ucTempData;
 267   1              uchar8 V_ucTemp[8];
 268   1              
 269   1              V_ucTempData = 0x40;
 270   1              for ( V_ucCnti=0; V_ucCnti<8; V_ucCnti++ )
 271   1              {
 272   2                      if(4==V_ucCnti) V_ucTempData = 0x80;
 273   2      
 274   2                      V_ucTemp[ V_ucCnti ] = DES_ReplaceMent( P_ucSorceData, V_ucTempData );
 275   2      
 276   2                      V_ucTempData >>= 2;
 277   2              } 
 278   1              
 279   1              LibPub_MemCopyBytes( &V_ucTemp[0], P_ucSorceData, 8 );
 280   1      }
 281          ///*============================================================================================*///
 282          ///* Function:          DES_PC_1
 283          ///* Description:       ÂØÜÈí•ÁΩÆÊç¢ÂáΩÊï∞PC-1
 284          ///* Calls: 
 285          ///* Called By:         
 286          ///* Input:             8Â≠óËäÇÂæÖÁΩÆÊç¢Êï∞ÊçÆ
 287          ///* Output:            ÁΩÆÊç¢ÂêéÁöÑ8Â≠óËäÇÊï∞ÊçÆ
 288          ///* Return:            none
 289          ///* Others:            
 290          ///*============================================================================================*///
 291          void DES_PC_1(uchar8 *P_ucSorceData)
 292          {       
 293   1              DES_Transposition( P_ucSorceData, &GT_ucPC_1Location[0], &GT_ucPC_1Value[0], 7);
 294   1      }
 295          ///*============================================================================================*///
 296          ///* Function:          DES_Transposition
 297          ///* Description:       ÁΩÆÊç¢Êü•Ë°®
C51 COMPILER V9.54   TRIPLEDES                                                             11/18/2021 18:51:20 PAGE 6   

 298          ///* Calls: 
 299          ///* Called By:         
 300          ///* Input:             ÂæÖÊü•Ë°®Êï∞ÊçÆÔºåÊï∞ÊçÆ‰ΩçÁΩÆÔºå‰ΩçÁΩÆÂØπÂ∫îÁöÑÂÄºÔºåËæìÂá∫Êï∞ÊçÆÈïøÂ∫¶
 301          ///* Output:            Êü•Ë°®ÁªÑÂêàÂêéÁöÑÊï∞ÊçÆ
 302          ///* Return:            none
 303          ///* Others:            
 304          ///*============================================================================================*///
 305          //PC1 :56-->56
 306          //PC2 :56-->48
 307          //EBox:32-->48
 308          //PBox:32-->32
 309          //ËøôÈáåÁöÑÈïøÂ∫¶ÊòØËæìÂá∫ÈïøÂ∫¶
 310          void DES_Transposition(uchar8 *P_ucSorceData, uchar8 *P_ucLocattion, uchar8 *P_ucValue, uchar8  V_ucOutLen)
 311          {
 312   1              uchar8 i;
 313   1              uchar8  V_ucTemp[8];
 314   1              
 315   1              GV_bDesRepbit = 0;
 316   1              for(i=1; i<(V_ucOutLen*8)+1; i++)
 317   1              {
 318   2                      GV_bDesRepbit <<= 1;
 319   2                      if( P_ucSorceData[P_ucLocattion[i-1]] & P_ucValue[i-1]) GV_bDesRepbit++;                
 320   2                      if(( i % 8 )==0)
 321   2                      {
 322   3                              V_ucTemp[(i/8)-1] = GV_bDesRepbit;
 323   3                              GV_bDesRepbit = 0;
 324   3                      }               
 325   2              }
 326   1              LibPub_MemCopyBytes(&V_ucTemp[0], P_ucSorceData, V_ucOutLen);    
 327   1      }
 328          ///*============================================================================================*///
 329          ///* Function:          DES_CycLRShifting
 330          ///* Description:       Âæ™ÁéØÁßª‰Ωç
 331          ///* Calls: 
 332          ///* Called By:         
 333          ///* Input:             Ë¶ÅÁßª‰ΩçÁöÑÊï∞ÊçÆ(56bit)ÔºåÁßª‰ΩçÊ®°Âºè(Â∑¶ÁßªÊàñÂè≥Áßª)
 334          ///* Output:            Áßª‰ΩçÂêéÁöÑÊï∞ÊçÆ
 335          ///* Return:            none
 336          ///* Others:            Â∞ÜËæìÂÖ•ÁöÑ56btiÊï∞ÊçÆÂàÜÂ∑¶ÂçäÈÉ®ÂíåÂè≥ÂçäÈÉ®ÂàÜÂà´ÂÅöÂæ™ÁéØÁßª‰ΩçËøêÁÆó
 337          ///*============================================================================================*///
 338          //Âæ™ÁéØÂ∑¶ÁßªÔºåÂ∞Ü56‰ΩçËæìÂÖ•Â∑¶28‰ΩçÂíåÂè≥28‰ΩçÂêÑÂæ™ÁéØÂ∑¶Áßª‰∏Ä‰Ωç
 339          //ËæìÂÖ•56‰Ωç7Â≠óËäÇÔºåËæìÂá∫56‰ΩçÂõõÂ≠óËäÇ
 340          void DES_CycLRShifting(uchar8 *P_ucData, uchar8 V_ucMode)
 341          {
 342   1              GU_B32_B08_Type V_unTemp32[2];
 343   1              
 344   1              
 345   1              /* Â∑¶ÂçäÈÉ®ÂàÜÂæ™ÁéØÂ∑¶/Âè≥Áßª1‰Ωç*/
 346   1              V_unTemp32[0].B08[0] = P_ucData[0];
 347   1              V_unTemp32[0].B08[1] = P_ucData[1];
 348   1              V_unTemp32[0].B08[2] = P_ucData[2];
 349   1              V_unTemp32[0].B08[3] = (P_ucData[3]&0xf0);
 350   1              if(LEFTSHIFT == V_ucMode)
 351   1              {
 352   2                      V_unTemp32[0].B32 <<= 1;
 353   2                      if(P_ucData[0]&0x80) V_unTemp32[0].B08[3] |= B0001_0000;
 354   2              }
 355   1              else
 356   1              {
 357   2                      V_unTemp32[0].B32 >>= 1;
 358   2                      V_unTemp32[0].B08[3] &= 0xf0;
 359   2                      if(P_ucData[3]&0x10) V_unTemp32[0].B08[0] |= B1000_0000;        
C51 COMPILER V9.54   TRIPLEDES                                                             11/18/2021 18:51:20 PAGE 7   

 360   2              }
 361   1              
 362   1              /* Âè≥ÂçäÈÉ®ÂàÜÂ∑¶/Âè≥Áßª‰∏Ä‰Ωç */      
 363   1              V_unTemp32[1].B08[0] = (P_ucData[3]&0x0f);
 364   1              V_unTemp32[1].B08[1] = P_ucData[4];
 365   1              V_unTemp32[1].B08[2] = P_ucData[5];
 366   1              V_unTemp32[1].B08[3] = P_ucData[6];
 367   1              if(LEFTSHIFT == V_ucMode)
 368   1              {
 369   2                      V_unTemp32[1].B32 <<= 1;
 370   2                      V_unTemp32[1].B08[0] &= 0x0f;
 371   2                      if(P_ucData[3]&0x08) V_unTemp32[1].B08[3] |= B0000_0001;
 372   2              }
 373   1              else
 374   1              {
 375   2                      V_unTemp32[1].B32 >>= 1;
 376   2                      if(P_ucData[6]&0x01) V_unTemp32[1].B08[0] |= B0000_1000;
 377   2              }
 378   1      
 379   1              /* ‰∏§ÈÉ®ÂàÜÂÜçÂêàËµ∑Êù• */
 380   1              V_unTemp32[0].B08[3] |= V_unTemp32[1].B08[0] ;
 381   1              V_unTemp32[1].B08[0]  = V_unTemp32[1].B08[1] ;
 382   1              V_unTemp32[1].B08[1]  = V_unTemp32[1].B08[2] ;
 383   1              V_unTemp32[1].B08[2]  = V_unTemp32[1].B08[3] ;
 384   1      
 385   1              LibPub_MemCopyBytes(&V_unTemp32[0].B08[0], P_ucData, 7);
 386   1      }
 387          ///*============================================================================================*///
 388          ///* Function:          DES_IP_1
 389          ///* Description:       Êú´ÁΩÆÊç¢ÂáΩÊï∞IP-1
 390          ///* Calls: 
 391          ///* Called By:         
 392          ///* Input:             ÂæÖÁΩÆÊç¢ÁöÑÊï∞ÊçÆ
 393          ///* Output:            ÁΩÆÊç¢ÂêéÁöÑÊï∞ÊçÆ
 394          ///* Return:            none
 395          ///* Others:            Â§çÊó¶ÂæÆÁöÑIP-1ÁΩÆÊç¢ÂíåÊ†áÂáÜ3desÊòØ‰∏ç‰∏ÄÊ†∑ÁöÑ
 396          ///*============================================================================================*///
 397          void DES_IP_1(uchar8 *P_ucSorceData)
 398          {
 399   1              uchar8 i,n;
 400   1              uchar8 V_ucTemp[8];
 401   1              WDT_Clr();
 402   1              
 403   1              n = 0x01;
 404   1              
 405   1              V_ucTemp[7] = P_ucSorceData[0];
 406   1              V_ucTemp[6] = P_ucSorceData[4];
 407   1              V_ucTemp[5] = P_ucSorceData[1];
 408   1              V_ucTemp[4] = P_ucSorceData[5];
 409   1              V_ucTemp[3] = P_ucSorceData[2];
 410   1              V_ucTemp[2] = P_ucSorceData[6];
 411   1              V_ucTemp[1] = P_ucSorceData[3];
 412   1              V_ucTemp[0] = P_ucSorceData[7];
 413   1              for(i=0;i<8;i++)
 414   1              {
 415   2                      P_ucSorceData[i] = DES_ReplaceMent(&V_ucTemp[0], n);
 416   2                      n <<= 1;
 417   2              }
 418   1              WDT_Clr();
 419   1      }
 420          ///*============================================================================================*///
 421          ///* Function:          DES_F
C51 COMPILER V9.54   TRIPLEDES                                                             11/18/2021 18:51:20 PAGE 8   

 422          ///* Description:       FÂáΩÊï∞
 423          ///* Calls: 
 424          ///* Called By:         
 425          ///* Input:             32‰ΩçÊï∞ÊçÆÂíå48‰ΩçÂØÜÈí•
 426          ///* Output:            ËøêÁÆóÂêéÁöÑÊï∞ÊçÆ
 427          ///* Return:            none
 428          ///* Others:            Â§çÊó¶ÂæÆÁöÑIP-1ÁΩÆÊç¢ÂíåÊ†áÂáÜ3desÊòØ‰∏ç‰∏ÄÊ†∑ÁöÑ
 429          ///*============================================================================================*///
 430          /**/
 431          void DES_F(uchar8 *P_ucData, uchar8 *P_Key)
 432          {
 433   1              uchar8 i;
 434   1              uchar8 V_ucTempData[8],V_ucTempSData[4];
 435   1      
 436   1              LibPub_MemCopyBytes(P_ucData+4, &V_ucTempData[0], 4);
 437   1              /* ‚ë† Êï∞ÊçÆÂè≥ÂçäÈÉ®ÂàÜÈÄöËøáËøáÊâ©Â±ïÁΩÆÊç¢EËøõË°åÁΩÆÊç¢32-->48 */
 438   1              DES_Transposition(&V_ucTempData[0], &GT_ucEBoxLocation[0], &GT_ucEBoxValue[0], 6);
 439   1      
 440   1              /* ‚ë° Â∞Ü‰∏ä‰∏ÄÊ≠•ÁΩÆÊç¢Âá∫Êù•ÁöÑÁªìÊûú‰∏é48‰ΩçÁöÑÂØÜÈí•ËøõË°åÂºÇÊàñËøêÁÆó */
 441   1              for(i=0; i<6; i++)
 442   1              {
 443   2                      V_ucTempData[i] ^= P_Key[i];    
 444   2              }
 445   1      
 446   1              /* ‚ë¢ Â∞Ü‰∏ä‰∏ÄÊ≠•ÂæóÂà∞ÁöÑÁªìÊûúËøõË°åSÁõíËøêÁÆóÔºåËæìÂá∫32Â≠óËäÇ Â§çÊó¶ÂæÆÁÆóÊ≥ï66È´ò‰ΩéÂºÄ(ÊØèÂèñ6‰Ωç
             -‰Ωú‰∏∫ËæìÂá∫ÁöÑÈ´ò‰ΩéÂ≠óËäÇÔºâ */
 447   1              for(i=0;i<2;i++)
 448   1              {
 449   2                      GV_bDesRepbit = ((V_ucTempData[i*3+0]<<4)&0x3f) |(V_ucTempData[i*3+1]>>4);
 450   2                      V_ucTempSData[i*2+0] = GT_ucSBox[i*4+0][V_ucTempData[i*3+0]>>2] | GT_ucSBox[i*4+1][GV_bDesRepbit];
 451   2                      
 452   2                      GV_bDesRepbit = ((V_ucTempData[i*3+1]<<2)&0x3f) | (V_ucTempData[i*3+2]>>6);
 453   2                      V_ucTempSData[i*2+1] = GT_ucSBox[i*4+2][GV_bDesRepbit] | GT_ucSBox[i*4+3][V_ucTempData[i*3+2]&0x3f];            
 454   2              }
 455   1              
 456   1              /* ‚ë£ Â∞Ü‰∏ä‰∏ÄÊ≠•ÁöÑËøêÁÆóÁªìÊûúÁªèËøáPÁõíÁΩÆÊç¢ÂêéÂæóÂà∞‰∏Ä‰∏™32‰ΩçÁöÑËæìÂá∫ 32-->32*/
 457   1              DES_Transposition(&V_ucTempSData[0], &GT_ucPBoxLocation[0], &GT_ucPBoxValue[0], 4);
 458   1              /* ‚ë§ PÁõíÁΩÆÊç¢ÁöÑÁªìÊûú‰∏éÂ∑¶ÂçäÈÉ®ÂàÜÂÅöÂºÇÊàñËøêÁÆóÔºåÁªìÊûúÂÜçÂ∑¶Âè≥‰∏§ÈÉ®ÂàÜ‰∫§Êç¢*/
 459   1              for(i=0; i<4; i++)
 460   1              {
 461   2                      GV_bDesRepbit = P_ucData[4+i];
 462   2                      P_ucData[4+i]   = V_ucTempSData[i]^P_ucData[i];
 463   2                      P_ucData[i] = GV_bDesRepbit;    
 464   2              }
 465   1      
 466   1      }
 467          ///*============================================================================================*///
 468          ///* Function:          DES_DeOrEncryption
 469          ///* Description:       Âä†Ëß£ÂØÜdesÂáΩÊï∞
 470          ///* Calls: 
 471          ///* Called By:         
 472          ///* Input:             64‰ΩçÊï∞ÊçÆÂíå64‰ΩçÂØÜÈí•ÂèäÂä†Ëß£ÂØÜÊ®°Âºè
 473          ///* Output:            Âä†Ëß£ÂØÜÂêéÁöÑÊï∞ÊçÆ
 474          ///* Return:            none
 475          ///* Others:            
 476          ///*============================================================================================*///
 477          /*32‰ΩçÊï∞ÊçÆÂíå48‰ΩçÂØÜÈí•*/
 478          /* V_ucModeÔºõÂä†ÂØÜËøòÊòØËß£ÂØÜÔºåÂä†ÂØÜ‰∏∫2ÔºåËß£ÂØÜ‰∏∫1Ôºâ */
 479          /* P_ucDataÔºöÂä†Ëß£ÂØÜÁöÑÊï∞ÊçÆ P_KeyÔºöÂä†Ëß£ÂØÜÁöÑÂØÜÁ†Å */
 480          void DES_DeOrEncryption(uchar8 *P_ucData, uchar8 *P_Key, uchar8 V_ucMode)
 481          //void DES_DeOrEncryption(uchar8 V_ucKeyNum, uchar8 *P_ucData, uchar8 V_ucMode)
 482          {
C51 COMPILER V9.54   TRIPLEDES                                                             11/18/2021 18:51:20 PAGE 9   

 483   1              uchar8 i,j;
 484   1              uchar8  V_ucTempBuff[8],V_ucTempKey[8];
 485   1                      /* Ê†πÊçÆÂØÜÈí•ÁºñÂè∑ËØªÂèñÂØπÂ∫îÁöÑÂØÜÈí• */
 486   1      
 487   1              /* ÂÖàÊöÇÊó∂Â≠ò‰∏Ä‰∏ãÂØÜÈí• */
 488   1              LibPub_MemCopyBytes(P_Key, &V_ucTempKey[0], 8); 
 489   1              
 490   1              /* ‚ë† Êï∞ÊçÆÂÅöÂàùÂßãIPÁΩÆÊç¢ */
 491   1              DES_IP(P_ucData);
 492   1      
 493   1              /* ‚ë° ÂØÜÈí•ÂÅöPC1ÁΩÆÊç¢ */
 494   1              DES_PC_1(&V_ucTempKey[0]);
 495   1      
 496   1      
 497   1              for(i=0; i<16; i++)
 498   1              {
 499   2                      /* ‚ë¢ ÂØÜÈí•Âæ™ÁéØÂ∑¶/Âè≥Áßª */
 500   2                      for(j=0; j<GT_ucShiftTable[i]; j++)
 501   2                      {
 502   3                              if( (DECRYPTION==V_ucMode) && (0 == i) ) break;
 503   3                              DES_CycLRShifting(&V_ucTempKey[0],V_ucMode);
 504   3                      } 
 505   2                      /* ‚ë£ PC2ÂØÜÈí•ÂéãÁº©ÁΩÆÊç¢ */
 506   2                      LibPub_MemCopyBytes(&V_ucTempKey[0], &V_ucTempBuff[0], 8);
 507   2      
 508   2                      DES_Transposition(&V_ucTempBuff[0], &GT_ucPC_2Location[0], &GT_ucPC_2Value[0], 6);
 509   2                      /* ‚ë§ FÂáΩÊï∞ */
 510   2                      DES_F(P_ucData, &V_ucTempBuff[0]);
 511   2                      WDT_Clr();
 512   2              }
 513   1      
 514   1              /* ‚ë• IP-1ÁΩÆÊç¢ */
 515   1              DES_IP_1(P_ucData);
 516   1      }
 517          ///*============================================================================================*///
 518          ///* Function:          TripleDES_DeOrEncryption
 519          ///* Description:       3DESÂä†Ëß£ÂØÜÂáΩÊï∞
 520          ///* Calls: 
 521          ///* Called By:         
 522          ///* Input:             ÂØÜÈí•ÁºñÂè∑(Ê†πÊçÆÂØπÂ∫îÁöÑÂØÜÈí•ÁºñÂè∑ËØªÂá∫ÂØπÂ∫îÁöÑÂØÜÈí•)Âíå64‰ΩçÂØÜÈí•ÂèäÂä†Ëß£Â
             -ØÜÊ®°Âºè
 523          ///* Output:            Âä†Ëß£ÂØÜÂêéÁöÑÊï∞ÊçÆ
 524          ///* Return:            none
 525          ///* Others:            
 526          ///*============================================================================================*///
 527          uchar8 TripleDES_DeOrEncryption(uchar8 V_ucKeyNum, uchar8 *P_ucData, uchar8 V_ucMode)
 528          {
 529   1              uchar8 V_ucMode1, V_ucMode2; 
 530   1                      
 531   1              /* Ê†πÊçÆÂØÜÈí•ÁºñÂè∑ËØªÂèñÂØπÂ∫îÁöÑÂØÜÈí• */
 532   1          if (C_KeyNumTp!=V_ucKeyNum) ///* Â¶ÇÊûú‰∏çÊòØ‰∏¥Êó∂ÂØÜÈí•ÔºåÈúÄË¶ÅÈÄöËøáÂØÜÈí•Âè∑‰ªéE2‰∏≠ËØªÂèñ *///
 533   1              {
 534   2                      if( C_ERR == LibPub_ReadDataFromE2prom(LIB_E2P_SecretKey, 0, &GA_ucDesKey[0]) )
 535   2                      {
 536   3                              return(C_ERR);
 537   3                      }
 538   2              } 
 539   1              
 540   1              /* ÈÄâÊã©Âä†Ëß£ÂØÜÊ®°Âºè */  
 541   1              if( ENCRYPTION == V_ucMode )
 542   1              {
 543   2                      V_ucMode1 = ENCRYPTION;
C51 COMPILER V9.54   TRIPLEDES                                                             11/18/2021 18:51:20 PAGE 10  

 544   2                      V_ucMode2 = DECRYPTION;
 545   2              }
 546   1              else
 547   1              {
 548   2                      V_ucMode1 = DECRYPTION;
 549   2                      V_ucMode2 = ENCRYPTION;
 550   2              }
 551   1              /* ËøõË°åÂä†Ëß£ÂØÜÁÆóÊ≥ï */
 552   1              DES_DeOrEncryption(&P_ucData[0], &GA_ucDesKey[0], V_ucMode1);   /* Â∑¶ÂØÜÈí• */
 553   1      
 554   1              DES_DeOrEncryption(&P_ucData[0], &GA_ucDesKey[8], V_ucMode2);   /* Âè≥ÂØÜÈí• */
 555   1      
 556   1              DES_DeOrEncryption(&P_ucData[0], &GA_ucDesKey[0], V_ucMode1);   /* Â∑¶ÂØÜÈí• */
 557   1              
 558   1              return(C_OK);
 559   1      }
 560          
 561          
 562          ///*============================================================================================*///
 563          ///* Function:          Data_Mac
 564          ///* Description:       MACËÆ°ÁÆóÂáΩÊï∞ÔºåÊ†πÊçÆ‰º†ÈÄíÁöÑÂèÇÊï∞Á±ªÂûãÂà§ÂÆöÊòØÂê¶ÈúÄË¶ÅMACÊØîÂØπ
 565          ///* Calls: 
 566          ///* Called By:         
 567          ///* Input:             *P_ucDataBuffË¶ÅËÆ°ÁÆóÊàñÊØîÂØπÁöÑÊï∞ÊçÆÊåáÈíà„ÄÇV_ucLenÊï∞ÊçÆÈïøÂ∫¶Ôºå
 568          ///*                            V_ucTypeÁ±ªÂûã0Ôºö‰ªÖËÆ°ÁÆóMACÔºõ1ÔºöËÆ°ÁÆóMACÂêéËøòÈúÄË¶ÅÊØîÂØπÊòØÂê¶Ê≠£Á°Æ
 569          ///* Output:            
 570          ///* Return:            Â¶ÇÊûúÁ±ªÂûãÊòØÊØîÂØπMACÔºåÂàôÊØîÂØπÊàêÂäüÂàôËøîÂõûC_OK,Â§±Ë¥•ËøîÂõûC_ERRÔºåÂ¶ÇÊûúÊòØ‰ªÖËÆ°Á
             -ÆóMACÔºåÂàôËøîÂõûC_OK
 571          ///* Others:            1. Êï∞ÊçÆÈïøÂ∫¶‰∏çË¶ÅË∂ÖËøá100
 572          ///*============================================================================================*///
 573          uchar8 Data_MAC( uchar8 *P_ucData, uchar8 V_ucLen, uchar8 *P_ucRand, uchar8 V_ucType )
 574          {
 575   1              uchar8 i,j,k;
 576   1              uchar8 *P_ucTempBuff;
 577   1              
 578   1              if ( V_ucLen>100 ) return(C_ERR);                                               ///* Â¶ÇÊûúÊï∞ÊçÆÈïøÂ∫¶Â§ß‰∫é100ÔºåÁõ¥Êé•ÈÄÄÂá∫ *///
 579   1              P_ucTempBuff = GA_uc7816CommBuffer+120;
 580   1              
 581   1              ///* Âèñ4Â≠óËäÇÈöèÊú∫Êï∞ÂêéË°•00000000 */// 
 582   1              LibPub_MemCopyBytes ( P_ucRand, &GA_ucDesTata[0], 8);
 583   1              if( C_ERR == LibPub_ReadDataFromE2prom(LIB_E2P_SecretKey, 0, &GA_ucDesKey[0]) )
 584   1              { return(C_ERR); }
 585   1       
 586   1              ///* ÂÖàÊääÊï∞ÊçÆÁºìÂ≠ò‰∏Ä‰∏ã *///
 587   1              LibPub_MemCopyBytes (P_ucData, P_ucTempBuff, V_ucLen);
 588   1              P_ucTempBuff[V_ucLen] = 0x80;   ///* Ë°•ÈΩêÊï∞ÊçÆ 8000....00*///
 589   1              LibPub_MemSetBytes ( P_ucTempBuff+V_ucLen+1, 0x00, 7 );
 590   1              j = (V_ucLen/8)+1;
 591   1              
 592   1              ///* D1‰∏éÂàùÂßãÂÄºÂºÇÊàñ‰∏Ä‰∏ã *///
 593   1              for ( k = 0; k < 8; k++ )
 594   1              {
 595   2                      GA_ucDesTata[k] ^= P_ucTempBuff[k];
 596   2              }  
 597   1              for ( i = 0; i < (j-1); i++ )
 598   1              {
 599   2                      ///* ‰ΩøÁî®5Âè∑ËøõË°åDESÂä†ÂØÜÁîüÊàêÂØÜÊñá *///
 600   2                      DES_DeOrEncryption (&GA_ucDesTata[0], &GA_ucDesKey[0], ENCRYPTION);
 601   2                      for ( k = 0; k < 8; k++ )
 602   2                      {
 603   3                              GA_ucDesTata[k] ^= P_ucTempBuff[(i+1)*8+k];     ///* ÂØÜÊñá‰∏éBLOCK2-BLOCKL ÂºÇÊàñ *///
 604   3                      }
C51 COMPILER V9.54   TRIPLEDES                                                             11/18/2021 18:51:20 PAGE 11  

 605   2              }
 606   1              
 607   1              ///* ÂÜç‰ΩøÁî®0Âè∑ÂØÜÈí•ÂØπÂºÇÊàñÂêéÁöÑÁªìÊûúËøõË°å‰∏ÄÊ¨°Âä†ÂØÜ,Âä†ÂØÜÁªìÊûúÁöÑÂ∑¶4Â≠óËäÇ‰Ωú‰∏∫MAC *///
 608   1              TripleDES_DeOrEncryption( C_KeyNum00, &GA_ucDesTata[0], ENCRYPTION);
 609   1       
 610   1              ///* Â¶ÇÊûúË¶ÅÊØîÂØπMACÔºåËøôÈáåÊØîÂØπ‰∏Ä‰∏ã *///
 611   1              if ( V_ucType==1 )
 612   1              {
 613   2                      if ( C_Equal == LibPub_CompareData ( &GA_ucDesTata[0], P_ucData+V_ucLen, 4,CMP_MODE_HIGHT) )
 614   2                      { return(C_OK);  }
 615   2                      else
 616   2                      { return(C_ERR); }
 617   2              }
 618   1              
 619   1              return(C_OK);
 620   1      }
 621          
 622          
C51 COMPILER V9.54   TRIPLEDES                                                             11/18/2021 18:51:20 PAGE 12  

NAME                                    CLASS   MSPACE  TYPE    OFFSET  SIZE
====                                    =====   ======  ====    ======  ====


uint16_t . . . . . . . . . . . . . . .  TYPEDEF  -----  U_INT    -----  2
IB_CON2. . . . . . . . . . . . . . . .  SFR      DATA   U_CHAR   00F3H  1
COMM_BLE_STAT. . . . . . . . . . . . .  E_CONST  -----  U_CHAR   -----  1
API_COMM_STATUS_OVERTIME . . . . . . .  E_CONST  -----  U_CHAR   -----  1
TB81 . . . . . . . . . . . . . . . . .  ABSBIT   -----  BIT      00DBH  1
P0 . . . . . . . . . . . . . . . . . .  SFR      DATA   U_CHAR   0080H  1
IB_CON3. . . . . . . . . . . . . . . .  SFR      DATA   U_CHAR   00F4H  1
FP64 . . . . . . . . . . . . . . . . .  TYPEDEF  -----  FLOAT    -----  4
TKCON. . . . . . . . . . . . . . . . .  SFR      DATA   U_CHAR   00A4H  1
P1 . . . . . . . . . . . . . . . . . .  SFR      DATA   U_CHAR   0090H  1
IB_CON4. . . . . . . . . . . . . . . .  SFR      DATA   U_CHAR   00F5H  1
PASLO. . . . . . . . . . . . . . . . .  SFR      DATA   U_CHAR   00E7H  1
GStr_ENERGYDEC_Type. . . . . . . . . .  TYPEDEF  -----  STRUCT   -----  26
  ucaFw_EnergyDec. . . . . . . . . . .  MEMBER   -----  ARRAY    0000H  13
  ucaBk_EnergyDec. . . . . . . . . . .  MEMBER   -----  ARRAY    000DH  13
P2 . . . . . . . . . . . . . . . . . .  SFR      DATA   U_CHAR   00A0H  1
OSCLO. . . . . . . . . . . . . . . . .  SFR      DATA   U_CHAR   00FEH  1
IB_CON5. . . . . . . . . . . . . . . .  SFR      DATA   U_CHAR   00F6H  1
_DES_F . . . . . . . . . . . . . . . .  PUBLIC   CODE   PROC     0000H  -----
  P_ucData . . . . . . . . . . . . . .  AUTO     XDATA  PTR      0000H  3
  P_Key. . . . . . . . . . . . . . . .  AUTO     XDATA  PTR      0003H  3
  i. . . . . . . . . . . . . . . . . .  AUTO     XDATA  U_CHAR   0006H  1
  V_ucTempData . . . . . . . . . . . .  AUTO     XDATA  ARRAY    0007H  8
  V_ucTempSData. . . . . . . . . . . .  AUTO     XDATA  ARRAY    000FH  4
GStr_EventRecordNum_Type . . . . . . .  TYPEDEF  -----  STRUCT   -----  26
  ucEventTimes . . . . . . . . . . . .  MEMBER   -----  ARRAY    0000H  24
  usCRC16. . . . . . . . . . . . . . .  MEMBER   -----  U_INT    0018H  2
GStr_FLAG_Type . . . . . . . . . . . .  TYPEDEF  -----  STRUCT   -----  16
  ucSystem . . . . . . . . . . . . . .  MEMBER   -----  U_CHAR   0000H  1
  ucMeterMode. . . . . . . . . . . . .  MEMBER   -----  U_CHAR   0001H  1
  ucPwOnState. . . . . . . . . . . . .  MEMBER   -----  U_CHAR   0002H  1
  ucRunState . . . . . . . . . . . . .  MEMBER   -----  U_CHAR   0003H  1
  usCRC16. . . . . . . . . . . . . . .  MEMBER   -----  U_INT    0004H  2
  ucRunState2. . . . . . . . . . . . .  MEMBER   -----  U_CHAR   0006H  1
  ucRunState1. . . . . . . . . . . . .  MEMBER   -----  U_CHAR   0007H  1
  ucRunState3. . . . . . . . . . . . .  MEMBER   -----  U_CHAR   0008H  1
  ucDisp . . . . . . . . . . . . . . .  MEMBER   -----  U_CHAR   0009H  1
  ucFactoryKey . . . . . . . . . . . .  MEMBER   -----  U_CHAR   000AH  1
  ucDispKey. . . . . . . . . . . . . .  MEMBER   -----  U_CHAR   000BH  1
  ucMoney. . . . . . . . . . . . . . .  MEMBER   -----  U_CHAR   000CH  1
  ucPowerOnFlag. . . . . . . . . . . .  MEMBER   -----  U_CHAR   000DH  1
  ucWrE2promSafeByte . . . . . . . . .  MEMBER   -----  U_CHAR   000EH  1
  ucBLESTATFlag. . . . . . . . . . . .  MEMBER   -----  U_CHAR   000FH  1
BOOLEAN. . . . . . . . . . . . . . . .  TYPEDEF  -----  U_CHAR   -----  1
SM1_RXOV . . . . . . . . . . . . . . .  ABSBIT   -----  BIT      009EH  1
P3 . . . . . . . . . . . . . . . . . .  SFR      DATA   U_CHAR   00B0H  1
AC . . . . . . . . . . . . . . . . . .  ABSBIT   -----  BIT      00D6H  1
P4 . . . . . . . . . . . . . . . . . .  SFR      DATA   U_CHAR   00C0H  1
GT_ucEBoxLocation. . . . . . . . . . .  PUBLIC   CODE   ARRAY    0110H  48
SPCON. . . . . . . . . . . . . . . . .  SFR      DATA   U_CHAR   00A1H  1
SBRTH. . . . . . . . . . . . . . . . .  SFR      DATA   U_CHAR   009CH  1
P5 . . . . . . . . . . . . . . . . . .  SFR      DATA   U_CHAR   00E9H  1
LIB_E2P_Price_BAK. . . . . . . . . . .  E_CONST  -----  U_CHAR   -----  1
EA . . . . . . . . . . . . . . . . . .  ABSBIT   -----  BIT      00AFH  1
P6 . . . . . . . . . . . . . . . . . .  SFR      DATA   U_CHAR   00EAH  1
GA_uc7816CommBuffer. . . . . . . . . .  PUBLIC   XDATA  ARRAY    0000H  250
LIB_E2P_Display_Table. . . . . . . . .  E_CONST  -----  U_CHAR   -----  1
C51 COMPILER V9.54   TRIPLEDES                                                             11/18/2021 18:51:20 PAGE 13  

NAME                                    CLASS   MSPACE  TYPE    OFFSET  SIZE
====                                    =====   ======  ====    ======  ====


GStr_DISPLAY_PARA_Type . . . . . . . .  TYPEDEF  -----  STRUCT   -----  129
  ucFullDisp_Time. . . . . . . . . . .  MEMBER   -----  U_CHAR   0000H  1
  ucDispDurTime. . . . . . . . . . . .  MEMBER   -----  U_CHAR   0001H  1
  ucAutoDispNum. . . . . . . . . . . .  MEMBER   -----  U_CHAR   0002H  1
  ucKeyDispNum . . . . . . . . . . . .  MEMBER   -----  U_CHAR   0003H  1
  usDisp_ParaCRC16 . . . . . . . . . .  MEMBER   -----  U_INT    0004H  2
  ucAutoDisptable. . . . . . . . . . .  MEMBER   -----  ARRAY    0006H  30
  ucKeyDisptable . . . . . . . . . . .  MEMBER   -----  ARRAY    0024H  30
  usDisp_tableCRC16. . . . . . . . . .  MEMBER   -----  U_INT    0042H  2
  ucBackLightTime. . . . . . . . . . .  MEMBER   -----  U_CHAR   0044H  1
  ucRelayLEDTime . . . . . . . . . . .  MEMBER   -----  U_CHAR   0045H  1
  ulDispUpdataTime . . . . . . . . . .  MEMBER   -----  U_LONG   0046H  4
  usDispCnt. . . . . . . . . . . . . .  MEMBER   -----  U_INT    004AH  2
  ulDisptimer. . . . . . . . . . . . .  MEMBER   -----  U_LONG   004CH  4
  ucKeydelaytimer. . . . . . . . . . .  MEMBER   -----  U_CHAR   0050H  1
  ucFirstKeyDisp . . . . . . . . . . .  MEMBER   -----  U_CHAR   0051H  1
  ucDisp_0_flag. . . . . . . . . . . .  MEMBER   -----  U_CHAR   0052H  1
  ucDisp_tongxin_Flag. . . . . . . . .  MEMBER   -----  U_CHAR   0053H  1
  ucDisp_tongxin_Time. . . . . . . . .  MEMBER   -----  U_LONG   0054H  4
  ucDispNum. . . . . . . . . . . . . .  MEMBER   -----  U_CHAR   0058H  1
  ucLCDDrvDispBuf. . . . . . . . . . .  MEMBER   -----  ARRAY    0059H  40
int32_t. . . . . . . . . . . . . . . .  TYPEDEF  -----  LONG     -----  4
P7 . . . . . . . . . . . . . . . . . .  SFR      DATA   U_CHAR   00EBH  1
IB_DATA. . . . . . . . . . . . . . . .  SFR      DATA   U_CHAR   00EFH  1
P8 . . . . . . . . . . . . . . . . . .  SFR      DATA   U_CHAR   00ECH  1
int16_t. . . . . . . . . . . . . . . .  TYPEDEF  -----  INT      -----  2
SBRTL. . . . . . . . . . . . . . . . .  SFR      DATA   U_CHAR   009DH  1
P9 . . . . . . . . . . . . . . . . . .  SFR      DATA   U_CHAR   00EDH  1
PBANKLO. . . . . . . . . . . . . . . .  SFR      DATA   U_CHAR   00B7H  1
GA_ucDesKey. . . . . . . . . . . . . .  PUBLIC   XDATA  ARRAY    00FAH  16
GStr_COUNTER_Type. . . . . . . . . . .  TYPEDEF  -----  STRUCT   -----  9
  ucFactoryMode_Cnt. . . . . . . . . .  MEMBER   -----  U_INT    0000H  2
  ucKeyRelayOn_Cnt . . . . . . . . . .  MEMBER   -----  U_INT    0002H  2
  ucRelayDelay_Cnt . . . . . . . . . .  MEMBER   -----  U_CHAR   0004H  1
  ucHoldMoney_Cnt. . . . . . . . . . .  MEMBER   -----  U_CHAR   0005H  1
  ucPasswordErr_Cnt. . . . . . . . . .  MEMBER   -----  ARRAY    0006H  3
SPSTA. . . . . . . . . . . . . . . . .  SFR      DATA   U_CHAR   00A2H  1
IEN0 . . . . . . . . . . . . . . . . .  SFR      DATA   U_CHAR   00A8H  1
PWRCON1. . . . . . . . . . . . . . . .  SFR      DATA   U_CHAR   00B3H  1
ulong32. . . . . . . . . . . . . . . .  TYPEDEF  -----  U_LONG   -----  4
EMUSR. . . . . . . . . . . . . . . . .  SFR      DATA   U_CHAR   0095H  1
IEN1 . . . . . . . . . . . . . . . . .  SFR      DATA   U_CHAR   00A9H  1
PWRCON2. . . . . . . . . . . . . . . .  SFR      DATA   U_CHAR   00B4H  1
DPH1 . . . . . . . . . . . . . . . . .  SFR      DATA   U_CHAR   0085H  1
GT_ucPBoxLocation. . . . . . . . . . .  PUBLIC   CODE   ARRAY    0160H  32
P0_0 . . . . . . . . . . . . . . . . .  ABSBIT   -----  BIT      0080H  1
ushort16 . . . . . . . . . . . . . . .  TYPEDEF  -----  U_INT    -----  2
P1_0 . . . . . . . . . . . . . . . . .  ABSBIT   -----  BIT      0090H  1
P0_1 . . . . . . . . . . . . . . . . .  ABSBIT   -----  BIT      0081H  1
ADCH . . . . . . . . . . . . . . . . .  SFR      DATA   U_CHAR   00C3H  1
BLE_DRV_OPERATION_INDEX. . . . . . . .  TYPEDEF  -----  U_CHAR   -----  1
LIB_E2P_SOFTI_J. . . . . . . . . . . .  E_CONST  -----  U_CHAR   -----  1
P2_0 . . . . . . . . . . . . . . . . .  ABSBIT   -----  BIT      00A0H  1
P1_1 . . . . . . . . . . . . . . . . .  ABSBIT   -----  BIT      0091H  1
P0_2 . . . . . . . . . . . . . . . . .  ABSBIT   -----  BIT      0082H  1
IPH0 . . . . . . . . . . . . . . . . .  SFR      DATA   U_CHAR   00BAH  1
DPL1 . . . . . . . . . . . . . . . . .  SFR      DATA   U_CHAR   0084H  1
C51 COMPILER V9.54   TRIPLEDES                                                             11/18/2021 18:51:20 PAGE 14  

NAME                                    CLASS   MSPACE  TYPE    OFFSET  SIZE
====                                    =====   ======  ====    ======  ====


size_t . . . . . . . . . . . . . . . .  TYPEDEF  -----  U_INT    -----  2
LIB_E2P_FUN_CONFIG_BAK . . . . . . . .  E_CONST  -----  U_CHAR   -----  1
GStr_MONITOR_Tpye. . . . . . . . . . .  TYPEDEF  -----  STRUCT   -----  59
  ulTimer_ms . . . . . . . . . . . . .  MEMBER   -----  U_LONG   0000H  4
  ulTimer_ms_old . . . . . . . . . . .  MEMBER   -----  U_LONG   0004H  4
  ulTimerClrWDT. . . . . . . . . . . .  MEMBER   -----  U_LONG   0008H  4
  ulTimerMin . . . . . . . . . . . . .  MEMBER   -----  U_LONG   000CH  4
  ulTimer5ms . . . . . . . . . . . . .  MEMBER   -----  U_LONG   0010H  4
  ucPowerOnTimer . . . . . . . . . . .  MEMBER   -----  U_CHAR   0014H  1
  ulTimers . . . . . . . . . . . . . .  MEMBER   -----  U_LONG   0015H  4
  ulUpDateUIPTime. . . . . . . . . . .  MEMBER   -----  U_LONG   0019H  4
  ulSoftI_JTime. . . . . . . . . . . .  MEMBER   -----  U_LONG   001DH  4
  usSoftI_JTimeCRC16 . . . . . . . . .  MEMBER   -----  U_INT    0021H  2
  usPasswordErrTime. . . . . . . . . .  MEMBER   -----  ARRAY    0023H  8
  ucCommSymbolTime . . . . . . . . . .  MEMBER   -----  U_CHAR   002BH  1
  ucPowerLimitNum. . . . . . . . . . .  MEMBER   -----  U_CHAR   002CH  1
  ulOverDemandCloseTime. . . . . . . .  MEMBER   -----  U_LONG   002DH  4
  ulProgEventDelayTime . . . . . . . .  MEMBER   -----  U_LONG   0031H  4
  ulReadRandom2DelayTime . . . . . . .  MEMBER   -----  U_LONG   0035H  4
  ucBleAdvCnt. . . . . . . . . . . . .  MEMBER   -----  U_CHAR   0039H  1
  ucBleConnectCnt. . . . . . . . . . .  MEMBER   -----  U_CHAR   003AH  1
P3_0 . . . . . . . . . . . . . . . . .  ABSBIT   -----  BIT      00B0H  1
P2_1 . . . . . . . . . . . . . . . . .  ABSBIT   -----  BIT      00A1H  1
P1_2 . . . . . . . . . . . . . . . . .  ABSBIT   -----  BIT      0092H  1
P0_3 . . . . . . . . . . . . . . . . .  ABSBIT   -----  BIT      0083H  1
IPH1 . . . . . . . . . . . . . . . . .  SFR      DATA   U_CHAR   00BBH  1
COMM_BLE_MAC . . . . . . . . . . . . .  E_CONST  -----  U_CHAR   -----  1
P4_0 . . . . . . . . . . . . . . . . .  ABSBIT   -----  BIT      00C0H  1
P3_1 . . . . . . . . . . . . . . . . .  ABSBIT   -----  BIT      00B1H  1
P2_2 . . . . . . . . . . . . . . . . .  ABSBIT   -----  BIT      00A2H  1
P1_3 . . . . . . . . . . . . . . . . .  ABSBIT   -----  BIT      0093H  1
P0_4 . . . . . . . . . . . . . . . . .  ABSBIT   -----  BIT      0084H  1
EXF0 . . . . . . . . . . . . . . . . .  SFR      DATA   U_CHAR   00E8H  1
_DES_ReplaceMent . . . . . . . . . . .  PUBLIC   CODE   PROC     0000H  -----
  P_ucSData. . . . . . . . . . . . . .  * REG *  DATA   PTR      0001H  3
  V_ucRepMode. . . . . . . . . . . . .  AUTO     XDATA  U_CHAR   0000H  1
  V_ucCnti . . . . . . . . . . . . . .  * REG *  DATA   U_CHAR   0006H  1
  V_ucDesRepbit. . . . . . . . . . . .  * REG *  DATA   U_CHAR   0007H  1
P4_1 . . . . . . . . . . . . . . . . .  ABSBIT   -----  BIT      00C1H  1
P3_2 . . . . . . . . . . . . . . . . .  ABSBIT   -----  BIT      00B2H  1
P2_3 . . . . . . . . . . . . . . . . .  ABSBIT   -----  BIT      00A3H  1
P1_4 . . . . . . . . . . . . . . . . .  ABSBIT   -----  BIT      0094H  1
P0_5 . . . . . . . . . . . . . . . . .  ABSBIT   -----  BIT      0085H  1
P4_2 . . . . . . . . . . . . . . . . .  ABSBIT   -----  BIT      00C2H  1
P3_3 . . . . . . . . . . . . . . . . .  ABSBIT   -----  BIT      00B3H  1
P2_4 . . . . . . . . . . . . . . . . .  ABSBIT   -----  BIT      00A4H  1
P1_5 . . . . . . . . . . . . . . . . .  ABSBIT   -----  BIT      0095H  1
P0_6 . . . . . . . . . . . . . . . . .  ABSBIT   -----  BIT      0086H  1
EXF2 . . . . . . . . . . . . . . . . .  ABSBIT   -----  BIT      00CEH  1
TKF0 . . . . . . . . . . . . . . . . .  SFR      DATA   U_CHAR   00A6H  1
IPL0 . . . . . . . . . . . . . . . . .  SFR      DATA   U_CHAR   00B8H  1
LIB_E2P_ENRGY_BAK. . . . . . . . . . .  E_CONST  -----  U_CHAR   -----  1
P4_3 . . . . . . . . . . . . . . . . .  ABSBIT   -----  BIT      00C3H  1
P3_4 . . . . . . . . . . . . . . . . .  ABSBIT   -----  BIT      00B4H  1
P2_5 . . . . . . . . . . . . . . . . .  ABSBIT   -----  BIT      00A5H  1
P1_6 . . . . . . . . . . . . . . . . .  ABSBIT   -----  BIT      0096H  1
P0_7 . . . . . . . . . . . . . . . . .  ABSBIT   -----  BIT      0087H  1
C51 COMPILER V9.54   TRIPLEDES                                                             11/18/2021 18:51:20 PAGE 15  

NAME                                    CLASS   MSPACE  TYPE    OFFSET  SIZE
====                                    =====   ======  ====    ======  ====


REN1 . . . . . . . . . . . . . . . . .  ABSBIT   -----  BIT      00DCH  1
IPL1 . . . . . . . . . . . . . . . . .  SFR      DATA   U_CHAR   00B9H  1
LIB_E2P_EventNum . . . . . . . . . . .  E_CONST  -----  U_CHAR   -----  1
long32 . . . . . . . . . . . . . . . .  TYPEDEF  -----  LONG     -----  4
P4_4 . . . . . . . . . . . . . . . . .  ABSBIT   -----  BIT      00C4H  1
P3_5 . . . . . . . . . . . . . . . . .  ABSBIT   -----  BIT      00B5H  1
P2_6 . . . . . . . . . . . . . . . . .  ABSBIT   -----  BIT      00A6H  1
P1_7 . . . . . . . . . . . . . . . . .  ABSBIT   -----  BIT      0097H  1
TK0H . . . . . . . . . . . . . . . . .  SFR      DATA   U_CHAR   00E2H  1
SUSLO. . . . . . . . . . . . . . . . .  SFR      DATA   U_CHAR   008EH  1
P4_5 . . . . . . . . . . . . . . . . .  ABSBIT   -----  BIT      00C5H  1
P3_6 . . . . . . . . . . . . . . . . .  ABSBIT   -----  BIT      00B6H  1
P2_7 . . . . . . . . . . . . . . . . .  ABSBIT   -----  BIT      00A7H  1
TK1H . . . . . . . . . . . . . . . . .  SFR      DATA   U_CHAR   00E4H  1
P4_6 . . . . . . . . . . . . . . . . .  ABSBIT   -----  BIT      00C6H  1
P3_7 . . . . . . . . . . . . . . . . .  ABSBIT   -----  BIT      00B7H  1
TK2H . . . . . . . . . . . . . . . . .  SFR      DATA   U_CHAR   00E6H  1
LIB_E2P_Money_BAK. . . . . . . . . . .  E_CONST  -----  U_CHAR   -----  1
short16. . . . . . . . . . . . . . . .  TYPEDEF  -----  INT      -----  2
P4_7 . . . . . . . . . . . . . . . . .  ABSBIT   -----  BIT      00C7H  1
RI . . . . . . . . . . . . . . . . . .  ABSBIT   -----  BIT      0098H  1
E7816. . . . . . . . . . . . . . . . .  ABSBIT   -----  BIT      00AAH  1
CY . . . . . . . . . . . . . . . . . .  ABSBIT   -----  BIT      00D7H  1
TK0L . . . . . . . . . . . . . . . . .  SFR      DATA   U_CHAR   00E1H  1
API_COMM_STATUS_ERROR. . . . . . . . .  E_CONST  -----  U_CHAR   -----  1
TI . . . . . . . . . . . . . . . . . .  ABSBIT   -----  BIT      0099H  1
EADR . . . . . . . . . . . . . . . . .  SFR      DATA   U_CHAR   0091H  1
TK1L . . . . . . . . . . . . . . . . .  SFR      DATA   U_CHAR   00E3H  1
TK2L . . . . . . . . . . . . . . . . .  SFR      DATA   U_CHAR   00E5H  1
SADEN1 . . . . . . . . . . . . . . . .  SFR      DATA   U_CHAR   00DBH  1
SM10_FE1 . . . . . . . . . . . . . . .  ABSBIT   -----  BIT      00DFH  1
SADEN2 . . . . . . . . . . . . . . . .  SFR      DATA   U_CHAR   00FBH  1
LIB_E2P_EMU_CALPARA. . . . . . . . . .  E_CONST  -----  U_CHAR   -----  1
GStr_ENERGY_PULSE_Type . . . . . . . .  TYPEDEF  -----  STRUCT   -----  8
  ucPulseAdd . . . . . . . . . . . . .  MEMBER   -----  U_CHAR   0000H  1
  ucPulseAddBusy . . . . . . . . . . .  MEMBER   -----  U_CHAR   0001H  1
  ucPulseStatu . . . . . . . . . . . .  MEMBER   -----  U_CHAR   0002H  1
  ucPulseDecimal . . . . . . . . . . .  MEMBER   -----  U_CHAR   0003H  1
  ucPulseDecSavePtr. . . . . . . . . .  MEMBER   -----  U_CHAR   0004H  1
  ucPulseDecSaveNoFF . . . . . . . . .  MEMBER   -----  U_CHAR   0005H  1
  ucaPulseRemain . . . . . . . . . . .  MEMBER   -----  ARRAY    0006H  2
PS0L . . . . . . . . . . . . . . . . .  ABSBIT   -----  BIT      00BCH  1
PT0L . . . . . . . . . . . . . . . . .  ABSBIT   -----  BIT      00B9H  1
SADDR1 . . . . . . . . . . . . . . . .  SFR      DATA   U_CHAR   00DAH  1
LIB_E2P_INDEX_MAX. . . . . . . . . . .  E_CONST  -----  U_CHAR   -----  1
LIB_E2P_Display_Para . . . . . . . . .  E_CONST  -----  U_CHAR   -----  1
SM12_TXCOL1. . . . . . . . . . . . . .  ABSBIT   -----  BIT      00DDH  1
PT1L . . . . . . . . . . . . . . . . .  ABSBIT   -----  BIT      00BBH  1
SADDR2 . . . . . . . . . . . . . . . .  SFR      DATA   U_CHAR   00FAH  1
RCAP2H . . . . . . . . . . . . . . . .  SFR      DATA   U_CHAR   00CBH  1
COMM_BLE_MOD . . . . . . . . . . . . .  E_CONST  -----  U_CHAR   -----  1
PT2L . . . . . . . . . . . . . . . . .  ABSBIT   -----  BIT      00BDH  1
SP . . . . . . . . . . . . . . . . . .  SFR      DATA   U_CHAR   0081H  1
INT32S . . . . . . . . . . . . . . . .  TYPEDEF  -----  LONG     -----  4
OV . . . . . . . . . . . . . . . . . .  ABSBIT   -----  BIT      00D2H  1
LIB_E2P_EventNumPiont. . . . . . . . .  E_CONST  -----  U_CHAR   -----  1
GStr_METER_IFO_Type. . . . . . . . . .  TYPEDEF  -----  STRUCT   -----  27
C51 COMPILER V9.54   TRIPLEDES                                                             11/18/2021 18:51:20 PAGE 16  

NAME                                    CLASS   MSPACE  TYPE    OFFSET  SIZE
====                                    =====   ======  ====    ======  ====


  ucaCommAddr. . . . . . . . . . . . .  MEMBER   -----  ARRAY    0000H  6
  ucaMeterID . . . . . . . . . . . . .  MEMBER   -----  ARRAY    0006H  6
  ucaUserID. . . . . . . . . . . . . .  MEMBER   -----  ARRAY    000CH  6
  ucVoltageTrans . . . . . . . . . . .  MEMBER   -----  ARRAY    0012H  3
  ucCurrentTrans . . . . . . . . . . .  MEMBER   -----  ARRAY    0015H  3
  ucBpsVal . . . . . . . . . . . . . .  MEMBER   -----  U_CHAR   0018H  1
  usCRC16. . . . . . . . . . . . . . .  MEMBER   -----  U_INT    0019H  2
RCAP2L . . . . . . . . . . . . . . . .  SFR      DATA   U_CHAR   00CAH  1
INT32U . . . . . . . . . . . . . . . .  TYPEDEF  -----  U_LONG   -----  4
INT16S . . . . . . . . . . . . . . . .  TYPEDEF  -----  INT      -----  2
INT16U . . . . . . . . . . . . . . . .  TYPEDEF  -----  U_INT    -----  2
PX4L . . . . . . . . . . . . . . . . .  ABSBIT   -----  BIT      00B8H  1
C_T2 . . . . . . . . . . . . . . . . .  ABSBIT   -----  BIT      00C9H  1
SFINE2 . . . . . . . . . . . . . . . .  SFR      DATA   U_CHAR   00DEH  1
GStr_BLE_GROUP_Type. . . . . . . . . .  TYPEDEF  -----  STRUCT   -----  26
  ucBleMAC . . . . . . . . . . . . . .  MEMBER   -----  ARRAY    0000H  6
  ucBleName. . . . . . . . . . . . . .  MEMBER   -----  ARRAY    0006H  12
  ucBleKey . . . . . . . . . . . . . .  MEMBER   -----  ARRAY    0012H  3
  usAdvTime. . . . . . . . . . . . . .  MEMBER   -----  U_INT    0015H  2
  ucBleTPL . . . . . . . . . . . . . .  MEMBER   -----  U_CHAR   0017H  1
  usCRC16. . . . . . . . . . . . . . .  MEMBER   -----  U_INT    0018H  2
COMM_BLE_MFV . . . . . . . . . . . . .  E_CONST  -----  U_CHAR   -----  1
GStr_EventNumPiont_Type. . . . . . . .  TYPEDEF  -----  STRUCT   -----  8
  uc_Num . . . . . . . . . . . . . . .  MEMBER   -----  ARRAY    0000H  6
  usCRC16. . . . . . . . . . . . . . .  MEMBER   -----  U_INT    0006H  2
_Data_MAC. . . . . . . . . . . . . . .  PUBLIC   CODE   PROC     0000H  -----
  P_ucData . . . . . . . . . . . . . .  AUTO     XDATA  PTR      0000H  3
  V_ucLen. . . . . . . . . . . . . . .  AUTO     XDATA  U_CHAR   0003H  1
  P_ucRand . . . . . . . . . . . . . .  AUTO     XDATA  PTR      0004H  3
  V_ucType . . . . . . . . . . . . . .  AUTO     XDATA  U_CHAR   0007H  1
  i. . . . . . . . . . . . . . . . . .  AUTO     XDATA  U_CHAR   0008H  1
  j. . . . . . . . . . . . . . . . . .  AUTO     XDATA  U_CHAR   0009H  1
  k. . . . . . . . . . . . . . . . . .  * REG *  DATA   U_CHAR   0005H  1
  P_ucTempBuff . . . . . . . . . . . .  AUTO     XDATA  PTR      000AH  3
IRCON1 . . . . . . . . . . . . . . . .  SFR      DATA   U_CHAR   00ADH  1
IRCON2 . . . . . . . . . . . . . . . .  SFR      DATA   U_CHAR   00AFH  1
GStr_Comm_MAP. . . . . . . . . . . . .  TYPEDEF  -----  STRUCT   -----  14
  ucaDataId. . . . . . . . . . . . . .  MEMBER   -----  U_LONG   0000H  4
  ucaRamAdd. . . . . . . . . . . . . .  MEMBER   -----  PTR      0004H  3
  IsWrite. . . . . . . . . . . . . . .  MEMBER   -----  U_CHAR   0007H  1
  ucaE2pIndex. . . . . . . . . . . . .  MEMBER   -----  U_INT    0008H  2
  ucaE2offset. . . . . . . . . . . . .  MEMBER   -----  U_CHAR   000AH  1
  ucaDataLen . . . . . . . . . . . . .  MEMBER   -----  U_CHAR   000BH  1
  IsBCD. . . . . . . . . . . . . . . .  MEMBER   -----  U_CHAR   000CH  1
  EEIsHEX. . . . . . . . . . . . . . .  MEMBER   -----  U_CHAR   000DH  1
API_COMM_STATUS_IDLE . . . . . . . . .  E_CONST  -----  U_CHAR   -----  1
EXCON1 . . . . . . . . . . . . . . . .  SFR      DATA   U_CHAR   00ABH  1
SBUF . . . . . . . . . . . . . . . . .  SFR      DATA   U_CHAR   0099H  1
EXCON2 . . . . . . . . . . . . . . . .  SFR      DATA   U_CHAR   00ACH  1
PCON . . . . . . . . . . . . . . . . .  SFR      DATA   U_CHAR   0087H  1
B32_B08. . . . . . . . . . . . . . . .  * TAG *  -----  UNION    -----  4
  B08. . . . . . . . . . . . . . . . .  MEMBER   -----  ARRAY    0000H  4
  B16. . . . . . . . . . . . . . . . .  MEMBER   -----  ARRAY    0000H  4
  B32. . . . . . . . . . . . . . . . .  MEMBER   -----  U_LONG   0000H  4
AUXC . . . . . . . . . . . . . . . . .  SFR      DATA   U_CHAR   00F1H  1
COMM_BLE_TPL . . . . . . . . . . . . .  E_CONST  -----  U_CHAR   -----  1
GStr_UART_COMM_Type. . . . . . . . . .  TYPEDEF  -----  STRUCT   -----  423
C51 COMPILER V9.54   TRIPLEDES                                                             11/18/2021 18:51:20 PAGE 17  

NAME                                    CLASS   MSPACE  TYPE    OFFSET  SIZE
====                                    =====   ======  ====    ======  ====


  ucCommChStatus . . . . . . . . . . .  MEMBER   -----  U_CHAR   0000H  1
  ucCommRevStep. . . . . . . . . . . .  MEMBER   -----  U_CHAR   0001H  1
  ucCommRevLen . . . . . . . . . . . .  MEMBER   -----  U_CHAR   0002H  1
  ucCommSndLen . . . . . . . . . . . .  MEMBER   -----  U_CHAR   0003H  1
  ucCommSndCnt . . . . . . . . . . . .  MEMBER   -----  U_CHAR   0004H  1
  ucCommAddrType . . . . . . . . . . .  MEMBER   -----  U_CHAR   0005H  1
  ucCommError. . . . . . . . . . . . .  MEMBER   -----  U_CHAR   0006H  1
  ulCommTimeInit . . . . . . . . . . .  MEMBER   -----  U_LONG   0007H  4
  ulCommRcvByteOverTime. . . . . . . .  MEMBER   -----  U_LONG   000BH  4
  ulCommSndByteOverTime. . . . . . . .  MEMBER   -----  U_LONG   000FH  4
  ulCommRspOverTime. . . . . . . . . .  MEMBER   -----  U_LONG   0013H  4
  ucaCommRXBuff. . . . . . . . . . . .  MEMBER   -----  ARRAY    0017H  200
  ucaCommTXBuff. . . . . . . . . . . .  MEMBER   -----  ARRAY    00DFH  200
GStr_ENERGY_Type . . . . . . . . . . .  TYPEDEF  -----  STRUCT   -----  10
  ucaFw_Energy . . . . . . . . . . . .  MEMBER   -----  ARRAY    0000H  4
  ucaBk_Energy . . . . . . . . . . . .  MEMBER   -----  ARRAY    0004H  4
  usCRC16. . . . . . . . . . . . . . .  MEMBER   -----  U_INT    0008H  2
GU_B32_B08_Type. . . . . . . . . . . .  TYPEDEF  -----  UNION    -----  4
  B08. . . . . . . . . . . . . . . . .  MEMBER   -----  ARRAY    0000H  4
  B16. . . . . . . . . . . . . . . . .  MEMBER   -----  ARRAY    0000H  4
  B32. . . . . . . . . . . . . . . . .  MEMBER   -----  U_LONG   0000H  4
SCON . . . . . . . . . . . . . . . . .  SFR      DATA   U_CHAR   0098H  1
TK0BASEH . . . . . . . . . . . . . . .  SFR      DATA   U_CHAR   00D4H  1
TMOD . . . . . . . . . . . . . . . . .  SFR      DATA   U_CHAR   0089H  1
TCON . . . . . . . . . . . . . . . . .  SFR      DATA   U_CHAR   0088H  1
IENX . . . . . . . . . . . . . . . . .  SFR      DATA   U_CHAR   00AAH  1
IB_OFFSET. . . . . . . . . . . . . . .  SFR      DATA   U_CHAR   00EEH  1
TK1BASEH . . . . . . . . . . . . . . .  SFR      DATA   U_CHAR   00D6H  1
SBRT1H . . . . . . . . . . . . . . . .  SFR      DATA   U_CHAR   00DCH  1
TK2BASEH . . . . . . . . . . . . . . .  SFR      DATA   U_CHAR   00DFH  1
SBRT2H . . . . . . . . . . . . . . . .  SFR      DATA   U_CHAR   00FCH  1
RSTSTAT. . . . . . . . . . . . . . . .  SFR      DATA   U_CHAR   00B1H  1
GT_ucPC_1Location. . . . . . . . . . .  PUBLIC   CODE   ARRAY    0000H  56
LIB_E2P_Password . . . . . . . . . . .  E_CONST  -----  U_CHAR   -----  1
TK0BASEL . . . . . . . . . . . . . . .  SFR      DATA   U_CHAR   00D3H  1
GT_ucPC_2Location. . . . . . . . . . .  PUBLIC   CODE   ARRAY    0070H  48
LIB_E2P_BLE_PARA . . . . . . . . . . .  E_CONST  -----  U_CHAR   -----  1
LIB_E2P_RUN_STATE. . . . . . . . . . .  E_CONST  -----  U_CHAR   -----  1
TK1BASEL . . . . . . . . . . . . . . .  SFR      DATA   U_CHAR   00D5H  1
SBRT1L . . . . . . . . . . . . . . . .  SFR      DATA   U_CHAR   00DDH  1
COMM_BLE_TTP . . . . . . . . . . . . .  E_CONST  -----  U_CHAR   -----  1
EMU_EPADR_Type . . . . . . . . . . . .  TYPEDEF  -----  STRUCT   -----  5
  ucEmuAddr. . . . . . . . . . . . . .  MEMBER   -----  U_CHAR   0000H  1
  ulEmuRegData . . . . . . . . . . . .  MEMBER   -----  U_LONG   0001H  4
TK2BASEL . . . . . . . . . . . . . . .  SFR      DATA   U_CHAR   00D7H  1
SBRT2L . . . . . . . . . . . . . . . .  SFR      DATA   U_CHAR   00FDH  1
API_COMM_STATUS_SEND . . . . . . . . .  E_CONST  -----  U_CHAR   -----  1
SM0_FE . . . . . . . . . . . . . . . .  ABSBIT   -----  BIT      009FH  1
CLKCON . . . . . . . . . . . . . . . .  SFR      DATA   U_CHAR   00B2H  1
API_COMM_STATUS_RECV_OK. . . . . . . .  E_CONST  -----  U_CHAR   -----  1
_DES_CycLRShifting . . . . . . . . . .  PUBLIC   CODE   PROC     0000H  -----
  P_ucData . . . . . . . . . . . . . .  AUTO     XDATA  PTR      0000H  3
  V_ucMode . . . . . . . . . . . . . .  AUTO     XDATA  U_CHAR   0003H  1
  V_unTemp32 . . . . . . . . . . . . .  AUTO     XDATA  ARRAY    0004H  8
SM2_TXCOL. . . . . . . . . . . . . . .  ABSBIT   -----  BIT      009DH  1
LDOCON . . . . . . . . . . . . . . . .  SFR      DATA   U_CHAR   00B5H  1
B. . . . . . . . . . . . . . . . . . .  SFR      DATA   U_CHAR   00F0H  1
C51 COMPILER V9.54   TRIPLEDES                                                             11/18/2021 18:51:20 PAGE 18  

NAME                                    CLASS   MSPACE  TYPE    OFFSET  SIZE
====                                    =====   ======  ====    ======  ====


GT_ucShiftTable. . . . . . . . . . . .  PUBLIC   CODE   ARRAY    00D0H  16
API_COMM_STATUS_RECV . . . . . . . . .  E_CONST  -----  U_CHAR   -----  1
EMU_CALPARA_Type . . . . . . . . . . .  TYPEDEF  -----  STRUCT   -----  22
  ulaCalPara . . . . . . . . . . . . .  MEMBER   -----  ARRAY    0000H  20
  usCRC16. . . . . . . . . . . . . . .  MEMBER   -----  U_INT    0014H  2
_DES_Transposition . . . . . . . . . .  PUBLIC   CODE   PROC     0000H  -----
  P_ucSorceData. . . . . . . . . . . .  AUTO     XDATA  PTR      0000H  3
  P_ucLocattion. . . . . . . . . . . .  AUTO     XDATA  PTR      0003H  3
  P_ucValue. . . . . . . . . . . . . .  AUTO     XDATA  PTR      0006H  3
  V_ucOutLen . . . . . . . . . . . . .  AUTO     XDATA  U_CHAR   0009H  1
  i. . . . . . . . . . . . . . . . . .  AUTO     XDATA  U_CHAR   000AH  1
  V_ucTemp . . . . . . . . . . . . . .  AUTO     XDATA  ARRAY    000BH  8
CP_RL2 . . . . . . . . . . . . . . . .  ABSBIT   -----  BIT      00C8H  1
LIB_E2P_EMU_UIPKms . . . . . . . . . .  E_CONST  -----  U_CHAR   -----  1
GT_ucEBoxValue . . . . . . . . . . . .  PUBLIC   CODE   ARRAY    00E0H  48
GStr_UIP_GROUP_Type. . . . . . . . . .  TYPEDEF  -----  STRUCT   -----  68
  ulVoltage. . . . . . . . . . . . . .  MEMBER   -----  ARRAY    0000H  16
  ulCurrent. . . . . . . . . . . . . .  MEMBER   -----  ARRAY    0010H  16
  ulPower. . . . . . . . . . . . . . .  MEMBER   -----  ARRAY    0020H  16
  ulFactory. . . . . . . . . . . . . .  MEMBER   -----  ARRAY    0030H  16
  ulFrequency. . . . . . . . . . . . .  MEMBER   -----  U_LONG   0040H  4
ENUM_API_COMM_STATUS . . . . . . . . .  TYPEDEF  -----  U_CHAR   -----  1
ACC. . . . . . . . . . . . . . . . . .  SFR      DATA   U_CHAR   00E0H  1
ES0. . . . . . . . . . . . . . . . . .  ABSBIT   -----  BIT      00ACH  1
ET0. . . . . . . . . . . . . . . . . .  ABSBIT   -----  BIT      00A9H  1
ET1. . . . . . . . . . . . . . . . . .  ABSBIT   -----  BIT      00ABH  1
TF0. . . . . . . . . . . . . . . . . .  ABSBIT   -----  BIT      008DH  1
ET2. . . . . . . . . . . . . . . . . .  ABSBIT   -----  BIT      00ADH  1
TF1. . . . . . . . . . . . . . . . . .  ABSBIT   -----  BIT      008FH  1
RI1. . . . . . . . . . . . . . . . . .  ABSBIT   -----  BIT      00D8H  1
RB8. . . . . . . . . . . . . . . . . .  ABSBIT   -----  BIT      009AH  1
TF2. . . . . . . . . . . . . . . . . .  ABSBIT   -----  BIT      00CFH  1
TH0. . . . . . . . . . . . . . . . . .  SFR      DATA   U_CHAR   008CH  1
INSCON . . . . . . . . . . . . . . . .  SFR      DATA   U_CHAR   0086H  1
TH1. . . . . . . . . . . . . . . . . .  SFR      DATA   U_CHAR   008DH  1
uchar8 . . . . . . . . . . . . . . . .  TYPEDEF  -----  U_CHAR   -----  1
TI1. . . . . . . . . . . . . . . . . .  ABSBIT   -----  BIT      00D9H  1
TB8. . . . . . . . . . . . . . . . . .  ABSBIT   -----  BIT      009BH  1
TH2. . . . . . . . . . . . . . . . . .  SFR      DATA   U_CHAR   00CDH  1
LIB_E2P_EMU_CALPARA_BAK. . . . . . . .  E_CONST  -----  U_CHAR   -----  1
uint8_t. . . . . . . . . . . . . . . .  TYPEDEF  -----  U_CHAR   -----  1
P. . . . . . . . . . . . . . . . . . .  ABSBIT   -----  BIT      00D0H  1
GStr_UIP_DISPLAY_Type. . . . . . . . .  TYPEDEF  -----  STRUCT   -----  135
  ucVoltage. . . . . . . . . . . . . .  MEMBER   -----  ARRAY    0000H  4
  ucVoltageA . . . . . . . . . . . . .  MEMBER   -----  ARRAY    0004H  4
  ucVoltageB . . . . . . . . . . . . .  MEMBER   -----  ARRAY    0008H  4
  ucVoltageC . . . . . . . . . . . . .  MEMBER   -----  ARRAY    000CH  4
  ucCOMMVoltage. . . . . . . . . . . .  MEMBER   -----  ARRAY    0010H  4
  ucCOMMVoltageA . . . . . . . . . . .  MEMBER   -----  ARRAY    0014H  4
  ucCOMMVoltageB . . . . . . . . . . .  MEMBER   -----  ARRAY    0018H  4
  ucCOMMVoltageC . . . . . . . . . . .  MEMBER   -----  ARRAY    001CH  4
  ucCurrent. . . . . . . . . . . . . .  MEMBER   -----  ARRAY    0020H  4
  ucCurrentA . . . . . . . . . . . . .  MEMBER   -----  ARRAY    0024H  4
  ucCurrentB . . . . . . . . . . . . .  MEMBER   -----  ARRAY    0028H  4
  ucCurrentC . . . . . . . . . . . . .  MEMBER   -----  ARRAY    002CH  4
  ucCOMMCurrent. . . . . . . . . . . .  MEMBER   -----  ARRAY    0030H  4
  ucCOMMCurrentA . . . . . . . . . . .  MEMBER   -----  ARRAY    0034H  4
C51 COMPILER V9.54   TRIPLEDES                                                             11/18/2021 18:51:20 PAGE 19  

NAME                                    CLASS   MSPACE  TYPE    OFFSET  SIZE
====                                    =====   ======  ====    ======  ====


  ucCOMMCurrentB . . . . . . . . . . .  MEMBER   -----  ARRAY    0038H  4
  ucCOMMCurrentC . . . . . . . . . . .  MEMBER   -----  ARRAY    003CH  4
  ucPower. . . . . . . . . . . . . . .  MEMBER   -----  ARRAY    0040H  4
  ucPowerA . . . . . . . . . . . . . .  MEMBER   -----  ARRAY    0044H  4
  ucPowerB . . . . . . . . . . . . . .  MEMBER   -----  ARRAY    0048H  4
  ucPowerC . . . . . . . . . . . . . .  MEMBER   -----  ARRAY    004CH  4
  ucCOMMPower. . . . . . . . . . . . .  MEMBER   -----  ARRAY    0050H  4
  ucCOMMPowerA . . . . . . . . . . . .  MEMBER   -----  ARRAY    0054H  4
  ucCOMMPowerB . . . . . . . . . . . .  MEMBER   -----  ARRAY    0058H  4
  ucCOMMPowerC . . . . . . . . . . . .  MEMBER   -----  ARRAY    005CH  4
  ucFactory. . . . . . . . . . . . . .  MEMBER   -----  ARRAY    0060H  4
  ucFactoryA . . . . . . . . . . . . .  MEMBER   -----  ARRAY    0064H  4
  ucFactoryB . . . . . . . . . . . . .  MEMBER   -----  ARRAY    0068H  4
  ucFactoryC . . . . . . . . . . . . .  MEMBER   -----  ARRAY    006CH  4
  ucCOMMFactory. . . . . . . . . . . .  MEMBER   -----  ARRAY    0070H  4
  ucCOMMFactoryA . . . . . . . . . . .  MEMBER   -----  ARRAY    0074H  4
  ucCOMMFactoryB . . . . . . . . . . .  MEMBER   -----  ARRAY    0078H  4
  ucCOMMFactoryC . . . . . . . . . . .  MEMBER   -----  ARRAY    007CH  4
  ucFrequency. . . . . . . . . . . . .  MEMBER   -----  ARRAY    0080H  4
  ucMeterConst . . . . . . . . . . . .  MEMBER   -----  ARRAY    0084H  3
TL0. . . . . . . . . . . . . . . . . .  SFR      DATA   U_CHAR   008AH  1
GT_ucPBoxValue . . . . . . . . . . . .  PUBLIC   CODE   ARRAY    0140H  32
_TripleDES_DeOrEncryption. . . . . . .  PUBLIC   CODE   PROC     0000H  -----
  V_ucKeyNum . . . . . . . . . . . . .  AUTO     DATA   U_CHAR   0007H  1
  P_ucData . . . . . . . . . . . . . .  AUTO     XDATA  PTR      0001H  3
  V_ucMode . . . . . . . . . . . . . .  AUTO     XDATA  U_CHAR   0004H  1
  V_ucMode1. . . . . . . . . . . . . .  AUTO     XDATA  U_CHAR   0005H  1
  V_ucMode2. . . . . . . . . . . . . .  AUTO     XDATA  U_CHAR   0006H  1
EX4. . . . . . . . . . . . . . . . . .  ABSBIT   -----  BIT      00A8H  1
TL1. . . . . . . . . . . . . . . . . .  SFR      DATA   U_CHAR   008BH  1
FLASHCON . . . . . . . . . . . . . . .  SFR      DATA   U_CHAR   00A7H  1
LIB_E2P_Money_Para . . . . . . . . . .  E_CONST  -----  U_CHAR   -----  1
TL2. . . . . . . . . . . . . . . . . .  SFR      DATA   U_CHAR   00CCH  1
GT_ucSBox. . . . . . . . . . . . . . .  PUBLIC   CODE   ARRAY    0180H  512
LIB_E2P_ENERGY_DECPULSE_BK . . . . . .  E_CONST  -----  U_CHAR   -----  1
LIB_E2P_AvailTimer . . . . . . . . . .  E_CONST  -----  U_CHAR   -----  1
RS0. . . . . . . . . . . . . . . . . .  ABSBIT   -----  BIT      00D3H  1
ADCDH. . . . . . . . . . . . . . . . .  SFR      DATA   U_CHAR   00C5H  1
_DES_IP. . . . . . . . . . . . . . . .  PUBLIC   CODE   PROC     0000H  -----
  P_ucSorceData. . . . . . . . . . . .  AUTO     XDATA  PTR      0000H  3
  V_ucCnti . . . . . . . . . . . . . .  AUTO     XDATA  U_CHAR   0003H  1
  V_ucTempData . . . . . . . . . . . .  AUTO     XDATA  U_CHAR   0004H  1
  V_ucTemp . . . . . . . . . . . . . .  AUTO     XDATA  ARRAY    0005H  8
LIB_E2P_Price. . . . . . . . . . . . .  E_CONST  -----  U_CHAR   -----  1
GStr_AVAIL_Type. . . . . . . . . . . .  TYPEDEF  -----  STRUCT   -----  41
  us_IDAvailTimer. . . . . . . . . . .  MEMBER   -----  U_INT    0000H  2
  ucBackMonFlag. . . . . . . . . . . .  MEMBER   -----  U_CHAR   0002H  1
  usCRC16. . . . . . . . . . . . . . .  MEMBER   -----  U_INT    0003H  2
  ulAutRemainingTime . . . . . . . . .  MEMBER   -----  U_LONG   0005H  4
  ucRechangeMoney. . . . . . . . . . .  MEMBER   -----  ARRAY    0009H  4
  ucBuybeforeMoney . . . . . . . . . .  MEMBER   -----  ARRAY    000DH  4
  ucbeforeFwEnergy . . . . . . . . . .  MEMBER   -----  ARRAY    0011H  4
  ucbeforeBkEnergy . . . . . . . . . .  MEMBER   -----  ARRAY    0015H  4
  ucE2Key. . . . . . . . . . . . . . .  MEMBER   -----  ARRAY    0019H  16
GU_BoolWordVariable. . . . . . . . . .  TYPEDEF  -----  UNION    -----  2
  BYTE . . . . . . . . . . . . . . . .  MEMBER   -----  ARRAY    0000H  2
  BIT. . . . . . . . . . . . . . . . .  MEMBER   -----  STRUCT   0000H  2
C51 COMPILER V9.54   TRIPLEDES                                                             11/18/2021 18:51:20 PAGE 20  

NAME                                    CLASS   MSPACE  TYPE    OFFSET  SIZE
====                                    =====   ======  ====    ======  ====


TR0. . . . . . . . . . . . . . . . . .  ABSBIT   -----  BIT      008CH  1
RS1. . . . . . . . . . . . . . . . . .  ABSBIT   -----  BIT      00D4H  1
PWMCON . . . . . . . . . . . . . . . .  SFR      DATA   U_CHAR   009FH  1
TR1. . . . . . . . . . . . . . . . . .  ABSBIT   -----  BIT      008EH  1
char8. . . . . . . . . . . . . . . . .  TYPEDEF  -----  CHAR     -----  1
TR2. . . . . . . . . . . . . . . . . .  ABSBIT   -----  BIT      00CAH  1
int8_t . . . . . . . . . . . . . . . .  TYPEDEF  -----  CHAR     -----  1
ADCDL. . . . . . . . . . . . . . . . .  SFR      DATA   U_CHAR   00C4H  1
ADT. . . . . . . . . . . . . . . . . .  SFR      DATA   U_CHAR   00C2H  1
LIB_E2P_INDEX. . . . . . . . . . . . .  TYPEDEF  -----  U_CHAR   -----  1
_DES_DeOrEncryption. . . . . . . . . .  PUBLIC   CODE   PROC     0000H  -----
  P_ucData . . . . . . . . . . . . . .  AUTO     XDATA  PTR      0000H  3
  P_Key. . . . . . . . . . . . . . . .  AUTO     XDATA  PTR      0003H  3
  V_ucMode . . . . . . . . . . . . . .  AUTO     XDATA  U_CHAR   0006H  1
  i. . . . . . . . . . . . . . . . . .  AUTO     XDATA  U_CHAR   0007H  1
  j. . . . . . . . . . . . . . . . . .  AUTO     XDATA  U_CHAR   0008H  1
  V_ucTempBuff . . . . . . . . . . . .  AUTO     XDATA  ARRAY    0009H  8
  V_ucTempKey. . . . . . . . . . . . .  AUTO     XDATA  ARRAY    0011H  8
GStr_PRICE_Type. . . . . . . . . . . .  TYPEDEF  -----  STRUCT   -----  14
  ucaPrice . . . . . . . . . . . . . .  MEMBER   -----  ARRAY    0000H  4
  ucaPurchaseMoneyAll. . . . . . . . .  MEMBER   -----  ARRAY    0004H  4
  ucPurchaseTimes. . . . . . . . . . .  MEMBER   -----  ARRAY    0008H  4
  usCRC16. . . . . . . . . . . . . . .  MEMBER   -----  U_INT    000CH  2
DPH. . . . . . . . . . . . . . . . . .  SFR      DATA   U_CHAR   0083H  1
DPL. . . . . . . . . . . . . . . . . .  SFR      DATA   U_CHAR   0082H  1
_DES_PC_1. . . . . . . . . . . . . . .  PUBLIC   CODE   PROC     0000H  -----
  P_ucSorceData. . . . . . . . . . . .  * REG *  DATA   PTR      0001H  3
SBUF1. . . . . . . . . . . . . . . . .  SFR      DATA   U_CHAR   00D9H  1
COMM_BLE_EADV. . . . . . . . . . . . .  E_CONST  -----  U_CHAR   -----  1
LIB_E2P_FUN_CONFIG . . . . . . . . . .  E_CONST  -----  U_CHAR   -----  1
EXEN2. . . . . . . . . . . . . . . . .  ABSBIT   -----  BIT      00CBH  1
SBUF2. . . . . . . . . . . . . . . . .  SFR      DATA   U_CHAR   00F9H  1
EMU_COMM_CAL_TAB_Type. . . . . . . . .  TYPEDEF  -----  STRUCT   -----  2
  ucCommDI1. . . . . . . . . . . . . .  MEMBER   -----  U_CHAR   0000H  1
  ucEmuAddr. . . . . . . . . . . . . .  MEMBER   -----  U_CHAR   0001H  1
LIB_E2P_ENERGY_DECPULSE_FW . . . . . .  E_CONST  -----  U_CHAR   -----  1
SM11_RXOV1 . . . . . . . . . . . . . .  ABSBIT   -----  BIT      00DEH  1
PADCL. . . . . . . . . . . . . . . . .  ABSBIT   -----  BIT      00BEH  1
REN. . . . . . . . . . . . . . . . . .  ABSBIT   -----  BIT      009CH  1
SCON1. . . . . . . . . . . . . . . . .  SFR      DATA   U_CHAR   00D8H  1
STATUS . . . . . . . . . . . . . . . .  TYPEDEF  -----  U_CHAR   -----  1
LCDCON1. . . . . . . . . . . . . . . .  SFR      DATA   U_CHAR   00D1H  1
ADCON. . . . . . . . . . . . . . . . .  SFR      DATA   U_CHAR   00C1H  1
SCON2. . . . . . . . . . . . . . . . .  SFR      DATA   U_CHAR   00F8H  1
TCON1. . . . . . . . . . . . . . . . .  SFR      DATA   U_CHAR   008FH  1
_DES_IP_1. . . . . . . . . . . . . . .  PUBLIC   CODE   PROC     0000H  -----
  P_ucSorceData. . . . . . . . . . . .  AUTO     XDATA  PTR      0000H  3
  i. . . . . . . . . . . . . . . . . .  AUTO     XDATA  U_CHAR   0003H  1
  n. . . . . . . . . . . . . . . . . .  AUTO     XDATA  U_CHAR   0004H  1
  V_ucTemp . . . . . . . . . . . . . .  AUTO     XDATA  ARRAY    0005H  8
LIB_E2P_EventValidPiont. . . . . . . .  E_CONST  -----  U_CHAR   -----  1
LIB_E2P_ENRGY. . . . . . . . . . . . .  E_CONST  -----  U_CHAR   -----  1
LCDCON2. . . . . . . . . . . . . . . .  SFR      DATA   U_CHAR   00D2H  1
EDTAH. . . . . . . . . . . . . . . . .  SFR      DATA   U_CHAR   0092H  1
T2MOD. . . . . . . . . . . . . . . . .  SFR      DATA   U_CHAR   00C9H  1
T2CON. . . . . . . . . . . . . . . . .  SFR      DATA   U_CHAR   00C8H  1
GV_bDesRepbit. . . . . . . . . . . . .  PUBLIC   DATA   U_CHAR   0000H  1
C51 COMPILER V9.54   TRIPLEDES                                                             11/18/2021 18:51:20 PAGE 21  

NAME                                    CLASS   MSPACE  TYPE    OFFSET  SIZE
====                                    =====   ======  ====    ======  ====


EMU_UIPKms_Type. . . . . . . . . . . .  TYPEDEF  -----  STRUCT   -----  14
  ulaKmsuip. . . . . . . . . . . . . .  MEMBER   -----  ARRAY    0000H  12
  usCRC16. . . . . . . . . . . . . . .  MEMBER   -----  U_INT    000CH  2
_LibPub_CompareData. . . . . . . . . .  EXTERN   CODE   PROC     -----  -----
GStr_FUN_CONFIG_Type . . . . . . . . .  TYPEDEF  -----  STRUCT   -----  16
  ucFunCurrentVal. . . . . . . . . . .  MEMBER   -----  U_CHAR   0000H  1
  ucFunMeterConst. . . . . . . . . . .  MEMBER   -----  U_CHAR   0001H  1
  ucRes. . . . . . . . . . . . . . . .  MEMBER   -----  ARRAY    0002H  12
  usCRC16. . . . . . . . . . . . . . .  MEMBER   -----  U_INT    000EH  2
GStr_EventParaData . . . . . . . . . .  TYPEDEF  -----  STRUCT   -----  5
  V_usEventID. . . . . . . . . . . . .  MEMBER   -----  U_INT    0000H  2
  V_usEventAddr. . . . . . . . . . . .  MEMBER   -----  U_INT    0002H  2
  V_ucEventLenth . . . . . . . . . . .  MEMBER   -----  U_CHAR   0004H  1
LIB_E2P_Money. . . . . . . . . . . . .  E_CONST  -----  U_CHAR   -----  1
_LibPub_MemCopyBytes . . . . . . . . .  EXTERN   CODE   PROC     -----  -----
EDTAL. . . . . . . . . . . . . . . . .  SFR      DATA   U_CHAR   0094H  1
GA_ucDesTata . . . . . . . . . . . . .  PUBLIC   XDATA  ARRAY    010AH  8
GStr_EEPROM_MAP. . . . . . . . . . . .  TYPEDEF  -----  STRUCT   -----  8
  ucE2pAddressIndex. . . . . . . . . .  MEMBER   -----  U_INT    0000H  2
  usE2pAddress . . . . . . . . . . . .  MEMBER   -----  U_INT    0002H  2
  ucE2pSize. . . . . . . . . . . . . .  MEMBER   -----  U_CHAR   0004H  1
  ucE2pLen . . . . . . . . . . . . . .  MEMBER   -----  U_CHAR   0005H  1
  ucIsCRC. . . . . . . . . . . . . . .  MEMBER   -----  U_CHAR   0006H  1
  ucIsBak. . . . . . . . . . . . . . .  MEMBER   -----  U_CHAR   0007H  1
EDTAM. . . . . . . . . . . . . . . . .  SFR      DATA   U_CHAR   0093H  1
TK0DIFH. . . . . . . . . . . . . . . .  SFR      DATA   U_CHAR   00BCH  1
SADEN. . . . . . . . . . . . . . . . .  SFR      DATA   U_CHAR   009BH  1
wchar_t. . . . . . . . . . . . . . . .  TYPEDEF  -----  CHAR     -----  1
LIB_E2P_METER_INFO . . . . . . . . . .  E_CONST  -----  U_CHAR   -----  1
_LibPub_ReadDataFromE2prom . . . . . .  EXTERN   CODE   PROC     -----  -----
TK1DIFH. . . . . . . . . . . . . . . .  SFR      DATA   U_CHAR   00BEH  1
PBANK. . . . . . . . . . . . . . . . .  SFR      DATA   U_CHAR   00B6H  1
GStr_EventValidPiont_Type. . . . . . .  TYPEDEF  -----  STRUCT   -----  8
  uc_Point . . . . . . . . . . . . . .  MEMBER   -----  ARRAY    0000H  6
  usCRC16. . . . . . . . . . . . . . .  MEMBER   -----  U_INT    0006H  2
TK2DIFH. . . . . . . . . . . . . . . .  SFR      DATA   U_CHAR   00A5H  1
EADTP. . . . . . . . . . . . . . . . .  ABSBIT   -----  BIT      00AEH  1
SADDR. . . . . . . . . . . . . . . . .  SFR      DATA   U_CHAR   009AH  1
TK0DIFL. . . . . . . . . . . . . . . .  SFR      DATA   U_CHAR   00CFH  1
LIB_E2P_ENERGY_DECPULSE_WS . . . . . .  E_CONST  -----  U_CHAR   -----  1
GStr_MONEY_Type. . . . . . . . . . . .  TYPEDEF  -----  STRUCT   -----  14
  ucaRemainMoney . . . . . . . . . . .  MEMBER   -----  ARRAY    0000H  6
  ucaTickMoney . . . . . . . . . . . .  MEMBER   -----  ARRAY    0006H  6
  usCRC16. . . . . . . . . . . . . . .  MEMBER   -----  U_INT    000CH  2
TK1DIFL. . . . . . . . . . . . . . . .  SFR      DATA   U_CHAR   00BDH  1
TK2DIFL. . . . . . . . . . . . . . . .  SFR      DATA   U_CHAR   00BFH  1
P7816L . . . . . . . . . . . . . . . .  ABSBIT   -----  BIT      00BAH  1
LPDCON1. . . . . . . . . . . . . . . .  SFR      DATA   U_CHAR   00C6H  1
LIB_E2P_EMU_UIPKms_BAK . . . . . . . .  E_CONST  -----  U_CHAR   -----  1
LPDCON2. . . . . . . . . . . . . . . .  SFR      DATA   U_CHAR   00C7H  1
MAX_BLE_INDEX. . . . . . . . . . . . .  E_CONST  -----  U_CHAR   -----  1
LIB_E2P_SecretKey. . . . . . . . . . .  E_CONST  -----  U_CHAR   -----  1
F0 . . . . . . . . . . . . . . . . . .  ABSBIT   -----  BIT      00D5H  1
IRDAT. . . . . . . . . . . . . . . . .  SFR      DATA   U_CHAR   00AEH  1
F1 . . . . . . . . . . . . . . . . . .  ABSBIT   -----  BIT      00D1H  1
EMUIE. . . . . . . . . . . . . . . . .  SFR      DATA   U_CHAR   0096H  1
SFINE. . . . . . . . . . . . . . . . .  SFR      DATA   U_CHAR   009EH  1
C51 COMPILER V9.54   TRIPLEDES                                                             11/18/2021 18:51:20 PAGE 22  

NAME                                    CLASS   MSPACE  TYPE    OFFSET  SIZE
====                                    =====   ======  ====    ======  ====


XPAGE. . . . . . . . . . . . . . . . .  SFR      DATA   U_CHAR   00F7H  1
Gstr_VirtualEsam . . . . . . . . . . .  TYPEDEF  -----  STRUCT   -----  64
  ucTempKey. . . . . . . . . . . . . .  MEMBER   -----  ARRAY    0000H  16
  ucDisKey . . . . . . . . . . . . . .  MEMBER   -----  ARRAY    0010H  16
  ucComplexKey . . . . . . . . . . . .  MEMBER   -----  ARRAY    0020H  16
  ucRs485RandNum . . . . . . . . . . .  MEMBER   -----  ARRAY    0030H  8
  ucRs485RandNum2. . . . . . . . . . .  MEMBER   -----  ARRAY    0038H  8
GStr_MONEY_PARA_Type . . . . . . . . .  TYPEDEF  -----  STRUCT   -----  25
  ucaAlarmMoneyL1. . . . . . . . . . .  MEMBER   -----  ARRAY    0000H  4
  ucaAlarmMoneyL2. . . . . . . . . . .  MEMBER   -----  ARRAY    0004H  4
  ucaMaxMoneyLimit . . . . . . . . . .  MEMBER   -----  ARRAY    0008H  4
  ucaTickMoneyLimit. . . . . . . . . .  MEMBER   -----  ARRAY    000CH  4
  ucaAllowcloseMoney . . . . . . . . .  MEMBER   -----  ARRAY    0010H  4
  ucaOverLoadVal . . . . . . . . . . .  MEMBER   -----  ARRAY    0014H  3
  usCRC16. . . . . . . . . . . . . . .  MEMBER   -----  U_INT    0017H  2
INT8S. . . . . . . . . . . . . . . . .  TYPEDEF  -----  CHAR     -----  1
EMUIF. . . . . . . . . . . . . . . . .  SFR      DATA   U_CHAR   0097H  1
API_COMM_STATUS_FRAME_OK . . . . . . .  E_CONST  -----  U_CHAR   -----  1
INT8U. . . . . . . . . . . . . . . . .  TYPEDEF  -----  U_CHAR   -----  1
GT_ucPC_1Value . . . . . . . . . . . .  PUBLIC   CODE   ARRAY    0038H  56
PSW. . . . . . . . . . . . . . . . . .  SFR      DATA   U_CHAR   00D0H  1
GT_ucPC_2Value . . . . . . . . . . . .  PUBLIC   CODE   ARRAY    00A0H  48
_LibPub_MemSetBytes. . . . . . . . . .  EXTERN   CODE   PROC     -----  -----
FP32 . . . . . . . . . . . . . . . . .  TYPEDEF  -----  FLOAT    -----  4
uint32_t . . . . . . . . . . . . . . .  TYPEDEF  -----  U_LONG   -----  4
API_COMM_STATUS_FRAME. . . . . . . . .  E_CONST  -----  U_CHAR   -----  1
RB81 . . . . . . . . . . . . . . . . .  ABSBIT   -----  BIT      00DAH  1
SPDAT. . . . . . . . . . . . . . . . .  SFR      DATA   U_CHAR   00A3H  1
IB_CON1. . . . . . . . . . . . . . . .  SFR      DATA   U_CHAR   00F2H  1


MODULE INFORMATION:   STATIC OVERLAYABLE
   CODE SIZE        =   2569    ----
   CONSTANT SIZE    =    896    ----
   XDATA SIZE       =    274     122
   PDATA SIZE       =   ----    ----
   DATA SIZE        =      1    ----
   IDATA SIZE       =   ----    ----
   BIT SIZE         =   ----    ----
   EDATA SIZE       =   ----    ----
   HDATA SIZE       =   ----    ----
   XDATA CONST SIZE =   ----    ----
   FAR CONST SIZE   =   ----    ----
END OF MODULE INFORMATION.


C51 COMPILATION COMPLETE.  0 WARNING(S),  0 ERROR(S)
