C51 COMPILER V9.54   APPRELAYCONTROL                                                       11/18/2021 18:54:12 PAGE 1   


C51 COMPILER V9.54, COMPILATION OF MODULE APPRELAYCONTROL
OBJECT MODULE PLACED IN .\AppRelayControl.obj
COMPILER INVOKED BY: C:\Program Files (x86)\Keil_v5 FMSH\C51\BIN\C51.EXE ..\SourceFiles\APP\AppRelayControl.c LARGE OBJE
                    -CTADVANCED OPTIMIZE(8,SPEED) BROWSE DEFINE(DTSY666) DEBUG SYMBOLS PRINT(.\AppRelayControl.lst) OBJECT(.\AppRelayControl.
                    -obj)

line level    source

   1          /*******************************************************************************************************
   2          **** CopyrightÔºö  (c)Copyright 2019,ÊµôÊ±üÊ≠£Ê≥∞‰ª™Âô®‰ª™Ë°®ÊúâÈôêË¥£‰ªªÂÖ¨Âè∏,ÁîµËÉΩË°®Â∫îÁî®Á†îÂèë     
             -                  
   3          ****                            All rights reserved.                                                 
   4          **** FileName:    AppRelayControl.c                                                                 
   5          **** Brief:       ÁªßÁîµÂô®ÊéßÂà∂                                                       
   6          **** Author:      peter.he@chint.com                                                                 
   7          **** Version:     V1.0                                                                               
   8          **** Date:        2016-7-14                                                                          
   9          ****                                                                                                 
  10          **** note:‰øÆÊîπÂéÜÂè≤ËÆ∞ÂΩïÂàóË°®ÔºåÊØèÊù°‰øÆÊîπËÆ∞ÂΩïÂ∫îÂåÖÊã¨‰øÆÊîπÊó•Êúü„ÄÅ‰øÆÊîπËÄÖ                  
             -                        
  11          **** 1.  Author:                                                                                     
  12          ****     Version:                                                                                    
  13          ****     Date :                                                                                      
  14          **** 2.  Author:                                                                                     
  15          ****     Version:                                                                                       
  16          ****     Date:
  17          ****                                                                                        
  18          ****  addtogroup:Library                                                             
  19          **********************************************************************************************************
             -/
  20          
  21          /*--------------------------------- Êñá‰ª∂ÂäüËÉΩËØ¥Êòé ---------------------------------------------------
             -----*/
  22          /*
  23           *  ËØ•Êñá‰ª∂ÊâÄÊúâÂáΩÊï∞ÁöÑÂâçÁºÄ‰∏∫ ApiMoney_
  24           *  Êñá‰ª∂‰∏ªÂáΩÊï∞ÂíåÂØπÂ§ñÂáΩÊï∞ÈúÄÊîæÂú®Êñá‰ª∂ÁöÑÈ¶ñÈÉ®ÔºåÂπ∂‰∏î‰∏ªÂáΩÊï∞ÈúÄË¶ÅÊîæÂú®Á¨¨‰∏Ä‰∏™‰ΩçÁΩÆ;
  25           *  ÂáΩÊï∞Ê≥®ÈáäÈááÁî®Ê†áÂáÜÊ®°ÊùøÔºåÂáΩÊï∞ÂÜÖÈÉ®Ê≥®ÈáäÈááÁî®//;
  26           *  ÂØπ‰∫éÊ≥®ÈáäËæÉÂ§öÁöÑÈÉ®ÂàÜÔºåÂèØ‰ª•Â¢ûÂä†‰∏Ä‰∏™Ê≥®ÈáäÁ¨¶ÔºåÁÑ∂ÂêéËØ¶ÁªÜËØ¥ÊòéÊîæÂú®Êñá‰ª∂ÁöÑÂ∞æÈÉ®;
  27           *--------------------------------- Êñá‰ª∂ÂäüËÉΩËØ¥Êòé ---------------------------------------------------
             -----*/
  28           
  29          /**ÊúâÂΩ¢ÂèÇÁöÑÂáΩÊï∞Ê†ºÂºè:*/
  30          /*------------------------------------------------------------------------------------------------------*/
  31          /**
  32           *  @brief    xx‰ªªÂä°Â§ÑÁêÜÂáΩÊï∞
  33           *
  34           *  @param    xx :
  35           *
  36           *  @return   xx
  37           *
  38           *  @note     xx
  39           *
  40           */
  41          /*------------------------------------------------------------------------------------------------------*/
  42          /**Êó†ÂΩ¢ÂèÇÁöÑÂáΩÊï∞Ê†ºÂºè:*/
  43          /*------------------------------------------------------------------------------------------------------*/
  44          /**
  45           *  @brief    ‰∏äÁîµÊâÄÊúâÂè£Á∫øÈÖçÁΩÆÊàêÂàùÂßãÁä∂ÊÄÅÔºåÂêéÈù¢ÂèØÊ†πÊçÆÈúÄË¶ÅÂºÄÂêØÂíåÈÖçÁΩÆ
  46           *
  47           *  @return   xx
  48           *
C51 COMPILER V9.54   APPRELAYCONTROL                                                       11/18/2021 18:54:12 PAGE 2   

  49           *  @note     xx
  50           *
  51           */
  52          /*------------------------------------------------------------------------------------------------------*/
  53           
  54           
  55          /*----------------< ÂåÖÂê´Êñá‰ª∂ >----------------------------------*/
  56          #include "..\SourceFiles\PUB\Include.h"
  57          
  58          /*----------------< ÂÆèÂÆö‰πâÂå∫ >----------------------------------*/
  59          
  60          
  61          /*----------------< Â∏∏ÈáèÂÆö‰πâ >----------------------------------*/
  62          
  63          
  64          /*----------------< ÂèòÈáèÂÆö‰πâ >----------------------------------*/
  65          
  66          
  67          /*----------------< ÂáΩÊï∞Â£∞Êòé >----------------------------------*/
  68          void ApiRelay_ControlProcess(void);             
  69          void ApiRelay_SubtractMoneyRelayJudge(void);
  70          void Api_PowerLoadLimitedCheck(void);
  71          
  72          /*----------------< ÂáΩÊï∞ÂÆö‰πâ >----------------------------------*/
  73          
  74          /*------------------------------------------------------------------------------------------------------*/
  75          /**
  76           *  @brief    ÁªßÁîµÂô®ÊéßÂà∂ÂáΩÊï∞
  77           *
  78           *  @return   xx
  79           *
  80           *  @note     xx
  81           *  ///ÂæÖË°•ÂÖÖ
  82           *  /
  83          /*------------------------------------------------------------------------------------------------------*/
  84           void ApiRelay_ControlProcess(void)
  85          {
  86   1      
  87   1              if(     GStr_Flag.ucRunState3 &F_RUN_LowVoltage )
  88   1              {
  89   2      //              if(F_KEY_ACKTION_DOWN!=(GStr_Flag.ucFactoryKey&F_KEY_ACKTION_DOWN))
  90   2                      if((GStr_Flag.ucMeterMode&F_FACTORY_MODE)!=F_FACTORY_MODE)
  91   2                      {
  92   3                              return;
  93   3                      }
  94   2              }
  95   1              if(GStr_Counter.ucRelayDelay_Cnt)
  96   1              {
  97   2                      return;
  98   2              }
  99   1              if((GStr_Flag.ucRunState1&F_RUN_OVER_DEMAND)||((GStr_Flag.ucRunState1&F_RUN_L2_ALRAM)&&(0==(GStr_Flag.ucR
             -unState&F_RUN_CLOSE_L2)))
 100   1                      ||((GStr_Flag.ucRunState1&F_RUN_REMAIND_ZERO)&&(0==(GStr_Flag.ucRunState&F_RUN_CLOSE_ZERO)))||(GStr_Flag
             -.ucRunState&F_RUN_OVER_DRAFTRELAY)
 101   1                   ||(GStr_Flag.ucRunState&F_RUN_DISABLE_CLOSE)||(GStr_Flag.ucRunState&F_RUN_COMM_RELAYOFF))
 102   1              ///ËøáËΩΩ„ÄÅËøá‰∫åÁ∫ßÊä•Ë≠¶„ÄÅËøáÈõ∂„ÄÅÈÄèÊîØËøáÈôêÂÄº„ÄÅ‰∏çÂÖÅËÆ∏ÂêàÈó∏Áä∂ÊÄÅ
 103   1              {
 104   2                      if(GStr_Flag.ucRunState1&F_RUN_OVER_DEMAND)  ///ËøáËΩΩÁõ¥Êé•Ë∑≥Èó∏‰∏çÂèó‰øùÁîµÈôêÂà∂
 105   2                      {       
 106   3                              RelayDrv_Openrelay();
 107   3                              GStr_Counter.ucRelayDelay_Cnt = RelayOnce_Delaytimer;///3sÁΩÆ‰Ωç
 108   3                              LibPub_MemSetBytes(GA_ucRelayOperCode,0xFF,4);///ËøáËΩΩÊãâÈó∏ÁöÑÊìç‰ΩúËÄÖ‰ª£Á†Å‰∏∫FFFFFFFF
C51 COMPILER V9.54   APPRELAYCONTROL                                                       11/18/2021 18:54:12 PAGE 3   

 109   3                              ApiEvent_WriteRecord(C_OpenRelay);///ÂÅöÊãâÈó∏‰∫ã‰ª∂ËÆ∞ÂΩï
 110   3                              GStr_Flag.ucRunState1 &=~F_RUN_OVER_DEMAND;///Ë∑≥Èó∏ÂêéËØ∑ËøáËΩΩÊ†áÂøó
 111   3                              GStr_Flag.ucRunState2 |=F_RUN_RELAY_STATE;
 112   3                              GStr_Flag.ucRunState1 |=F_RUN_OVER_DEMAND_CLOSE; ///ËøáËΩΩË∑≥Èó∏ÂêéÔºåËá™Âä®ÊÅ¢Â§çÂêàÈó∏Ê†áÂøóÔºåËØ•Áä∂
             -ÊÄÅ‰∏ãÂèØ‰ª•ÂèëÈÄÅÂêàÈó∏ÂëΩ‰ª§Âíå‰øùÁîµÂëΩ‰ª§„ÄÇ
 113   3                      }
 114   2                      else if(GStr_Flag.ucRunState1&F_RUN_OVER_DEMAND_CLOSE)///Â§Ñ‰∫éË∂ÖË¥üËç∑Ëá™Âä®ÂêàÈó∏Êó∂Èó¥ÂÜÖ,Ëã•ÂèëÁîüÂ
             -Ö∂‰ªñË∑≥Èó∏‰∫ã‰ª∂Ôºå‰∏çÊìç‰Ωú
 115   2                      {
 116   3                              if(!(GStr_Flag.ucRunState2&F_RUN_RELAY_STATE))///Â¶ÇÊûúÊòØÂêàÈó∏Áä∂ÊÄÅ
 117   3                              {
 118   4                                      RelayDrv_Openrelay();
 119   4                                      GStr_Counter.ucRelayDelay_Cnt = RelayOnce_Delaytimer;///3sÁΩÆ‰Ωç
 120   4                                      LibPub_MemSetBytes(GA_ucRelayOperCode,0xFF,4);///ËøáËΩΩÊãâÈó∏ÁöÑÊìç‰ΩúËÄÖ‰ª£Á†Å‰∏∫FFFFFFFF
 121   4                                      ApiEvent_WriteRecord(C_OpenRelay);///ÂÅöÊãâÈó∏‰∫ã‰ª∂ËÆ∞ÂΩï
 122   4                                      GStr_Flag.ucRunState2 |=F_RUN_RELAY_STATE;
 123   4                              }
 124   3      //                      else
 125   3      //                      {
 126   3      //                              RelayDrv_Openrelay();
 127   3      //                      }
 128   3                      }
 129   2                      else
 130   2                      {
 131   3                              if(F_RUN_KEEP_ELEC!=(GStr_Flag.ucRunState&F_RUN_KEEP_ELEC))///ÂÖ∂‰ªñÊÉÖÂÜµ‰∏ã‰øùÁîµ‰∏çÂä®‰Ωú
 132   3                              {
 133   4                                      if((!(GStr_Flag.ucRunState2&F_RUN_RELAY_STATE))
 134   4                                              ||((GStr_Flag.ucRunState2&F_RUN_RELAY_STATE)&&(GStr_Flag.ucRunState2&F_RUN_Current_State)))
 135   4                                      ///Â§Ñ‰∫éÂêàÈó∏Áä∂ÊÄÅ  ÊàñËÄÖÂ§Ñ‰∫éË∑≥Èó∏Áä∂ÊÄÅ‰ΩÜ‰ªçÊúâ0.01kwhËÑâÂÜ≤Âá∫Áé∞
 136   4                                      {
 137   5                                              RelayDrv_Openrelay();
 138   5                                              GStr_Counter.ucRelayDelay_Cnt = RelayOnce_Delaytimer;///3sÁΩÆ‰Ωç
 139   5                                              if(!(GStr_Flag.ucRunState&F_RUN_COMM_RELAYOFF))///‰∏çÊòØÈÄö‰ø°Ë∑≥Èó∏//ËøôÈáå‰πü‰∏çÊòØËøáËΩΩË∑≥Èó∏ÔºåÂ
             -â©‰∏ãÁöÑÂç≥‰∏∫Ë¥πÊéßË∑≥Èó∏
 140   5                                              {
 141   6                                                      LibPub_MemSetBytes(GA_ucRelayOperCode,0xFF,4);///Ë¥πÊéßÊãâÈó∏ÁöÑÊìç‰ΩúËÄÖ‰ª£Á†Å‰∏∫FFFFFFFF
 142   6                                              }
 143   5                                              ApiEvent_WriteRecord(C_OpenRelay);///ÂÅöÊãâÈó∏‰∫ã‰ª∂ËÆ∞ÂΩï
 144   5                                              GStr_Flag.ucRunState2 |=F_RUN_RELAY_STATE;
 145   5                                              GStr_Flag.ucRunState2 &=~ F_RUN_Current_State;///Ë∑≥Èó∏‰πãÂêéËµ∞Â≠óÊ†áÂøóÊ∏ÖÈõ∂ÔºåÂ¶ÇÂÜçÁΩÆ1ÔºåËØ¥Êòé
             -Ë∑≥Èó∏Â§±Ë¥•
 146   5                                      }
 147   4                              }
 148   3                              else    //‰øùÁîµÂèëÂêàÈó∏ÂëΩ‰ª§
 149   3                              {
 150   4                                      if(GStr_Flag.ucRunState2&F_RUN_RELAY_STATE)///Â¶ÇÊûúÊòØË∑≥Èó∏Áä∂ÊÄÅÔºåÂèëÂêàÈó∏ÂëΩ‰ª§
 151   4                                      {
 152   5                                              RelayDrv_Closerelay()   ;
 153   5                                              GStr_Counter.ucRelayDelay_Cnt = RelayOnce_Delaytimer;///3sÁΩÆ‰Ωç
 154   5                                              ApiEvent_WriteRecord(C_CloseRelay);///ÂÅöÊãâÈó∏‰∫ã‰ª∂ËÆ∞ÂΩï
 155   5                                              GStr_Flag.ucRunState &=~F_RUN_COMM_RELAYOFF;  ///Ê∏ÖÈÄö‰ø°Ë∑≥Èó∏
 156   5                                              GStr_Flag.ucRunState2 &=~F_RUN_RELAY_STATE;///Ê∏ÖÁªßÁîµÂô®Ë∑≥Èó∏Ê†áÂøó  
 157   5                                              LibPub_WriteDataToE2prom(LIB_E2P_RUN_STATE,0,&GStr_Flag.ucRunState);    
 158   5                                      }
 159   4      //                              else
 160   4      //                              {
 161   4      //                                      RelayDrv_Closerelay()   ;///ÊãâÂêàÈó∏ÊÄªÁ∫øÈò≤Ê≠¢ÁªßÁîµÂô®Áä∂ÊÄÅÈîôËØØ‰∏çÂÅö‰∫ã‰ª∂ËÆ∞ÂΩï
 162   4      //                              }
 163   4                              }
 164   3                      }
 165   2      
 166   2              }
C51 COMPILER V9.54   APPRELAYCONTROL                                                       11/18/2021 18:54:12 PAGE 4   

 167   1              else
 168   1              {       
 169   2                      if(GStr_Flag.ucRunState1&F_RUN_OVER_DEMAND_CLOSE)  ///Â¶ÇÊûúÊòØËøáËΩΩË∑≥Èó∏ÂêéÁöÑÊÅ¢Â§çÂêàÈó∏Áä∂ÊÄÅÔºå
 170   2                      {
 171   3                              if(!(GStr_Flag.ucRunState2&F_RUN_RELAY_STATE))///Â¶ÇÊûúÊòØÂêàÈó∏Áä∂ÊÄÅ
 172   3                              {
 173   4                                      RelayDrv_Openrelay();
 174   4                                      GStr_Counter.ucRelayDelay_Cnt = RelayOnce_Delaytimer;///3sÁΩÆ‰Ωç
 175   4                                      LibPub_MemSetBytes(GA_ucRelayOperCode,0xFF,4);///ËøáËΩΩÊãâÈó∏ÁöÑÊìç‰ΩúËÄÖ‰ª£Á†Å‰∏∫FFFFFFFF
 176   4                                      ApiEvent_WriteRecord(C_OpenRelay);///ÂÅöÊãâÈó∏‰∫ã‰ª∂ËÆ∞ÂΩï
 177   4                                      GStr_Flag.ucRunState2 |=F_RUN_RELAY_STATE;
 178   4                              }
 179   3      //                      else
 180   3      //                      {
 181   3      //                              RelayDrv_Openrelay();                   
 182   3      //                      }
 183   3                              
 184   3                      }
 185   2                      else 
 186   2                      {
 187   3                              if(GStr_Flag.ucRunState2&F_RUN_RELAY_STATE)///Â¶ÇÊûúÊòØË∑≥Èó∏Áä∂ÊÄÅÔºåÂèëÂêàÈó∏ÂëΩ‰ª§
 188   3                              {
 189   4                                      GStr_Flag.ucRunState &=~F_RUN_COMM_RELAYOFF;  ///Ê∏ÖÈÄö‰ø°Ë∑≥Èó∏
 190   4                                      GStr_Flag.ucRunState2 &=~F_RUN_RELAY_STATE;///Ê∏ÖÁªßÁîµÂô®Ë∑≥Èó∏Ê†áÂøó  
 191   4                                      RelayDrv_Closerelay();
 192   4                                      GStr_Counter.ucRelayDelay_Cnt = RelayOnce_Delaytimer;///3sÁΩÆ‰Ωç
 193   4                                      #if ( METER_TYPE == METER_TYPE_DTSY666)
 194   4                                      ///Â§ÑÁêÜÂ§ñÊéß
 195   4                                      #endif
 196   4                                      ApiEvent_WriteRecord(C_CloseRelay);///ÂÅöÂêàÈó∏‰∫ã‰ª∂ËÆ∞ÂΩï
 197   4                              }
 198   3                              else
 199   3                              {
 200   4      //                              if(GStr_Flag.ucRelayOnFlag)
 201   4      //                              {
 202   4      //                                      GStr_Flag.ucRelayOnFlag=0;
 203   4      //                                      RelayDrv_Closerelay()   ;//Èò≤Ê≠¢ÁªßÁîµÂô®Áä∂ÊÄÅÈîôÔºåÊÅ¢Â§ç‰∏Ä‰∏ãÁªßÁîµÂô®///‰∏çÂÅö‰∫ã‰ª∂ËÆ∞ÂΩï
 204   4      //                                      GStr_Counter.ucRelayDelay_Cnt = RelayOnce_Delaytimer;///3sÁΩÆ‰Ωç
 205   4      ////                                    ApiEvent_WriteRecord(C_CloseRelay);///ÂÅöÂêàÈó∏‰∫ã‰ª∂ËÆ∞ÂΩï
 206   4      //                              }
 207   4      //                              #if ( METER_TYPE == METER_TYPE_DTSY666)
 208   4      //                              ///Â§ÑÁêÜÂ§ñÊéß
 209   4      //                              #endif
 210   4                              }
 211   3                      }
 212   2              }
 213   1              
 214   1              if(GStr_Flag.ucRunState2&F_RUN_RELAY_STATE) 
 215   1              {
 216   2                      GStr_Flag.ucRunState|=F_RUN_RELAY_STATE_EE;
 217   2                      LibPub_WriteDataToE2prom(LIB_E2P_RUN_STATE,0,&GStr_Flag.ucRunState);
 218   2              }
 219   1              else
 220   1              {
 221   2                      GStr_Flag.ucRunState&=~F_RUN_RELAY_STATE_EE;
 222   2                      LibPub_WriteDataToE2prom(LIB_E2P_RUN_STATE,0,&GStr_Flag.ucRunState);
 223   2              }
 224   1      }
 225          
 226          ///***********************************************************************************///
 227          ///*SubtractMoneyRelayJudge                                                          *///
 228          ///*DescriptionÔºöÊ†πÊçÆÂâ©‰ΩôÈáëÈ¢ùÂíåÈÄèÊîØÈáëÈ¢ùÂà§Êñ≠Êä•Ë≠¶Áä∂ÊÄÅÂíåÁªßÁîµÂô®Áä∂ÊÄÅ                   
C51 COMPILER V9.54   APPRELAYCONTROL                                                       11/18/2021 18:54:12 PAGE 5   

             -      *///
 229          ///*InputÔºö                                                                          *///      
 230          ///*                                                                                 *///
 231          ///*                                                                                 *///
 232          ///*OutputÔºöËøîÂõûÂÄº Êó†                                                                *///
 233          ///*                                                                                 *///
 234          ///*CallsÔºö                                                                          *///
 235          ///*Called ByÔºö                                                                      *///
 236          ///*InfluenceÔºö                                                                      *///
 237          ///*TipsÔºö                                                                           *///
 238          ///*OthersÔºö                                                                         *///
 239          ///*Author:chenshou                                                                  *///
 240          ///***********************************************************************************///               
 241          void ApiRelay_SubtractMoneyRelayJudge(void)
 242          {
 243   1              uchar8  V_Buff[25];
 244   1              uchar8  V_B_OverDraftLockRelayflag;
 245   1              uchar8  V_B_OverDraftLockRelayflag1;
 246   1              ulong32 V_ulBuff[2];
 247   1              
 248   1              V_B_OverDraftLockRelayflag = 0;
 249   1              V_B_OverDraftLockRelayflag1 = 0;
 250   1              ///* Êä•Ë≠¶ÈáëÈ¢ù1(0-3)„ÄÅÊä•Ë≠¶ÈáëÈ¢ù2(4-7)„ÄÅÂõ§ÁßØÈáëÈ¢ù(8-11)„ÄÅÈÄèÊîØÈáëÈ¢ù(12-15)„ÄÅÂêàÈó∏ÂÖÅËÆ∏Èáë
             -È¢ù(16-19)„ÄÅËøáËΩΩÂäüÁéá(20-23) *///
 251   1              LibPub_ReadDataFromE2prom( LIB_E2P_Money_Para,0,&V_Buff[0]);
 252   1              
 253   1              ///*Âà§Êñ≠ÈÄèÊîØÈáëÈ¢ù
 254   1              if( GStr_Flag.ucRunState&F_RUN_OVER_DRAFTRELAY )///*ÈÄèÊîØÊ∫¢Âá∫Ê†áÂøó*///
 255   1              {
 256   2                      V_ulBuff[0]= LibPub_Buffer4ToUlong32(&V_Buff[16]);   ///ÂêàÈó∏ÂÖÅËÆ∏ÈáëÈ¢ù
 257   2                      V_ulBuff[1]=LibPub_Buffer4ToUlong32(&GStr_Money.ucaRemainMoney[0]);///Ââ©‰ΩôÈáëÈ¢ù
 258   2                      if(V_ulBuff[1])
 259   2                      {
 260   3                              if(V_ulBuff[0]>=V_ulBuff[1])///*Ââ©‰ΩôÈáëÈ¢ù<=ÂêàÈó∏ÂÖÅËÆ∏ÈáëÈ¢ùÂàôÁªßÁª≠Ë∑≥Èó∏*///
 261   3                      {
 262   4                              V_B_OverDraftLockRelayflag = 1;    ///*ÁΩÆÈÄèÊîØÊ∫¢Âá∫ÈîÅÊ≠ªÊ†áÂøó*///
 263   4                                      if(GStr_Flag.ucRunState &F_RUN_DISABLE_CLOSE)  V_B_OverDraftLockRelayflag1=1;
 264   4                      }
 265   3                              else //ÂêàÈó∏ÂÖÅËÆ∏ÈáëÈ¢ù<Ââ©‰ΩôÈáëÈ¢ù
 266   3                              {
 267   4                                      V_B_OverDraftLockRelayflag=0;
 268   4                                      V_B_OverDraftLockRelayflag1=0;
 269   4                                      GStr_Flag.ucRunState&=~F_RUN_OVER_DRAFTRELAY;///Ê∏ÖÈÄèÊîØË∂ÖÈôêÂíå‰∏çÂÖÅËÆ∏ÂêàÈó∏Ê†áÂøó
 270   4                                      GStr_Flag.ucRunState&=~F_RUN_DISABLE_CLOSE;///Ê∏ÖÈÄèÊîØË∂ÖÈôêÂíå‰∏çÂÖÅËÆ∏ÂêàÈó∏Ê†áÂøó
 271   4                              }
 272   3                      }
 273   2                      else
 274   2                  {
 275   3                      V_B_OverDraftLockRelayflag = 1;    ///*ÂÖÖÂÄºÂÆå‰ª•ÂêéÂâ©‰ΩôÈáëÈ¢ùÂ∞è‰∫é0ÁΩÆÈÄèÊîØÊ∫¢Âá∫ÈîÅÊ≠ªÊ†áÂøó
             -*///
 276   3                              if(GStr_Flag.ucRunState &F_RUN_DISABLE_CLOSE)V_B_OverDraftLockRelayflag1=1;
 277   3                  }
 278   2              }
 279   1              
 280   1              ///*Âà§Êñ≠Êä•Ë≠¶ÈáëÈ¢ù
 281   1              V_ulBuff[0]= LibPub_Buffer4ToUlong32(&V_Buff[0]);///‰∏ÄÁ∫ßÊä•Ë≠¶ÈáëÈ¢ù
 282   1              V_ulBuff[1]=LibPub_Buffer4ToUlong32(&GStr_Money.ucaRemainMoney[0]);///Ââ©‰ΩôÈáëÈ¢ù
 283   1              if(V_ulBuff[0]>=V_ulBuff[1])///*Êä•Ë≠¶ÈáëÈ¢ù1ÊòØÂê¶Â§ß‰∫éÂâ©‰ΩôÈáëÈ¢ù*///
 284   1              {
 285   2                      GStr_Flag.ucRunState1 |=F_RUN_L1_ALRAM;  ///*ÁΩÆ1Á∫ßÊä•Ë≠¶Ê†áÂøó*///
 286   2                      V_ulBuff[0]= LibPub_Buffer4ToUlong32(&V_Buff[4]);///‰∫åÁ∫ßÊä•Ë≠¶ÈáëÈ¢ù
 287   2                      if(V_ulBuff[0]>=V_ulBuff[1])///*Êä•Ë≠¶ÈáëÈ¢ù2ÊòØÂê¶Â§ß‰∫éÂâ©‰ΩôÈáëÈ¢ù*///
C51 COMPILER V9.54   APPRELAYCONTROL                                                       11/18/2021 18:54:12 PAGE 6   

 288   2                      {
 289   3                              if((GStr_Flag.ucRunState1&F_RUN_L2_ALRAM) == 0)
 290   3                              {
 291   4                                      GStr_Flag.ucRunState1 |= F_RUN_L2_ALRAM;               ///*ÁΩÆ2Á∫ßÊä•Ë≠¶Ê†áÂøó*///
 292   4      //                              (*(ulong32 *)&GA_ucDelayOperCode[0]) = 0xFFFFFFFF; ///*ËøôÈáåË¶ÅË∑≥Èó∏‰∫ÜÔºåÊìç‰ΩúËÄÖ‰ª£Á†ÅÊòØFFFFFF
             -FF*///
 293   4                              }
 294   3                              if(V_ulBuff[1] == 0)    ///*Ââ©‰ΩôÈáëÈ¢ù‰∏∫Èõ∂ÔºåÊúâÈÄèÊîØ*///
 295   3                              {
 296   4                                      if((GStr_Flag.ucRunState1&F_RUN_REMAIND_ZERO) == 0)
 297   4                                      {
 298   5                                              GStr_Flag.ucRunState1 |= F_RUN_REMAIND_ZERO; ///*ÁΩÆÂâ©‰ΩôÈáëÈ¢ù‰∏∫0Ê†áÂøó*///
 299   5      //                                      (*(ulong32 *)&GA_ucDelayOperCode[0]) = 0xFFFFFFFF; ///*ËøôÈáåË¶ÅË∑≥Èó∏‰∫ÜÔºåÊìç‰ΩúËÄÖ‰ª£Á†ÅÊòØFFFFF
             -FFF*///
 300   5                                      }
 301   4                                      V_ulBuff[0]= LibPub_Buffer4ToUlong32(&GStr_Money.ucaTickMoney[0]);///ÈÄèÊîØÈáëÈ¢ù
 302   4                                      if(V_ulBuff[0]!=0)///*ÈÄèÊîØÈáëÈ¢ù‰∏ç‰∏∫0///
 303   4                                      {
 304   5                                              if((GStr_Flag.ucRunState1&F_RUN_OVER_DRAFT) == 0)
 305   5                                              {
 306   6                                                      GStr_Flag.ucRunState1 |=F_RUN_OVER_DRAFT ;///ÁΩÆÈÄèÊîØÁä∂ÊÄÅ
 307   6                                              }
 308   5                                      }
 309   4                                      else
 310   4                                      {
 311   5                                              GStr_Flag.ucRunState1 &=~F_RUN_OVER_DRAFT;
 312   5                                      }
 313   4                      V_ulBuff[1]= LibPub_Buffer4ToUlong32(&V_Buff[12]);   ///ÈÄèÊîØÈáëÈ¢ùÈó®Èôê
 314   4                                      if(V_ulBuff[0]>= V_ulBuff[1])///*ÈÄèÊîØÈáëÈ¢ùÊòØÂê¶Â§ß‰∫éÈÄèÊîØÈó®ÈôêÈáëÈ¢ù*///
 315   4                              {
 316   5                                      GStr_Flag.ucRunState |= F_RUN_OVER_DRAFTRELAY;     ///*ÁΩÆÈÄèÊîØÊ∫¢Âá∫Ê†áÂøó*///
 317   5      //                              (*(ulong32 *)&GA_ucDelayOperCode[0]) = 0xFFFFFFFF; ///*ËøôÈáåË¶ÅË∑≥Èó∏‰∫ÜÔºåÊìç‰ΩúËÄÖ‰ª£Á†ÅÊò
             -ØFFFFFFFF*///
 318   5                              }
 319   4                                      else
 320   4                                      {
 321   5                                              GStr_Flag.ucRunState &= ~F_RUN_OVER_DRAFTRELAY;          ///*Ê∏ÖÈÄèÊîØÊ∫¢Âá∫Ê†áÂøó*///  
 322   5                                      }
 323   4                              }
 324   3                              else
 325   3                          {
 326   4                                      GStr_Flag.ucRunState1 &= ~F_RUN_OVER_DRAFT;            ///*Ê∏ÖÈÄèÊîØÊ†áÂøó*///
 327   4                                      GStr_Flag.ucRunState &= ~F_RUN_OVER_DRAFTRELAY;                   ///*Ê∏ÖÈÄèÊîØÊ∫¢Âá∫Ê†áÂøó*///
 328   4                                      GStr_Flag.ucRunState1 &= ~F_RUN_REMAIND_ZERO; 
 329   4                                      GStr_Flag.ucRunState &=~F_RUN_DISABLE_CLOSE;       ///ËØ∑‰∏çÂÖÅËÆ∏ÂêàÈó∏Ê†áÂøó
 330   4                          }
 331   3                      }
 332   2                      else
 333   2                      {
 334   3                              GStr_Flag.ucRunState1 &= 0xE1;  ///*Ê∏ÖÊéâÈô§1Á∫ßÊä•Ë≠¶Â§ñÁöÑÊâÄÊúâÊä•Ë≠¶*///           
 335   3                      }
 336   2              } 
 337   1              else
 338   1              {
 339   2                      GStr_Flag.ucRunState1 &= 0xE0;  ///*Ê∏ÖÊéâÊâÄÊúâÁöÑÊä•Ë≠¶*///
 340   2                      GStr_Flag.ucRunState &=~F_RUN_DISABLE_CLOSE;       ///ËØ∑‰∏çÂÖÅËÆ∏ÂêàÈó∏Ê†áÂøó
 341   2              }
 342   1              
 343   1              if(V_B_OverDraftLockRelayflag == 1)
 344   1              {
 345   2                      GStr_Flag.ucRunState |= F_RUN_OVER_DRAFTRELAY;      ///*ÁΩÆÈÄèÊîØÊ∫¢Âá∫Ê†áÂøó*///
 346   2              }
C51 COMPILER V9.54   APPRELAYCONTROL                                                       11/18/2021 18:54:12 PAGE 7   

 347   1              if(V_B_OverDraftLockRelayflag1 == 1)
 348   1              {
 349   2                      GStr_Flag.ucRunState |=F_RUN_DISABLE_CLOSE;                     ///*ÂÖÖÂÄºÂêéËã•Êú™ËææÂà∞ÂêàÈó∏ÂÖÅËÆ∏ÈáëÈ¢ùÈôêÂÄºÂàô‰∏çËÉΩ
             -ÂêàÈó∏*///
 350   2              }
 351   1              
 352   1              if(GStr_Flag.ucRunState& F_RUN_OVER_DRAFTRELAY)
 353   1              {
 354   2                      GStr_Flag.ucRunState |=F_RUN_DISABLE_CLOSE;
 355   2              }
 356   1              LibPub_WriteDataToE2prom(LIB_E2P_RUN_STATE,0,&GStr_Flag.ucRunState);    
 357   1      //      ApiRelay_ControlProcess();
 358   1      //      if(GV_ucInitOperateRelay==0x00)
 359   1      //      {
 360   1      //              RelayServe(&GStr_ControlWord_CH2,C_AARelay_CH2);           
 361   1      //              //RelayServe(&GStr_ControlWordOUT,C_55OutsideRelay);
 362   1      //              GV_ucRelayDelayTimer=C_RelayDelayTimer;
 363   1      //      }
 364   1      //      else
 365   1      //      {
 366   1      //              GV_ucInitOperateRelay=0x00;
 367   1      //      }
 368   1              //Êìç‰ΩúÁªßÁîµÂô®  ÈúÄË°•ÂÖÖ
 369   1      
 370   1      }
 371          /*------------------------------------------------------------------------------------------------------*/
 372          /**
 373           *  @brief    ÂäüÁéáË∂ÖÈôêË∑≥Èó∏Ê£ÄÊµã   1S‰∏ÄÊ¨°
 374                        ‰ΩéÁîµÂéãÊ£ÄÊµã
 375           *
 376           *  @return   xx
 377           *
 378           *  @note     xx
 379           *  ///ÂæÖË°•ÂÖÖ
 380           *  /
 381          /*------------------------------------------------------------------------------------------------------*/
 382          void Api_PowerLoadLimitedCheck(void)
 383          {
 384   1              ulong32 v_ulTemp;
 385   1              uchar8  v_ucTemp[4];
 386   1              
 387   1              #if(METER_TYPE!=METER_TYPE_DTSY666)
                      if(GStr_UIPGroup.ulVoltage[0]<=1650)///220VÁöÑ75%‰∏∫‰ΩéÁîµÂéãÊ†áÂøó
                      #else
 390   1              if((GStr_UIPGroup.ulVoltage[0]<=1650)&&(GStr_UIPGroup.ulVoltage[1]<=1650)&&(GStr_UIPGroup.ulVoltage[2]<=1
             -650))///220VÁöÑ75%‰∏∫‰ΩéÁîµÂéãÊ†áÂøó
 391   1              #endif
 392   1              {
 393   2                      GStr_Flag.ucRunState3 |=F_RUN_LowVoltage;  ///‰Ωé‰∫é75%UnÊ†áÂøó
 394   2              }
 395   1              else
 396   1              {
 397   2                      GStr_Flag.ucRunState3 &=~F_RUN_LowVoltage;  
 398   2              }
 399   1      
 400   1              #if(METER_TYPE==METER_TYPE_DTSY666)
 401   1              if( (GStr_UIPGroup.ulVoltage[0] >= API_Relayact_Voltage)||(GStr_UIPGroup.ulVoltage[1] >= API_Relayact_Vol
             -tage)||(GStr_UIPGroup.ulVoltage[2] >= API_Relayact_Voltage) ) ///È´ò‰∫éAPI_Relayact_Voltage
 402   1              {
 403   2                      GStr_Flag.ucRunState3 |= F_RUN_Relayact_Voltage;  //ÁîµÂéãÈ´ò‰∫éAPI_Relayact_VoltageÔºåÂàôÁΩÆF_RUN_Relay
             -act_VoltageÊ†áÂøó
 404   2              }
C51 COMPILER V9.54   APPRELAYCONTROL                                                       11/18/2021 18:54:12 PAGE 8   

 405   1              else
 406   1              {
 407   2                      GStr_Flag.ucRunState3 &= ~F_RUN_Relayact_Voltage;  
 408   2              }
 409   1              #endif
 410   1      
 411   1              if(_FALSE==LibPub_ZeroCheck(&GStr_MoneyPara.ucaOverLoadVal[0], 3))
 412   1              {       
 413   2                              v_ucTemp[0]=0;
 414   2                              LibPub_MemCopyBytes( &GStr_MoneyPara.ucaOverLoadVal[0], &v_ucTemp[1],3);
 415   2                              v_ulTemp=LibPub_DECtoHEXBytes(v_ucTemp,4);///ËøáËΩΩÂäüÁéáËΩ¨Êç¢ÊàêHEX
 416   2                              #if(METER_TYPE==METER_TYPE_DTSY666)
 417   2                              if((GStr_UIPGroup.ulPower[0]>=v_ulTemp) ||(GStr_UIPGroup.ulPower[1]>=v_ulTemp)||(GStr_UIPGroup.ulPower[
             -2]>=v_ulTemp) ) ///ÂàÜÁõ∏ÂäüÁéáÂ§ß‰∫éÁ≠â‰∫éËøáËΩΩÂäüÁéá
 418   2                              #else
                                      if(GStr_UIPGroup.ulPower[0]>=v_ulTemp)
                                      #endif  
 421   2                              { 
 422   3                                      GStr_Monitor.ucPowerLimitNum++;   
 423   3                              }
 424   2                              else
 425   2                              { 
 426   3                                      GStr_Monitor.ucPowerLimitNum = 0; 
 427   3                              }
 428   2                      ///1sÂà§ÂÆö‰∏ÄÊ¨°ÔºåËã•10Ê¨°ÂùáÂ§ß‰∫éËøáËΩΩÂäüÁéá  ÂàôÁõ¥Êé•ÊãâÈó∏
 429   2                              if( GStr_Monitor.ucPowerLimitNum >= 10 )                                                                
 430   2                              {
 431   3                                      GStr_Monitor.ucPowerLimitNum = 0;
 432   3      
 433   3                                      GStr_Flag.ucRunState1 |=F_RUN_OVER_DEMAND;  ///ÁΩÆËøáËΩΩË∑≥Èó∏Ê†áÂøó
 434   3                                      ApiRelay_ControlProcess();
 435   3                                      GStr_Monitor.ulOverDemandCloseTime=LibPub_GetTimerBeat();///ËøáËΩΩË∑≥Èó∏ÂêéÂéªÁ≥ªÁªüÊó∂Èó¥
 436   3                      //              (*(ulong32 *)&GA_ucDelayOperCode[0]) = 0xFFFFFFFF;                    ///*Êìç‰ΩúËÄÖ‰ª£Á†Å*///           
 437   3      
 438   3                              }        
 439   2              }
 440   1              else///ËøáËΩΩÂäüÁéá‰∏∫0Ôºå‰∏çÂºÄÂêØËøáËΩΩÂäüËÉΩ
 441   1              {
 442   2                              GStr_Flag.ucRunState1 &=~F_RUN_OVER_DEMAND;
 443   2              }
 444   1      }
C51 COMPILER V9.54   APPRELAYCONTROL                                                       11/18/2021 18:54:12 PAGE 9   

NAME                                    CLASS   MSPACE  TYPE    OFFSET  SIZE
====                                    =====   ======  ====    ======  ====


uint16_t . . . . . . . . . . . . . . .  TYPEDEF  -----  U_INT    -----  2
IB_CON2. . . . . . . . . . . . . . . .  SFR      DATA   U_CHAR   00F3H  1
COMM_BLE_STAT. . . . . . . . . . . . .  E_CONST  -----  U_CHAR   -----  1
API_COMM_STATUS_OVERTIME . . . . . . .  E_CONST  -----  U_CHAR   -----  1
TB81 . . . . . . . . . . . . . . . . .  ABSBIT   -----  BIT      00DBH  1
P0 . . . . . . . . . . . . . . . . . .  SFR      DATA   U_CHAR   0080H  1
IB_CON3. . . . . . . . . . . . . . . .  SFR      DATA   U_CHAR   00F4H  1
FP64 . . . . . . . . . . . . . . . . .  TYPEDEF  -----  FLOAT    -----  4
TKCON. . . . . . . . . . . . . . . . .  SFR      DATA   U_CHAR   00A4H  1
P1 . . . . . . . . . . . . . . . . . .  SFR      DATA   U_CHAR   0090H  1
IB_CON4. . . . . . . . . . . . . . . .  SFR      DATA   U_CHAR   00F5H  1
PASLO. . . . . . . . . . . . . . . . .  SFR      DATA   U_CHAR   00E7H  1
GStr_ENERGYDEC_Type. . . . . . . . . .  TYPEDEF  -----  STRUCT   -----  26
  ucaFw_EnergyDec. . . . . . . . . . .  MEMBER   -----  ARRAY    0000H  13
  ucaBk_EnergyDec. . . . . . . . . . .  MEMBER   -----  ARRAY    000DH  13
P2 . . . . . . . . . . . . . . . . . .  SFR      DATA   U_CHAR   00A0H  1
OSCLO. . . . . . . . . . . . . . . . .  SFR      DATA   U_CHAR   00FEH  1
IB_CON5. . . . . . . . . . . . . . . .  SFR      DATA   U_CHAR   00F6H  1
GStr_EventRecordNum_Type . . . . . . .  TYPEDEF  -----  STRUCT   -----  26
  ucEventTimes . . . . . . . . . . . .  MEMBER   -----  ARRAY    0000H  24
  usCRC16. . . . . . . . . . . . . . .  MEMBER   -----  U_INT    0018H  2
GStr_FLAG_Type . . . . . . . . . . . .  TYPEDEF  -----  STRUCT   -----  16
  ucSystem . . . . . . . . . . . . . .  MEMBER   -----  U_CHAR   0000H  1
  ucMeterMode. . . . . . . . . . . . .  MEMBER   -----  U_CHAR   0001H  1
  ucPwOnState. . . . . . . . . . . . .  MEMBER   -----  U_CHAR   0002H  1
  ucRunState . . . . . . . . . . . . .  MEMBER   -----  U_CHAR   0003H  1
  usCRC16. . . . . . . . . . . . . . .  MEMBER   -----  U_INT    0004H  2
  ucRunState2. . . . . . . . . . . . .  MEMBER   -----  U_CHAR   0006H  1
  ucRunState1. . . . . . . . . . . . .  MEMBER   -----  U_CHAR   0007H  1
  ucRunState3. . . . . . . . . . . . .  MEMBER   -----  U_CHAR   0008H  1
  ucDisp . . . . . . . . . . . . . . .  MEMBER   -----  U_CHAR   0009H  1
  ucFactoryKey . . . . . . . . . . . .  MEMBER   -----  U_CHAR   000AH  1
  ucDispKey. . . . . . . . . . . . . .  MEMBER   -----  U_CHAR   000BH  1
  ucMoney. . . . . . . . . . . . . . .  MEMBER   -----  U_CHAR   000CH  1
  ucPowerOnFlag. . . . . . . . . . . .  MEMBER   -----  U_CHAR   000DH  1
  ucWrE2promSafeByte . . . . . . . . .  MEMBER   -----  U_CHAR   000EH  1
  ucBLESTATFlag. . . . . . . . . . . .  MEMBER   -----  U_CHAR   000FH  1
BOOLEAN. . . . . . . . . . . . . . . .  TYPEDEF  -----  U_CHAR   -----  1
SM1_RXOV . . . . . . . . . . . . . . .  ABSBIT   -----  BIT      009EH  1
P3 . . . . . . . . . . . . . . . . . .  SFR      DATA   U_CHAR   00B0H  1
AC . . . . . . . . . . . . . . . . . .  ABSBIT   -----  BIT      00D6H  1
P4 . . . . . . . . . . . . . . . . . .  SFR      DATA   U_CHAR   00C0H  1
SPCON. . . . . . . . . . . . . . . . .  SFR      DATA   U_CHAR   00A1H  1
SBRTH. . . . . . . . . . . . . . . . .  SFR      DATA   U_CHAR   009CH  1
P5 . . . . . . . . . . . . . . . . . .  SFR      DATA   U_CHAR   00E9H  1
TRIPEMU_CALPARA_Type . . . . . . . . .  TYPEDEF  -----  STRUCT   -----  114
  ulaCalPara . . . . . . . . . . . . .  MEMBER   -----  ARRAY    0000H  112
  usCRC16. . . . . . . . . . . . . . .  MEMBER   -----  U_INT    0070H  2
LIB_E2P_Price_BAK. . . . . . . . . . .  E_CONST  -----  U_CHAR   -----  1
EA . . . . . . . . . . . . . . . . . .  ABSBIT   -----  BIT      00AFH  1
P6 . . . . . . . . . . . . . . . . . .  SFR      DATA   U_CHAR   00EAH  1
LIB_E2P_Display_Table. . . . . . . . .  E_CONST  -----  U_CHAR   -----  1
GStr_DISPLAY_PARA_Type . . . . . . . .  TYPEDEF  -----  STRUCT   -----  129
  ucFullDisp_Time. . . . . . . . . . .  MEMBER   -----  U_CHAR   0000H  1
  ucDispDurTime. . . . . . . . . . . .  MEMBER   -----  U_CHAR   0001H  1
  ucAutoDispNum. . . . . . . . . . . .  MEMBER   -----  U_CHAR   0002H  1
  ucKeyDispNum . . . . . . . . . . . .  MEMBER   -----  U_CHAR   0003H  1
C51 COMPILER V9.54   APPRELAYCONTROL                                                       11/18/2021 18:54:12 PAGE 10  

NAME                                    CLASS   MSPACE  TYPE    OFFSET  SIZE
====                                    =====   ======  ====    ======  ====


  usDisp_ParaCRC16 . . . . . . . . . .  MEMBER   -----  U_INT    0004H  2
  ucAutoDisptable. . . . . . . . . . .  MEMBER   -----  ARRAY    0006H  30
  ucKeyDisptable . . . . . . . . . . .  MEMBER   -----  ARRAY    0024H  30
  usDisp_tableCRC16. . . . . . . . . .  MEMBER   -----  U_INT    0042H  2
  ucBackLightTime. . . . . . . . . . .  MEMBER   -----  U_CHAR   0044H  1
  ucRelayLEDTime . . . . . . . . . . .  MEMBER   -----  U_CHAR   0045H  1
  ulDispUpdataTime . . . . . . . . . .  MEMBER   -----  U_LONG   0046H  4
  usDispCnt. . . . . . . . . . . . . .  MEMBER   -----  U_INT    004AH  2
  ulDisptimer. . . . . . . . . . . . .  MEMBER   -----  U_LONG   004CH  4
  ucKeydelaytimer. . . . . . . . . . .  MEMBER   -----  U_CHAR   0050H  1
  ucFirstKeyDisp . . . . . . . . . . .  MEMBER   -----  U_CHAR   0051H  1
  ucDisp_0_flag. . . . . . . . . . . .  MEMBER   -----  U_CHAR   0052H  1
  ucDisp_tongxin_Flag. . . . . . . . .  MEMBER   -----  U_CHAR   0053H  1
  ucDisp_tongxin_Time. . . . . . . . .  MEMBER   -----  U_LONG   0054H  4
  ucDispNum. . . . . . . . . . . . . .  MEMBER   -----  U_CHAR   0058H  1
  ucLCDDrvDispBuf. . . . . . . . . . .  MEMBER   -----  ARRAY    0059H  40
int32_t. . . . . . . . . . . . . . . .  TYPEDEF  -----  LONG     -----  4
P7 . . . . . . . . . . . . . . . . . .  SFR      DATA   U_CHAR   00EBH  1
IB_DATA. . . . . . . . . . . . . . . .  SFR      DATA   U_CHAR   00EFH  1
P8 . . . . . . . . . . . . . . . . . .  SFR      DATA   U_CHAR   00ECH  1
int16_t. . . . . . . . . . . . . . . .  TYPEDEF  -----  INT      -----  2
SBRTL. . . . . . . . . . . . . . . . .  SFR      DATA   U_CHAR   009DH  1
P9 . . . . . . . . . . . . . . . . . .  SFR      DATA   U_CHAR   00EDH  1
PBANKLO. . . . . . . . . . . . . . . .  SFR      DATA   U_CHAR   00B7H  1
GStr_COUNTER_Type. . . . . . . . . . .  TYPEDEF  -----  STRUCT   -----  10
  ucFactoryMode_Cnt. . . . . . . . . .  MEMBER   -----  U_INT    0000H  2
  ucKeyRelayOn_Cnt . . . . . . . . . .  MEMBER   -----  U_INT    0002H  2
  ucRelayDelay_Cnt . . . . . . . . . .  MEMBER   -----  U_CHAR   0004H  1
  ucHoldMoney_Cnt. . . . . . . . . . .  MEMBER   -----  U_CHAR   0005H  1
  ucPasswordErr_Cnt. . . . . . . . . .  MEMBER   -----  ARRAY    0006H  3
  ucRelayon_Cnt. . . . . . . . . . . .  MEMBER   -----  U_CHAR   0009H  1
SPSTA. . . . . . . . . . . . . . . . .  SFR      DATA   U_CHAR   00A2H  1
IEN0 . . . . . . . . . . . . . . . . .  SFR      DATA   U_CHAR   00A8H  1
PWRCON1. . . . . . . . . . . . . . . .  SFR      DATA   U_CHAR   00B3H  1
ulong32. . . . . . . . . . . . . . . .  TYPEDEF  -----  U_LONG   -----  4
EMUSR. . . . . . . . . . . . . . . . .  SFR      DATA   U_CHAR   0095H  1
IEN1 . . . . . . . . . . . . . . . . .  SFR      DATA   U_CHAR   00A9H  1
PWRCON2. . . . . . . . . . . . . . . .  SFR      DATA   U_CHAR   00B4H  1
DPH1 . . . . . . . . . . . . . . . . .  SFR      DATA   U_CHAR   0085H  1
P0_0 . . . . . . . . . . . . . . . . .  ABSBIT   -----  BIT      0080H  1
ushort16 . . . . . . . . . . . . . . .  TYPEDEF  -----  U_INT    -----  2
P1_0 . . . . . . . . . . . . . . . . .  ABSBIT   -----  BIT      0090H  1
P0_1 . . . . . . . . . . . . . . . . .  ABSBIT   -----  BIT      0081H  1
ADCH . . . . . . . . . . . . . . . . .  SFR      DATA   U_CHAR   00C3H  1
BLE_DRV_OPERATION_INDEX. . . . . . . .  TYPEDEF  -----  U_CHAR   -----  1
LIB_E2P_SOFTI_J. . . . . . . . . . . .  E_CONST  -----  U_CHAR   -----  1
P2_0 . . . . . . . . . . . . . . . . .  ABSBIT   -----  BIT      00A0H  1
P1_1 . . . . . . . . . . . . . . . . .  ABSBIT   -----  BIT      0091H  1
P0_2 . . . . . . . . . . . . . . . . .  ABSBIT   -----  BIT      0082H  1
IPH0 . . . . . . . . . . . . . . . . .  SFR      DATA   U_CHAR   00BAH  1
DPL1 . . . . . . . . . . . . . . . . .  SFR      DATA   U_CHAR   0084H  1
size_t . . . . . . . . . . . . . . . .  TYPEDEF  -----  U_INT    -----  2
LIB_E2P_FUN_CONFIG_BAK . . . . . . . .  E_CONST  -----  U_CHAR   -----  1
GStr_MONITOR_Tpye. . . . . . . . . . .  TYPEDEF  -----  STRUCT   -----  63
  ulTimer_ms . . . . . . . . . . . . .  MEMBER   -----  U_LONG   0000H  4
  ulTimer_ms_old . . . . . . . . . . .  MEMBER   -----  U_LONG   0004H  4
  ulTimerClrWDT. . . . . . . . . . . .  MEMBER   -----  U_LONG   0008H  4
C51 COMPILER V9.54   APPRELAYCONTROL                                                       11/18/2021 18:54:12 PAGE 11  

NAME                                    CLASS   MSPACE  TYPE    OFFSET  SIZE
====                                    =====   ======  ====    ======  ====


  ulTimerMin . . . . . . . . . . . . .  MEMBER   -----  U_LONG   000CH  4
  ulTimer5ms . . . . . . . . . . . . .  MEMBER   -----  U_LONG   0010H  4
  ucPowerOnTimer . . . . . . . . . . .  MEMBER   -----  U_CHAR   0014H  1
  ulTimers . . . . . . . . . . . . . .  MEMBER   -----  U_LONG   0015H  4
  ulUpDateUIPTime. . . . . . . . . . .  MEMBER   -----  U_LONG   0019H  4
  ulSoftI_JTime. . . . . . . . . . . .  MEMBER   -----  U_LONG   001DH  4
  usSoftI_JTimeCRC16 . . . . . . . . .  MEMBER   -----  U_INT    0021H  2
  usPasswordErrTime. . . . . . . . . .  MEMBER   -----  ARRAY    0023H  8
  ucCommSymbolTime . . . . . . . . . .  MEMBER   -----  U_CHAR   002BH  1
  ucPowerLimitNum. . . . . . . . . . .  MEMBER   -----  U_CHAR   002CH  1
  ulOverDemandCloseTime. . . . . . . .  MEMBER   -----  U_LONG   002DH  4
  ulProgEventDelayTime . . . . . . . .  MEMBER   -----  U_LONG   0031H  4
  ulReadRandom2DelayTime . . . . . . .  MEMBER   -----  U_LONG   0035H  4
  ucBleAdvCnt. . . . . . . . . . . . .  MEMBER   -----  U_CHAR   0039H  1
  ucBleConnectCnt. . . . . . . . . . .  MEMBER   -----  U_CHAR   003AH  1
  ulPulsewidth . . . . . . . . . . . .  MEMBER   -----  U_LONG   003BH  4
P3_0 . . . . . . . . . . . . . . . . .  ABSBIT   -----  BIT      00B0H  1
P2_1 . . . . . . . . . . . . . . . . .  ABSBIT   -----  BIT      00A1H  1
P1_2 . . . . . . . . . . . . . . . . .  ABSBIT   -----  BIT      0092H  1
P0_3 . . . . . . . . . . . . . . . . .  ABSBIT   -----  BIT      0083H  1
IPH1 . . . . . . . . . . . . . . . . .  SFR      DATA   U_CHAR   00BBH  1
COMM_BLE_MAC . . . . . . . . . . . . .  E_CONST  -----  U_CHAR   -----  1
P4_0 . . . . . . . . . . . . . . . . .  ABSBIT   -----  BIT      00C0H  1
P3_1 . . . . . . . . . . . . . . . . .  ABSBIT   -----  BIT      00B1H  1
P2_2 . . . . . . . . . . . . . . . . .  ABSBIT   -----  BIT      00A2H  1
P1_3 . . . . . . . . . . . . . . . . .  ABSBIT   -----  BIT      0093H  1
P0_4 . . . . . . . . . . . . . . . . .  ABSBIT   -----  BIT      0084H  1
EXF0 . . . . . . . . . . . . . . . . .  SFR      DATA   U_CHAR   00E8H  1
P4_1 . . . . . . . . . . . . . . . . .  ABSBIT   -----  BIT      00C1H  1
P3_2 . . . . . . . . . . . . . . . . .  ABSBIT   -----  BIT      00B2H  1
P2_3 . . . . . . . . . . . . . . . . .  ABSBIT   -----  BIT      00A3H  1
P1_4 . . . . . . . . . . . . . . . . .  ABSBIT   -----  BIT      0094H  1
P0_5 . . . . . . . . . . . . . . . . .  ABSBIT   -----  BIT      0085H  1
P4_2 . . . . . . . . . . . . . . . . .  ABSBIT   -----  BIT      00C2H  1
P3_3 . . . . . . . . . . . . . . . . .  ABSBIT   -----  BIT      00B3H  1
P2_4 . . . . . . . . . . . . . . . . .  ABSBIT   -----  BIT      00A4H  1
P1_5 . . . . . . . . . . . . . . . . .  ABSBIT   -----  BIT      0095H  1
P0_6 . . . . . . . . . . . . . . . . .  ABSBIT   -----  BIT      0086H  1
EXF2 . . . . . . . . . . . . . . . . .  ABSBIT   -----  BIT      00CEH  1
TKF0 . . . . . . . . . . . . . . . . .  SFR      DATA   U_CHAR   00A6H  1
IPL0 . . . . . . . . . . . . . . . . .  SFR      DATA   U_CHAR   00B8H  1
LIB_E2P_ENRGY_BAK. . . . . . . . . . .  E_CONST  -----  U_CHAR   -----  1
P4_3 . . . . . . . . . . . . . . . . .  ABSBIT   -----  BIT      00C3H  1
P3_4 . . . . . . . . . . . . . . . . .  ABSBIT   -----  BIT      00B4H  1
P2_5 . . . . . . . . . . . . . . . . .  ABSBIT   -----  BIT      00A5H  1
P1_6 . . . . . . . . . . . . . . . . .  ABSBIT   -----  BIT      0096H  1
P0_7 . . . . . . . . . . . . . . . . .  ABSBIT   -----  BIT      0087H  1
REN1 . . . . . . . . . . . . . . . . .  ABSBIT   -----  BIT      00DCH  1
IPL1 . . . . . . . . . . . . . . . . .  SFR      DATA   U_CHAR   00B9H  1
LIB_E2P_EventNum . . . . . . . . . . .  E_CONST  -----  U_CHAR   -----  1
long32 . . . . . . . . . . . . . . . .  TYPEDEF  -----  LONG     -----  4
P4_4 . . . . . . . . . . . . . . . . .  ABSBIT   -----  BIT      00C4H  1
P3_5 . . . . . . . . . . . . . . . . .  ABSBIT   -----  BIT      00B5H  1
P2_6 . . . . . . . . . . . . . . . . .  ABSBIT   -----  BIT      00A6H  1
P1_7 . . . . . . . . . . . . . . . . .  ABSBIT   -----  BIT      0097H  1
TK0H . . . . . . . . . . . . . . . . .  SFR      DATA   U_CHAR   00E2H  1
SUSLO. . . . . . . . . . . . . . . . .  SFR      DATA   U_CHAR   008EH  1
C51 COMPILER V9.54   APPRELAYCONTROL                                                       11/18/2021 18:54:12 PAGE 12  

NAME                                    CLASS   MSPACE  TYPE    OFFSET  SIZE
====                                    =====   ======  ====    ======  ====


P4_5 . . . . . . . . . . . . . . . . .  ABSBIT   -----  BIT      00C5H  1
P3_6 . . . . . . . . . . . . . . . . .  ABSBIT   -----  BIT      00B6H  1
P2_7 . . . . . . . . . . . . . . . . .  ABSBIT   -----  BIT      00A7H  1
TK1H . . . . . . . . . . . . . . . . .  SFR      DATA   U_CHAR   00E4H  1
P4_6 . . . . . . . . . . . . . . . . .  ABSBIT   -----  BIT      00C6H  1
P3_7 . . . . . . . . . . . . . . . . .  ABSBIT   -----  BIT      00B7H  1
TK2H . . . . . . . . . . . . . . . . .  SFR      DATA   U_CHAR   00E6H  1
LIB_E2P_Money_BAK. . . . . . . . . . .  E_CONST  -----  U_CHAR   -----  1
short16. . . . . . . . . . . . . . . .  TYPEDEF  -----  INT      -----  2
P4_7 . . . . . . . . . . . . . . . . .  ABSBIT   -----  BIT      00C7H  1
RI . . . . . . . . . . . . . . . . . .  ABSBIT   -----  BIT      0098H  1
E7816. . . . . . . . . . . . . . . . .  ABSBIT   -----  BIT      00AAH  1
CY . . . . . . . . . . . . . . . . . .  ABSBIT   -----  BIT      00D7H  1
TK0L . . . . . . . . . . . . . . . . .  SFR      DATA   U_CHAR   00E1H  1
API_COMM_STATUS_ERROR. . . . . . . . .  E_CONST  -----  U_CHAR   -----  1
TI . . . . . . . . . . . . . . . . . .  ABSBIT   -----  BIT      0099H  1
EADR . . . . . . . . . . . . . . . . .  SFR      DATA   U_CHAR   0091H  1
TK1L . . . . . . . . . . . . . . . . .  SFR      DATA   U_CHAR   00E3H  1
TK2L . . . . . . . . . . . . . . . . .  SFR      DATA   U_CHAR   00E5H  1
SADEN1 . . . . . . . . . . . . . . . .  SFR      DATA   U_CHAR   00DBH  1
SM10_FE1 . . . . . . . . . . . . . . .  ABSBIT   -----  BIT      00DFH  1
SADEN2 . . . . . . . . . . . . . . . .  SFR      DATA   U_CHAR   00FBH  1
LIB_E2P_EMU_CALPARA. . . . . . . . . .  E_CONST  -----  U_CHAR   -----  1
GStr_ENERGY_PULSE_Type . . . . . . . .  TYPEDEF  -----  STRUCT   -----  8
  ucPulseAdd . . . . . . . . . . . . .  MEMBER   -----  U_CHAR   0000H  1
  ucPulseAddBusy . . . . . . . . . . .  MEMBER   -----  U_CHAR   0001H  1
  ucPulseStatu . . . . . . . . . . . .  MEMBER   -----  U_CHAR   0002H  1
  ucPulseDecimal . . . . . . . . . . .  MEMBER   -----  U_CHAR   0003H  1
  ucPulseDecSavePtr. . . . . . . . . .  MEMBER   -----  U_CHAR   0004H  1
  ucPulseDecSaveNoFF . . . . . . . . .  MEMBER   -----  U_CHAR   0005H  1
  ucaPulseRemain . . . . . . . . . . .  MEMBER   -----  ARRAY    0006H  2
PS0L . . . . . . . . . . . . . . . . .  ABSBIT   -----  BIT      00BCH  1
PT0L . . . . . . . . . . . . . . . . .  ABSBIT   -----  BIT      00B9H  1
SADDR1 . . . . . . . . . . . . . . . .  SFR      DATA   U_CHAR   00DAH  1
LIB_E2P_INDEX_MAX. . . . . . . . . . .  E_CONST  -----  U_CHAR   -----  1
LIB_E2P_Display_Para . . . . . . . . .  E_CONST  -----  U_CHAR   -----  1
SM12_TXCOL1. . . . . . . . . . . . . .  ABSBIT   -----  BIT      00DDH  1
PT1L . . . . . . . . . . . . . . . . .  ABSBIT   -----  BIT      00BBH  1
SADDR2 . . . . . . . . . . . . . . . .  SFR      DATA   U_CHAR   00FAH  1
RCAP2H . . . . . . . . . . . . . . . .  SFR      DATA   U_CHAR   00CBH  1
COMM_BLE_MOD . . . . . . . . . . . . .  E_CONST  -----  U_CHAR   -----  1
PT2L . . . . . . . . . . . . . . . . .  ABSBIT   -----  BIT      00BDH  1
SP . . . . . . . . . . . . . . . . . .  SFR      DATA   U_CHAR   0081H  1
INT32S . . . . . . . . . . . . . . . .  TYPEDEF  -----  LONG     -----  4
OV . . . . . . . . . . . . . . . . . .  ABSBIT   -----  BIT      00D2H  1
EMU_COMM_TRIPCAL_TAB_Type. . . . . . .  TYPEDEF  -----  STRUCT   -----  4
  ucCommDI1. . . . . . . . . . . . . .  MEMBER   -----  U_CHAR   0000H  1
  ucEmuAddr. . . . . . . . . . . . . .  MEMBER   -----  ARRAY    0001H  3
LIB_E2P_EventNumPiont. . . . . . . . .  E_CONST  -----  U_CHAR   -----  1
_LibPub_ZeroCheck. . . . . . . . . . .  EXTERN   CODE   PROC     -----  -----
GStr_METER_IFO_Type. . . . . . . . . .  TYPEDEF  -----  STRUCT   -----  27
  ucaCommAddr. . . . . . . . . . . . .  MEMBER   -----  ARRAY    0000H  6
  ucaMeterID . . . . . . . . . . . . .  MEMBER   -----  ARRAY    0006H  6
  ucaUserID. . . . . . . . . . . . . .  MEMBER   -----  ARRAY    000CH  6
  ucVoltageTrans . . . . . . . . . . .  MEMBER   -----  ARRAY    0012H  3
  ucCurrentTrans . . . . . . . . . . .  MEMBER   -----  ARRAY    0015H  3
  ucBpsVal . . . . . . . . . . . . . .  MEMBER   -----  U_CHAR   0018H  1
C51 COMPILER V9.54   APPRELAYCONTROL                                                       11/18/2021 18:54:12 PAGE 13  

NAME                                    CLASS   MSPACE  TYPE    OFFSET  SIZE
====                                    =====   ======  ====    ======  ====


  usCRC16. . . . . . . . . . . . . . .  MEMBER   -----  U_INT    0019H  2
RCAP2L . . . . . . . . . . . . . . . .  SFR      DATA   U_CHAR   00CAH  1
INT32U . . . . . . . . . . . . . . . .  TYPEDEF  -----  U_LONG   -----  4
INT16S . . . . . . . . . . . . . . . .  TYPEDEF  -----  INT      -----  2
RelayDrv_Closerelay. . . . . . . . . .  EXTERN   CODE   PROC     -----  -----
INT16U . . . . . . . . . . . . . . . .  TYPEDEF  -----  U_INT    -----  2
PX4L . . . . . . . . . . . . . . . . .  ABSBIT   -----  BIT      00B8H  1
C_T2 . . . . . . . . . . . . . . . . .  ABSBIT   -----  BIT      00C9H  1
SFINE2 . . . . . . . . . . . . . . . .  SFR      DATA   U_CHAR   00DEH  1
TRIPEMU_UIPKms_Type. . . . . . . . . .  TYPEDEF  -----  STRUCT   -----  6
  ulaKmsuip. . . . . . . . . . . . . .  MEMBER   -----  U_LONG   0000H  4
  usCRC16. . . . . . . . . . . . . . .  MEMBER   -----  U_INT    0004H  2
_LibPub_WriteDataToE2prom. . . . . . .  EXTERN   CODE   PROC     -----  -----
GStr_BLE_GROUP_Type. . . . . . . . . .  TYPEDEF  -----  STRUCT   -----  26
  ucBleMAC . . . . . . . . . . . . . .  MEMBER   -----  ARRAY    0000H  6
  ucBleName. . . . . . . . . . . . . .  MEMBER   -----  ARRAY    0006H  12
  ucBleKey . . . . . . . . . . . . . .  MEMBER   -----  ARRAY    0012H  3
  usAdvTime. . . . . . . . . . . . . .  MEMBER   -----  U_INT    0015H  2
  ucBleTPL . . . . . . . . . . . . . .  MEMBER   -----  U_CHAR   0017H  1
  usCRC16. . . . . . . . . . . . . . .  MEMBER   -----  U_INT    0018H  2
COMM_BLE_MFV . . . . . . . . . . . . .  E_CONST  -----  U_CHAR   -----  1
GStr_EventNumPiont_Type. . . . . . . .  TYPEDEF  -----  STRUCT   -----  8
  uc_Num . . . . . . . . . . . . . . .  MEMBER   -----  ARRAY    0000H  6
  usCRC16. . . . . . . . . . . . . . .  MEMBER   -----  U_INT    0006H  2
IRCON1 . . . . . . . . . . . . . . . .  SFR      DATA   U_CHAR   00ADH  1
IRCON2 . . . . . . . . . . . . . . . .  SFR      DATA   U_CHAR   00AFH  1
GStr_Comm_MAP. . . . . . . . . . . . .  TYPEDEF  -----  STRUCT   -----  14
  ucaDataId. . . . . . . . . . . . . .  MEMBER   -----  U_LONG   0000H  4
  ucaRamAdd. . . . . . . . . . . . . .  MEMBER   -----  PTR      0004H  3
  IsWrite. . . . . . . . . . . . . . .  MEMBER   -----  U_CHAR   0007H  1
  ucaE2pIndex. . . . . . . . . . . . .  MEMBER   -----  U_INT    0008H  2
  ucaE2offset. . . . . . . . . . . . .  MEMBER   -----  U_CHAR   000AH  1
  ucaDataLen . . . . . . . . . . . . .  MEMBER   -----  U_CHAR   000BH  1
  IsBCD. . . . . . . . . . . . . . . .  MEMBER   -----  U_CHAR   000CH  1
  EEIsHEX. . . . . . . . . . . . . . .  MEMBER   -----  U_CHAR   000DH  1
API_COMM_STATUS_IDLE . . . . . . . . .  E_CONST  -----  U_CHAR   -----  1
EXCON1 . . . . . . . . . . . . . . . .  SFR      DATA   U_CHAR   00ABH  1
SBUF . . . . . . . . . . . . . . . . .  SFR      DATA   U_CHAR   0099H  1
EXCON2 . . . . . . . . . . . . . . . .  SFR      DATA   U_CHAR   00ACH  1
PCON . . . . . . . . . . . . . . . . .  SFR      DATA   U_CHAR   0087H  1
B32_B08. . . . . . . . . . . . . . . .  * TAG *  -----  UNION    -----  4
  B08. . . . . . . . . . . . . . . . .  MEMBER   -----  ARRAY    0000H  4
  B16. . . . . . . . . . . . . . . . .  MEMBER   -----  ARRAY    0000H  4
  B32. . . . . . . . . . . . . . . . .  MEMBER   -----  U_LONG   0000H  4
AUXC . . . . . . . . . . . . . . . . .  SFR      DATA   U_CHAR   00F1H  1
COMM_BLE_TPL . . . . . . . . . . . . .  E_CONST  -----  U_CHAR   -----  1
GStr_UART_COMM_Type. . . . . . . . . .  TYPEDEF  -----  STRUCT   -----  423
  ucCommChStatus . . . . . . . . . . .  MEMBER   -----  U_CHAR   0000H  1
  ucCommRevStep. . . . . . . . . . . .  MEMBER   -----  U_CHAR   0001H  1
  ucCommRevLen . . . . . . . . . . . .  MEMBER   -----  U_CHAR   0002H  1
  ucCommSndLen . . . . . . . . . . . .  MEMBER   -----  U_CHAR   0003H  1
  ucCommSndCnt . . . . . . . . . . . .  MEMBER   -----  U_CHAR   0004H  1
  ucCommAddrType . . . . . . . . . . .  MEMBER   -----  U_CHAR   0005H  1
  ucCommError. . . . . . . . . . . . .  MEMBER   -----  U_CHAR   0006H  1
  ulCommTimeInit . . . . . . . . . . .  MEMBER   -----  U_LONG   0007H  4
  ulCommRcvByteOverTime. . . . . . . .  MEMBER   -----  U_LONG   000BH  4
  ulCommSndByteOverTime. . . . . . . .  MEMBER   -----  U_LONG   000FH  4
C51 COMPILER V9.54   APPRELAYCONTROL                                                       11/18/2021 18:54:12 PAGE 14  

NAME                                    CLASS   MSPACE  TYPE    OFFSET  SIZE
====                                    =====   ======  ====    ======  ====


  ulCommRspOverTime. . . . . . . . . .  MEMBER   -----  U_LONG   0013H  4
  ucaCommRXBuff. . . . . . . . . . . .  MEMBER   -----  ARRAY    0017H  200
  ucaCommTXBuff. . . . . . . . . . . .  MEMBER   -----  ARRAY    00DFH  200
GStr_ENERGY_Type . . . . . . . . . . .  TYPEDEF  -----  STRUCT   -----  10
  ucaFw_Energy . . . . . . . . . . . .  MEMBER   -----  ARRAY    0000H  4
  ucaBk_Energy . . . . . . . . . . . .  MEMBER   -----  ARRAY    0004H  4
  usCRC16. . . . . . . . . . . . . . .  MEMBER   -----  U_INT    0008H  2
GU_B32_B08_Type. . . . . . . . . . . .  TYPEDEF  -----  UNION    -----  4
  B08. . . . . . . . . . . . . . . . .  MEMBER   -----  ARRAY    0000H  4
  B16. . . . . . . . . . . . . . . . .  MEMBER   -----  ARRAY    0000H  4
  B32. . . . . . . . . . . . . . . . .  MEMBER   -----  U_LONG   0000H  4
SCON . . . . . . . . . . . . . . . . .  SFR      DATA   U_CHAR   0098H  1
TK0BASEH . . . . . . . . . . . . . . .  SFR      DATA   U_CHAR   00D4H  1
TMOD . . . . . . . . . . . . . . . . .  SFR      DATA   U_CHAR   0089H  1
TCON . . . . . . . . . . . . . . . . .  SFR      DATA   U_CHAR   0088H  1
IENX . . . . . . . . . . . . . . . . .  SFR      DATA   U_CHAR   00AAH  1
IB_OFFSET. . . . . . . . . . . . . . .  SFR      DATA   U_CHAR   00EEH  1
TK1BASEH . . . . . . . . . . . . . . .  SFR      DATA   U_CHAR   00D6H  1
SBRT1H . . . . . . . . . . . . . . . .  SFR      DATA   U_CHAR   00DCH  1
TK2BASEH . . . . . . . . . . . . . . .  SFR      DATA   U_CHAR   00DFH  1
SBRT2H . . . . . . . . . . . . . . . .  SFR      DATA   U_CHAR   00FCH  1
RSTSTAT. . . . . . . . . . . . . . . .  SFR      DATA   U_CHAR   00B1H  1
LIB_E2P_Password . . . . . . . . . . .  E_CONST  -----  U_CHAR   -----  1
TK0BASEL . . . . . . . . . . . . . . .  SFR      DATA   U_CHAR   00D3H  1
LIB_E2P_BLE_PARA . . . . . . . . . . .  E_CONST  -----  U_CHAR   -----  1
LIB_E2P_RUN_STATE. . . . . . . . . . .  E_CONST  -----  U_CHAR   -----  1
TK1BASEL . . . . . . . . . . . . . . .  SFR      DATA   U_CHAR   00D5H  1
SBRT1L . . . . . . . . . . . . . . . .  SFR      DATA   U_CHAR   00DDH  1
COMM_BLE_TTP . . . . . . . . . . . . .  E_CONST  -----  U_CHAR   -----  1
TK2BASEL . . . . . . . . . . . . . . .  SFR      DATA   U_CHAR   00D7H  1
SBRT2L . . . . . . . . . . . . . . . .  SFR      DATA   U_CHAR   00FDH  1
API_COMM_STATUS_SEND . . . . . . . . .  E_CONST  -----  U_CHAR   -----  1
SM0_FE . . . . . . . . . . . . . . . .  ABSBIT   -----  BIT      009FH  1
CLKCON . . . . . . . . . . . . . . . .  SFR      DATA   U_CHAR   00B2H  1
API_COMM_STATUS_RECV_OK. . . . . . . .  E_CONST  -----  U_CHAR   -----  1
Api_PowerLoadLimitedCheck. . . . . . .  PUBLIC   CODE   PROC     0000H  -----
  v_ulTemp . . . . . . . . . . . . . .  AUTO     XDATA  U_LONG   0000H  4
  v_ucTemp . . . . . . . . . . . . . .  AUTO     XDATA  ARRAY    0004H  4
SM2_TXCOL. . . . . . . . . . . . . . .  ABSBIT   -----  BIT      009DH  1
LDOCON . . . . . . . . . . . . . . . .  SFR      DATA   U_CHAR   00B5H  1
B. . . . . . . . . . . . . . . . . . .  SFR      DATA   U_CHAR   00F0H  1
API_COMM_STATUS_RECV . . . . . . . . .  E_CONST  -----  U_CHAR   -----  1
RelayDrv_Openrelay . . . . . . . . . .  EXTERN   CODE   PROC     -----  -----
CP_RL2 . . . . . . . . . . . . . . . .  ABSBIT   -----  BIT      00C8H  1
LIB_E2P_EMU_UIPKms . . . . . . . . . .  E_CONST  -----  U_CHAR   -----  1
_LibPub_DECtoHEXBytes. . . . . . . . .  EXTERN   CODE   PROC     -----  -----
GStr_UIP_GROUP_Type. . . . . . . . . .  TYPEDEF  -----  STRUCT   -----  68
  ulVoltage. . . . . . . . . . . . . .  MEMBER   -----  ARRAY    0000H  16
  ulCurrent. . . . . . . . . . . . . .  MEMBER   -----  ARRAY    0010H  16
  ulPower. . . . . . . . . . . . . . .  MEMBER   -----  ARRAY    0020H  16
  ulFactory. . . . . . . . . . . . . .  MEMBER   -----  ARRAY    0030H  16
  ulFrequency. . . . . . . . . . . . .  MEMBER   -----  U_LONG   0040H  4
ApiRelay_ControlProcess. . . . . . . .  PUBLIC   CODE   PROC     0000H  -----
ENUM_API_COMM_STATUS . . . . . . . . .  TYPEDEF  -----  U_CHAR   -----  1
LibPub_GetTimerBeat. . . . . . . . . .  EXTERN   CODE   PROC     -----  -----
GStr_Counter . . . . . . . . . . . . .  EXTERN   XDATA  STRUCT   -----  10
ACC. . . . . . . . . . . . . . . . . .  SFR      DATA   U_CHAR   00E0H  1
C51 COMPILER V9.54   APPRELAYCONTROL                                                       11/18/2021 18:54:12 PAGE 15  

NAME                                    CLASS   MSPACE  TYPE    OFFSET  SIZE
====                                    =====   ======  ====    ======  ====


ES0. . . . . . . . . . . . . . . . . .  ABSBIT   -----  BIT      00ACH  1
ET0. . . . . . . . . . . . . . . . . .  ABSBIT   -----  BIT      00A9H  1
ApiRelay_SubtractMoneyRelayJudge . . .  PUBLIC   CODE   PROC     0000H  -----
  V_Buff . . . . . . . . . . . . . . .  AUTO     XDATA  ARRAY    0000H  25
  V_B_OverDraftLockRelayflag . . . . .  AUTO     XDATA  U_CHAR   0019H  1
  V_B_OverDraftLockRelayflag1. . . . .  AUTO     XDATA  U_CHAR   001AH  1
  V_ulBuff . . . . . . . . . . . . . .  AUTO     XDATA  ARRAY    001BH  8
ET1. . . . . . . . . . . . . . . . . .  ABSBIT   -----  BIT      00ABH  1
TF0. . . . . . . . . . . . . . . . . .  ABSBIT   -----  BIT      008DH  1
ET2. . . . . . . . . . . . . . . . . .  ABSBIT   -----  BIT      00ADH  1
TF1. . . . . . . . . . . . . . . . . .  ABSBIT   -----  BIT      008FH  1
RI1. . . . . . . . . . . . . . . . . .  ABSBIT   -----  BIT      00D8H  1
RB8. . . . . . . . . . . . . . . . . .  ABSBIT   -----  BIT      009AH  1
TF2. . . . . . . . . . . . . . . . . .  ABSBIT   -----  BIT      00CFH  1
TH0. . . . . . . . . . . . . . . . . .  SFR      DATA   U_CHAR   008CH  1
INSCON . . . . . . . . . . . . . . . .  SFR      DATA   U_CHAR   0086H  1
TH1. . . . . . . . . . . . . . . . . .  SFR      DATA   U_CHAR   008DH  1
uchar8 . . . . . . . . . . . . . . . .  TYPEDEF  -----  U_CHAR   -----  1
TI1. . . . . . . . . . . . . . . . . .  ABSBIT   -----  BIT      00D9H  1
TB8. . . . . . . . . . . . . . . . . .  ABSBIT   -----  BIT      009BH  1
TH2. . . . . . . . . . . . . . . . . .  SFR      DATA   U_CHAR   00CDH  1
LIB_E2P_EMU_CALPARA_BAK. . . . . . . .  E_CONST  -----  U_CHAR   -----  1
GStr_Monitor . . . . . . . . . . . . .  EXTERN   XDATA  STRUCT   -----  63
uint8_t. . . . . . . . . . . . . . . .  TYPEDEF  -----  U_CHAR   -----  1
P. . . . . . . . . . . . . . . . . . .  ABSBIT   -----  BIT      00D0H  1
GStr_UIP_DISPLAY_Type. . . . . . . . .  TYPEDEF  -----  STRUCT   -----  135
  ucVoltage. . . . . . . . . . . . . .  MEMBER   -----  ARRAY    0000H  4
  ucVoltageA . . . . . . . . . . . . .  MEMBER   -----  ARRAY    0004H  4
  ucVoltageB . . . . . . . . . . . . .  MEMBER   -----  ARRAY    0008H  4
  ucVoltageC . . . . . . . . . . . . .  MEMBER   -----  ARRAY    000CH  4
  ucCOMMVoltage. . . . . . . . . . . .  MEMBER   -----  ARRAY    0010H  4
  ucCOMMVoltageA . . . . . . . . . . .  MEMBER   -----  ARRAY    0014H  4
  ucCOMMVoltageB . . . . . . . . . . .  MEMBER   -----  ARRAY    0018H  4
  ucCOMMVoltageC . . . . . . . . . . .  MEMBER   -----  ARRAY    001CH  4
  ucCurrent. . . . . . . . . . . . . .  MEMBER   -----  ARRAY    0020H  4
  ucCurrentA . . . . . . . . . . . . .  MEMBER   -----  ARRAY    0024H  4
  ucCurrentB . . . . . . . . . . . . .  MEMBER   -----  ARRAY    0028H  4
  ucCurrentC . . . . . . . . . . . . .  MEMBER   -----  ARRAY    002CH  4
  ucCOMMCurrent. . . . . . . . . . . .  MEMBER   -----  ARRAY    0030H  4
  ucCOMMCurrentA . . . . . . . . . . .  MEMBER   -----  ARRAY    0034H  4
  ucCOMMCurrentB . . . . . . . . . . .  MEMBER   -----  ARRAY    0038H  4
  ucCOMMCurrentC . . . . . . . . . . .  MEMBER   -----  ARRAY    003CH  4
  ucPower. . . . . . . . . . . . . . .  MEMBER   -----  ARRAY    0040H  4
  ucPowerA . . . . . . . . . . . . . .  MEMBER   -----  ARRAY    0044H  4
  ucPowerB . . . . . . . . . . . . . .  MEMBER   -----  ARRAY    0048H  4
  ucPowerC . . . . . . . . . . . . . .  MEMBER   -----  ARRAY    004CH  4
  ucCOMMPower. . . . . . . . . . . . .  MEMBER   -----  ARRAY    0050H  4
  ucCOMMPowerA . . . . . . . . . . . .  MEMBER   -----  ARRAY    0054H  4
  ucCOMMPowerB . . . . . . . . . . . .  MEMBER   -----  ARRAY    0058H  4
  ucCOMMPowerC . . . . . . . . . . . .  MEMBER   -----  ARRAY    005CH  4
  ucFactory. . . . . . . . . . . . . .  MEMBER   -----  ARRAY    0060H  4
  ucFactoryA . . . . . . . . . . . . .  MEMBER   -----  ARRAY    0064H  4
  ucFactoryB . . . . . . . . . . . . .  MEMBER   -----  ARRAY    0068H  4
  ucFactoryC . . . . . . . . . . . . .  MEMBER   -----  ARRAY    006CH  4
  ucCOMMFactory. . . . . . . . . . . .  MEMBER   -----  ARRAY    0070H  4
  ucCOMMFactoryA . . . . . . . . . . .  MEMBER   -----  ARRAY    0074H  4
  ucCOMMFactoryB . . . . . . . . . . .  MEMBER   -----  ARRAY    0078H  4
C51 COMPILER V9.54   APPRELAYCONTROL                                                       11/18/2021 18:54:12 PAGE 16  

NAME                                    CLASS   MSPACE  TYPE    OFFSET  SIZE
====                                    =====   ======  ====    ======  ====


  ucCOMMFactoryC . . . . . . . . . . .  MEMBER   -----  ARRAY    007CH  4
  ucFrequency. . . . . . . . . . . . .  MEMBER   -----  ARRAY    0080H  4
  ucMeterConst . . . . . . . . . . . .  MEMBER   -----  ARRAY    0084H  3
TL0. . . . . . . . . . . . . . . . . .  SFR      DATA   U_CHAR   008AH  1
EX4. . . . . . . . . . . . . . . . . .  ABSBIT   -----  BIT      00A8H  1
TL1. . . . . . . . . . . . . . . . . .  SFR      DATA   U_CHAR   008BH  1
FLASHCON . . . . . . . . . . . . . . .  SFR      DATA   U_CHAR   00A7H  1
LIB_E2P_Money_Para . . . . . . . . . .  E_CONST  -----  U_CHAR   -----  1
TL2. . . . . . . . . . . . . . . . . .  SFR      DATA   U_CHAR   00CCH  1
LIB_E2P_ENERGY_DECPULSE_BK . . . . . .  E_CONST  -----  U_CHAR   -----  1
LIB_E2P_AvailTimer . . . . . . . . . .  E_CONST  -----  U_CHAR   -----  1
RS0. . . . . . . . . . . . . . . . . .  ABSBIT   -----  BIT      00D3H  1
ADCDH. . . . . . . . . . . . . . . . .  SFR      DATA   U_CHAR   00C5H  1
LIB_E2P_Price. . . . . . . . . . . . .  E_CONST  -----  U_CHAR   -----  1
GStr_AVAIL_Type. . . . . . . . . . . .  TYPEDEF  -----  STRUCT   -----  41
  us_IDAvailTimer. . . . . . . . . . .  MEMBER   -----  U_INT    0000H  2
  ucBackMonFlag. . . . . . . . . . . .  MEMBER   -----  U_CHAR   0002H  1
  usCRC16. . . . . . . . . . . . . . .  MEMBER   -----  U_INT    0003H  2
  ulAutRemainingTime . . . . . . . . .  MEMBER   -----  U_LONG   0005H  4
  ucRechangeMoney. . . . . . . . . . .  MEMBER   -----  ARRAY    0009H  4
  ucBuybeforeMoney . . . . . . . . . .  MEMBER   -----  ARRAY    000DH  4
  ucbeforeFwEnergy . . . . . . . . . .  MEMBER   -----  ARRAY    0011H  4
  ucbeforeBkEnergy . . . . . . . . . .  MEMBER   -----  ARRAY    0015H  4
  ucE2Key. . . . . . . . . . . . . . .  MEMBER   -----  ARRAY    0019H  16
GU_BoolWordVariable. . . . . . . . . .  TYPEDEF  -----  UNION    -----  2
  BYTE . . . . . . . . . . . . . . . .  MEMBER   -----  ARRAY    0000H  2
  BIT. . . . . . . . . . . . . . . . .  MEMBER   -----  STRUCT   0000H  2
TR0. . . . . . . . . . . . . . . . . .  ABSBIT   -----  BIT      008CH  1
RS1. . . . . . . . . . . . . . . . . .  ABSBIT   -----  BIT      00D4H  1
PWMCON . . . . . . . . . . . . . . . .  SFR      DATA   U_CHAR   009FH  1
TR1. . . . . . . . . . . . . . . . . .  ABSBIT   -----  BIT      008EH  1
char8. . . . . . . . . . . . . . . . .  TYPEDEF  -----  CHAR     -----  1
TR2. . . . . . . . . . . . . . . . . .  ABSBIT   -----  BIT      00CAH  1
GA_ucRelayOperCode . . . . . . . . . .  EXTERN   XDATA  ARRAY    -----  4
int8_t . . . . . . . . . . . . . . . .  TYPEDEF  -----  CHAR     -----  1
ADCDL. . . . . . . . . . . . . . . . .  SFR      DATA   U_CHAR   00C4H  1
ADT. . . . . . . . . . . . . . . . . .  SFR      DATA   U_CHAR   00C2H  1
LIB_E2P_INDEX. . . . . . . . . . . . .  TYPEDEF  -----  U_CHAR   -----  1
GStr_PRICE_Type. . . . . . . . . . . .  TYPEDEF  -----  STRUCT   -----  14
  ucaPrice . . . . . . . . . . . . . .  MEMBER   -----  ARRAY    0000H  4
  ucaPurchaseMoneyAll. . . . . . . . .  MEMBER   -----  ARRAY    0004H  4
  ucPurchaseTimes. . . . . . . . . . .  MEMBER   -----  ARRAY    0008H  4
  usCRC16. . . . . . . . . . . . . . .  MEMBER   -----  U_INT    000CH  2
DPH. . . . . . . . . . . . . . . . . .  SFR      DATA   U_CHAR   0083H  1
GStr_Flag. . . . . . . . . . . . . . .  EXTERN   XDATA  STRUCT   -----  16
DPL. . . . . . . . . . . . . . . . . .  SFR      DATA   U_CHAR   0082H  1
GStr_UIPGroup. . . . . . . . . . . . .  EXTERN   XDATA  STRUCT   -----  68
SBUF1. . . . . . . . . . . . . . . . .  SFR      DATA   U_CHAR   00D9H  1
COMM_BLE_EADV. . . . . . . . . . . . .  E_CONST  -----  U_CHAR   -----  1
LIB_E2P_FUN_CONFIG . . . . . . . . . .  E_CONST  -----  U_CHAR   -----  1
EXEN2. . . . . . . . . . . . . . . . .  ABSBIT   -----  BIT      00CBH  1
SBUF2. . . . . . . . . . . . . . . . .  SFR      DATA   U_CHAR   00F9H  1
LIB_E2P_ENERGY_DECPULSE_FW . . . . . .  E_CONST  -----  U_CHAR   -----  1
SM11_RXOV1 . . . . . . . . . . . . . .  ABSBIT   -----  BIT      00DEH  1
PADCL. . . . . . . . . . . . . . . . .  ABSBIT   -----  BIT      00BEH  1
REN. . . . . . . . . . . . . . . . . .  ABSBIT   -----  BIT      009CH  1
SCON1. . . . . . . . . . . . . . . . .  SFR      DATA   U_CHAR   00D8H  1
C51 COMPILER V9.54   APPRELAYCONTROL                                                       11/18/2021 18:54:12 PAGE 17  

NAME                                    CLASS   MSPACE  TYPE    OFFSET  SIZE
====                                    =====   ======  ====    ======  ====


STATUS . . . . . . . . . . . . . . . .  TYPEDEF  -----  U_CHAR   -----  1
LCDCON1. . . . . . . . . . . . . . . .  SFR      DATA   U_CHAR   00D1H  1
ADCON. . . . . . . . . . . . . . . . .  SFR      DATA   U_CHAR   00C1H  1
SCON2. . . . . . . . . . . . . . . . .  SFR      DATA   U_CHAR   00F8H  1
TCON1. . . . . . . . . . . . . . . . .  SFR      DATA   U_CHAR   008FH  1
LIB_E2P_EventValidPiont. . . . . . . .  E_CONST  -----  U_CHAR   -----  1
LIB_E2P_ENRGY. . . . . . . . . . . . .  E_CONST  -----  U_CHAR   -----  1
_LibPub_Buffer4ToUlong32 . . . . . . .  EXTERN   CODE   PROC     -----  -----
LCDCON2. . . . . . . . . . . . . . . .  SFR      DATA   U_CHAR   00D2H  1
EDTAH. . . . . . . . . . . . . . . . .  SFR      DATA   U_CHAR   0092H  1
T2MOD. . . . . . . . . . . . . . . . .  SFR      DATA   U_CHAR   00C9H  1
T2CON. . . . . . . . . . . . . . . . .  SFR      DATA   U_CHAR   00C8H  1
GStr_FUN_CONFIG_Type . . . . . . . . .  TYPEDEF  -----  STRUCT   -----  16
  ucFunCurrentVal. . . . . . . . . . .  MEMBER   -----  U_CHAR   0000H  1
  ucFunMeterConst. . . . . . . . . . .  MEMBER   -----  U_CHAR   0001H  1
  ucRes. . . . . . . . . . . . . . . .  MEMBER   -----  ARRAY    0002H  12
  usCRC16. . . . . . . . . . . . . . .  MEMBER   -----  U_INT    000EH  2
GStr_EventParaData . . . . . . . . . .  TYPEDEF  -----  STRUCT   -----  5
  V_usEventID. . . . . . . . . . . . .  MEMBER   -----  U_INT    0000H  2
  V_usEventAddr. . . . . . . . . . . .  MEMBER   -----  U_INT    0002H  2
  V_ucEventLenth . . . . . . . . . . .  MEMBER   -----  U_CHAR   0004H  1
LIB_E2P_Money. . . . . . . . . . . . .  E_CONST  -----  U_CHAR   -----  1
_LibPub_MemCopyBytes . . . . . . . . .  EXTERN   CODE   PROC     -----  -----
EDTAL. . . . . . . . . . . . . . . . .  SFR      DATA   U_CHAR   0094H  1
GStr_EEPROM_MAP. . . . . . . . . . . .  TYPEDEF  -----  STRUCT   -----  8
  ucE2pAddressIndex. . . . . . . . . .  MEMBER   -----  U_INT    0000H  2
  usE2pAddress . . . . . . . . . . . .  MEMBER   -----  U_INT    0002H  2
  ucE2pSize. . . . . . . . . . . . . .  MEMBER   -----  U_CHAR   0004H  1
  ucE2pLen . . . . . . . . . . . . . .  MEMBER   -----  U_CHAR   0005H  1
  ucIsCRC. . . . . . . . . . . . . . .  MEMBER   -----  U_CHAR   0006H  1
  ucIsBak. . . . . . . . . . . . . . .  MEMBER   -----  U_CHAR   0007H  1
EDTAM. . . . . . . . . . . . . . . . .  SFR      DATA   U_CHAR   0093H  1
TK0DIFH. . . . . . . . . . . . . . . .  SFR      DATA   U_CHAR   00BCH  1
SADEN. . . . . . . . . . . . . . . . .  SFR      DATA   U_CHAR   009BH  1
wchar_t. . . . . . . . . . . . . . . .  TYPEDEF  -----  CHAR     -----  1
LIB_E2P_METER_INFO . . . . . . . . . .  E_CONST  -----  U_CHAR   -----  1
_LibPub_ReadDataFromE2prom . . . . . .  EXTERN   CODE   PROC     -----  -----
GStr_Money . . . . . . . . . . . . . .  EXTERN   XDATA  STRUCT   -----  14
TK1DIFH. . . . . . . . . . . . . . . .  SFR      DATA   U_CHAR   00BEH  1
PBANK. . . . . . . . . . . . . . . . .  SFR      DATA   U_CHAR   00B6H  1
GStr_EventValidPiont_Type. . . . . . .  TYPEDEF  -----  STRUCT   -----  8
  uc_Point . . . . . . . . . . . . . .  MEMBER   -----  ARRAY    0000H  6
  usCRC16. . . . . . . . . . . . . . .  MEMBER   -----  U_INT    0006H  2
TK2DIFH. . . . . . . . . . . . . . . .  SFR      DATA   U_CHAR   00A5H  1
EADTP. . . . . . . . . . . . . . . . .  ABSBIT   -----  BIT      00AEH  1
SADDR. . . . . . . . . . . . . . . . .  SFR      DATA   U_CHAR   009AH  1
TK0DIFL. . . . . . . . . . . . . . . .  SFR      DATA   U_CHAR   00CFH  1
LIB_E2P_ENERGY_DECPULSE_WS . . . . . .  E_CONST  -----  U_CHAR   -----  1
GStr_MONEY_Type. . . . . . . . . . . .  TYPEDEF  -----  STRUCT   -----  14
  ucaRemainMoney . . . . . . . . . . .  MEMBER   -----  ARRAY    0000H  6
  ucaTickMoney . . . . . . . . . . . .  MEMBER   -----  ARRAY    0006H  6
  usCRC16. . . . . . . . . . . . . . .  MEMBER   -----  U_INT    000CH  2
TK1DIFL. . . . . . . . . . . . . . . .  SFR      DATA   U_CHAR   00BDH  1
TK2DIFL. . . . . . . . . . . . . . . .  SFR      DATA   U_CHAR   00BFH  1
_ApiEvent_WriteRecord. . . . . . . . .  EXTERN   CODE   PROC     -----  -----
P7816L . . . . . . . . . . . . . . . .  ABSBIT   -----  BIT      00BAH  1
LPDCON1. . . . . . . . . . . . . . . .  SFR      DATA   U_CHAR   00C6H  1
C51 COMPILER V9.54   APPRELAYCONTROL                                                       11/18/2021 18:54:12 PAGE 18  

NAME                                    CLASS   MSPACE  TYPE    OFFSET  SIZE
====                                    =====   ======  ====    ======  ====


LIB_E2P_EMU_UIPKms_BAK . . . . . . . .  E_CONST  -----  U_CHAR   -----  1
GStr_MoneyPara . . . . . . . . . . . .  EXTERN   XDATA  STRUCT   -----  25
LPDCON2. . . . . . . . . . . . . . . .  SFR      DATA   U_CHAR   00C7H  1
MAX_BLE_INDEX. . . . . . . . . . . . .  E_CONST  -----  U_CHAR   -----  1
LIB_E2P_SecretKey. . . . . . . . . . .  E_CONST  -----  U_CHAR   -----  1
F0 . . . . . . . . . . . . . . . . . .  ABSBIT   -----  BIT      00D5H  1
IRDAT. . . . . . . . . . . . . . . . .  SFR      DATA   U_CHAR   00AEH  1
EMU_Read_TRIPCAL_TAB_Type. . . . . . .  TYPEDEF  -----  STRUCT   -----  5
  ucCommDI1. . . . . . . . . . . . . .  MEMBER   -----  U_CHAR   0000H  1
  ucEmuAddr. . . . . . . . . . . . . .  MEMBER   -----  ARRAY    0001H  4
F1 . . . . . . . . . . . . . . . . . .  ABSBIT   -----  BIT      00D1H  1
EMUIE. . . . . . . . . . . . . . . . .  SFR      DATA   U_CHAR   0096H  1
SFINE. . . . . . . . . . . . . . . . .  SFR      DATA   U_CHAR   009EH  1
XPAGE. . . . . . . . . . . . . . . . .  SFR      DATA   U_CHAR   00F7H  1
Gstr_VirtualEsam . . . . . . . . . . .  TYPEDEF  -----  STRUCT   -----  64
  ucTempKey. . . . . . . . . . . . . .  MEMBER   -----  ARRAY    0000H  16
  ucDisKey . . . . . . . . . . . . . .  MEMBER   -----  ARRAY    0010H  16
  ucComplexKey . . . . . . . . . . . .  MEMBER   -----  ARRAY    0020H  16
  ucRs485RandNum . . . . . . . . . . .  MEMBER   -----  ARRAY    0030H  8
  ucRs485RandNum2. . . . . . . . . . .  MEMBER   -----  ARRAY    0038H  8
GStr_MONEY_PARA_Type . . . . . . . . .  TYPEDEF  -----  STRUCT   -----  25
  ucaAlarmMoneyL1. . . . . . . . . . .  MEMBER   -----  ARRAY    0000H  4
  ucaAlarmMoneyL2. . . . . . . . . . .  MEMBER   -----  ARRAY    0004H  4
  ucaMaxMoneyLimit . . . . . . . . . .  MEMBER   -----  ARRAY    0008H  4
  ucaTickMoneyLimit. . . . . . . . . .  MEMBER   -----  ARRAY    000CH  4
  ucaAllowcloseMoney . . . . . . . . .  MEMBER   -----  ARRAY    0010H  4
  ucaOverLoadVal . . . . . . . . . . .  MEMBER   -----  ARRAY    0014H  3
  usCRC16. . . . . . . . . . . . . . .  MEMBER   -----  U_INT    0017H  2
INT8S. . . . . . . . . . . . . . . . .  TYPEDEF  -----  CHAR     -----  1
EMUIF. . . . . . . . . . . . . . . . .  SFR      DATA   U_CHAR   0097H  1
API_COMM_STATUS_FRAME_OK . . . . . . .  E_CONST  -----  U_CHAR   -----  1
INT8U. . . . . . . . . . . . . . . . .  TYPEDEF  -----  U_CHAR   -----  1
PSW. . . . . . . . . . . . . . . . . .  SFR      DATA   U_CHAR   00D0H  1
_LibPub_MemSetBytes. . . . . . . . . .  EXTERN   CODE   PROC     -----  -----
FP32 . . . . . . . . . . . . . . . . .  TYPEDEF  -----  FLOAT    -----  4
uint32_t . . . . . . . . . . . . . . .  TYPEDEF  -----  U_LONG   -----  4
API_COMM_STATUS_FRAME. . . . . . . . .  E_CONST  -----  U_CHAR   -----  1
RB81 . . . . . . . . . . . . . . . . .  ABSBIT   -----  BIT      00DAH  1
SPDAT. . . . . . . . . . . . . . . . .  SFR      DATA   U_CHAR   00A3H  1
IB_CON1. . . . . . . . . . . . . . . .  SFR      DATA   U_CHAR   00F2H  1


MODULE INFORMATION:   STATIC OVERLAYABLE
   CODE SIZE        =   1518    ----
   CONSTANT SIZE    =   ----    ----
   XDATA SIZE       =   ----      43
   PDATA SIZE       =   ----    ----
   DATA SIZE        =   ----    ----
   IDATA SIZE       =   ----    ----
   BIT SIZE         =   ----    ----
   EDATA SIZE       =   ----    ----
   HDATA SIZE       =   ----    ----
   XDATA CONST SIZE =   ----    ----
   FAR CONST SIZE   =   ----    ----
END OF MODULE INFORMATION.


C51 COMPILATION COMPLETE.  0 WARNING(S),  0 ERROR(S)
