C51 COMPILER V9.54   MAINPRO                                                               11/18/2021 18:54:13 PAGE 1   


C51 COMPILER V9.54, COMPILATION OF MODULE MAINPRO
OBJECT MODULE PLACED IN .\MainPro.obj
COMPILER INVOKED BY: C:\Program Files (x86)\Keil_v5 FMSH\C51\BIN\C51.EXE ..\SourceFiles\PUB\MainPro.c LARGE OBJECTADVANC
                    -ED OPTIMIZE(8,SPEED) BROWSE DEFINE(DTSY666) DEBUG SYMBOLS PRINT(.\MainPro.lst) OBJECT(.\MainPro.obj)

line level    source

   1          /*******************************************************************************************************
   2          **** CopyrightÔºö  (c)Copyright 2019,ÊµôÊ±üÊ≠£Ê≥∞‰ª™Âô®‰ª™Ë°®ÊúâÈôêË¥£‰ªªÂÖ¨Âè∏,ÁîµËÉΩË°®Â∫îÁî®Á†îÂèë     
             -                  
   3          ****                            All rights reserved.                                                 
   4          **** FileName:    MainPro.c                                                                          
   5          **** Brief:       ‰∏ªÂáΩÊï∞ÂÖ•Âè£Êñá‰ª∂                                                                   
             -   
   6          **** Author:      peter.he@chint.com                                                                 
   7          **** Version:     V1.0                                                                               
   8          **** Date:        2019Âπ¥3Êúà14Êó•                                                                        
             -  
   9          ****                                                                                                 
  10          **** note:                                         
  11          **** 1.  Author:                                                                                     
  12          ****     Version:                                                                                    
  13          ****     Date :                                                                                      
  14          **** 2.  Author:                                                                                     
  15          ****     Version:                                                                                       
  16          ****     Date:
  17          ****                                                                                        
  18          ****                                                             
  19          **********************************************************************************************************
             -/
  20          
  21          /*--------------------------------- Êñá‰ª∂ÂäüËÉΩËØ¥Êòé ---------------------------------------------------
             -----*/
  22          /*
  23           *  ËØ•Êñá‰ª∂ÊâÄÊúâÂáΩÊï∞ÁöÑÂâçÁºÄ‰∏∫xxxx_
  24           *  Êñá‰ª∂‰∏ªÂáΩÊï∞ÂíåÂØπÂ§ñÂáΩÊï∞ÈúÄÊîæÂú®Êñá‰ª∂ÁöÑÈ¶ñÈÉ®ÔºåÂπ∂‰∏î‰∏ªÂáΩÊï∞ÈúÄË¶ÅÊîæÂú®Á¨¨‰∏Ä‰∏™‰ΩçÁΩÆ;
  25           *  ÂáΩÊï∞Ê≥®ÈáäÈááÁî®Ê†áÂáÜÊ®°ÊùøÔºåÂáΩÊï∞ÂÜÖÈÉ®Ê≥®ÈáäÈááÁî®//;
  26           *  ÂØπ‰∫éÊ≥®ÈáäËæÉÂ§öÁöÑÈÉ®ÂàÜÔºåÂèØ‰ª•Â¢ûÂä†‰∏Ä‰∏™Ê≥®ÈáäÁ¨¶ÔºåÁÑ∂ÂêéËØ¶ÁªÜËØ¥ÊòéÊîæÂú®Êñá‰ª∂ÁöÑÂ∞æÈÉ®;
  27           *--------------------------------- Êñá‰ª∂ÂäüËÉΩËØ¥Êòé ---------------------------------------------------
             -----*/
  28           
  29          /**ÊúâÂΩ¢ÂèÇÁöÑÂáΩÊï∞Ê†ºÂºè:*/
  30          /*------------------------------------------------------------------------------------------------------*/
  31          /**
  32           *  @brief    xx‰ªªÂä°Â§ÑÁêÜÂáΩÊï∞
  33           *
  34           *  @param    xx :
  35           *
  36           *  @return   xx
  37           *
  38           *  @note     xx
  39           *
  40           */
  41          /*------------------------------------------------------------------------------------------------------*/
  42          /**Êó†ÂΩ¢ÂèÇÁöÑÂáΩÊï∞Ê†ºÂºè:*/
  43          /*------------------------------------------------------------------------------------------------------*/
  44          /**
  45           *  @brief    ‰∏äÁîµÊâÄÊúâÂè£Á∫øÈÖçÁΩÆÊàêÂàùÂßãÁä∂ÊÄÅÔºåÂêéÈù¢ÂèØÊ†πÊçÆÈúÄË¶ÅÂºÄÂêØÂíåÈÖçÁΩÆ
  46           *
  47           *  @return   xx
  48           *
C51 COMPILER V9.54   MAINPRO                                                               11/18/2021 18:54:13 PAGE 2   

  49           *  @note     xx
  50           *
  51           */
  52          /*------------------------------------------------------------------------------------------------------*/
  53           
  54           
  55           
  56          /*----------------< ÂåÖÂê´Êñá‰ª∂ >----------------------------------*/
  57          
  58          #include "..\SourceFiles\SH79F7021A\SH79F7021AE.h"
  59          #include "..\SourceFiles\PUB\Include.h"
  60          /*----------------< ‰ø°ÊÅØËØ¥Êòé >----------------------------------*/
  61          
  62          #ifdef DDSYU666 // ÂçïÁõ∏ÂØºËΩ®Ë°®
                      #message "Meter Type:DDSYU666 " 
              #endif
  65          
  66          #ifdef DDSY666  // ÂçïÁõ∏Â£ÅÊåÇË°®
                      #message "Meter Type:DDSY666 " 
              #endif
  69          
  70          #ifdef DTSY666  // ‰∏âÁõ∏Â£ÅÊåÇË°®
  71                  #message "Meter Type:DTSY666" 
*** MESSAGE C320 IN LINE 71 OF ..\SourceFiles\PUB\MainPro.c: "Meter Type:DTSY666" 
  72          #endif
  73                  
  74          /*----------------< ÂÆèÂÆö‰πâÂå∫ >----------------------------------*/
  75          
  76          
  77          /*----------------< Â∏∏ÈáèÂÆö‰πâ >----------------------------------*/
  78          
  79          
  80          /*----------------< ÂèòÈáèÂÆö‰πâ >----------------------------------*/
  81          
  82          
  83          /*----------------< ÂáΩÊï∞Â£∞Êòé >----------------------------------*/
  84          
  85          
  86          /*----------------< ÂáΩÊï∞ÂÆö‰πâ >----------------------------------*/
  87          //#pragma warning(disable:15)
  88          /*------------------------------------------------------------------------------------------------------*/
  89          /**
  90           *  @brief    Ë∞ÉËØïÂáΩÊï∞
  91           *
  92           *  @return   Êó†ËøîÂõû
  93           *
  94           *  @note     
  95           *
  96           */
  97          /*------------------------------------------------------------------------------------------------------*/
  98          //#pragma SAVE
  99          //#pragma OT(0)
 100          //void test(void)
 101          //{             
 102          //    ushort16 V_TempData;
 103          //      
 104          //       LibPub_ReadDataFromE2prom( LIB_E2P_EventNum, 0, (uchar8*)&GStr_EventRecordNum.ucEventTimes[0][0]);
 105          //      V_TempData=LIB_E2P_ENRGY_Addr   ;
 106          //      V_TempData=LIB_E2P_Money_Addr   ;
 107          //      V_TempData=LIB_E2P_Price_Addr;
 108          //      V_TempData=LIB_E2P_EMU_CALPARA_Addr;
 109          //      V_TempData=LIB_E2P_EMU_UIPKms_Addr;
C51 COMPILER V9.54   MAINPRO                                                               11/18/2021 18:54:13 PAGE 3   

 110          //      V_TempData=LIB_E2P_FUN_CONFIG_Addr;
 111          //      V_TempData=LIB_E2P_ENERGY_DECPULSE_FW_Addr;
 112          //      V_TempData=LIB_E2P_ENERGY_DECPULSE_BK_Addr;
 113          //      V_TempData=LIB_E2P_ENERGY_DECPULSE_WS_Addr;
 114          //      V_TempData=LIB_E2P_RUN_STATE_Addr;
 115          //      V_TempData=LIB_E2P_METER_INFO_Addr;
 116          //      V_TempData=LIB_E2P_Money_Para_Addr;
 117          //      V_TempData=LIB_E2P_Password_Addr;
 118          //      V_TempData=LIB_E2P_SecretKey_Addr;
 119          //      V_TempData=LIB_E2P_SOFTI_J_Addr;
 120          //      V_TempData=LIB_E2P_AvailTimer_Addr;
 121          //      V_TempData=LIB_E2P_EventNumPiont_Addr;  
 122          //      V_TempData=LIB_E2P_EventValidPiont_Addr;        
 123          //      V_TempData=LIB_E2P_EventNum_Addr;       
 124          //      V_TempData=LIB_E2P_EventNum_Addr;       
 125          //      uchar8 LPDCON2BAK;
 126          //      NOP();
 127          //      NOP();
 128          //      LPDCON2BAK = LPDCON2;
 129          //      NOP();
 130          //      NOP();
 131          //      ApiPwOn_MeterInitInFactory();
 132          //      NOP();
 133          //      NOP();
 134          //      RelayDrv_Closerelay() ;
 135          //      NOP();
 136          //      NOP();
 137          //      RelayDrv_Openrelay();
 138          //      NOP();
 139          //      NOP(); 
 140          //}
 141           
 142          /*------------------------------------------------------------------------------------------------------*/
 143          /**
 144           *  @brief    ‰∏ªÂáΩÊï∞ÔºåÁ≥ªÁªü‰∏äÁîµË∑ëÂÆåSTARTUP‰ª•ÂêéÔºå‰ªéËøôÈáåÂºÄÂßãËøêË°å
 145           *
 146           *  @return   Êó†ËøîÂõû
 147           *
 148           *  @note    : SH79F7021ÊòØÂ§ßÁ´ØÊ®°ÂºèÔºåÂç≥Êï∞ÊçÆÁöÑÈ´òÂ≠óËäÇ‰øùÂ≠òÂú®ÂÜÖÂ≠òÁöÑ‰ΩéÂú∞ÂùÄ‰∏≠ÔºåËÄåÊï∞ÊçÆÁ
             -öÑ‰ΩéÂ≠óËäÇ‰øùÂ≠òÂú®ÂÜÖÂ≠òÁöÑÈ´òÂú∞ÂùÄ‰∏≠ÔºåÂ¶Ç
 149           *             ÂÆö‰πâ4Â≠óËäÇÁöÑÂÖ±Áî®‰ΩìÔºåÈ´òÂ≠óËäÇÂ≠òÂÇ®ÂØπÂ∫îBUF[0]
 150           *
 151           */
 152          /*------------------------------------------------------------------------------------------------------*/
 153          void main(void)
 154          { 
 155   1      // @brief ---‰∏äÁîµÁ≥ªÁªüÈÖçÁΩÆÔºåÈÖçÁΩÆÂ§±Ë¥•Â∞±Â§ç‰Ωç‰∏Ä‰∏ãÂçïÁâáÊú∫
 156   1              if( _FAILED == ApiPwOn_SysTemInit() )
 157   1              {
 158   2                      ApiPwOn_McuReset( );
 159   2              }
 160   1              
 161   1      
 162   1      
 163   1      //      ApiPwOn_MeterInitInFactory();
 164   1      // @brief --- Ê≠£Â∏∏‰∏äÁîµÂêéÔºåËøõÂÖ•‰∏ªÂæ™ÁéØ
 165   1              for( ; ; )
 166   1              { 
 167   2                      // @brief --- ÁúãÈó®Áãó‰∫íÈîÅ           
 168   2                      if( GStr_Monitor.ulTimerClrWDT !=   LibPub_GetTimerBeat() )
 169   2                      {
 170   3                              WDT_Clr();
C51 COMPILER V9.54   MAINPRO                                                               11/18/2021 18:54:13 PAGE 4   

 171   3                      }
 172   2                      GStr_Monitor.ulTimerClrWDT = LibPub_GetTimerBeat();
 173   2                      
 174   2                      // @brief --- ÂºÄÂßã‰ªªÂä°Êü•ËØ¢
 175   2                      
 176   2                      
 177   2                      ApiMS_MeasureTask();                    ///* ËÆ°Èáè‰ªªÂä°ÔºåÂ¶ÇÂà∑Êñ∞Áû¨Êó∂Èáè„ÄÅÂèÇÊï∞Ê†°È™åÁ≠âÁ≠â *///
 178   2                      
 179   2                      ApiComm_CommTask();                             ///* ÈÄö‰ø°‰ªªÂä°Â§ÑÁêÜ *///
 180   2                      
 181   2                      ApiPwOff_PowerOffTask();                ///* ÊéâÁîµÊ£ÄÊµã‰ªªÂä°ÔºåÊØè‰∏Ä‰∏™Âæ™ÁéØÈÉΩÊ£ÄÊµã *///         
 182   2      //              
 183   2      //              ApiTou_TOUTask();                               ///* ÂÆöÊó∂‰ªªÂä°Â§ÑÁêÜÔºåÂ¶ÇËäÇÊãçÂÆöÊó∂Á≠â *///
 184   2      //              
 185   2                      ApiDisp_DisplayTask();                  ///* ÊòæÁ§∫‰ªªÂä°Â§ÑÁêÜÔºåÂ¶ÇÂà∑Êñ∞ÊòæÁ§∫ *///
 186   2                        
 187   2                      ApiMntr_MonitorTask();                  ///* ÁõëÊéß‰ªªÂä°Â§ÑÁêÜ *///  
 188   2       
 189   2                      //test();
 190   2              }
 191   1      }
 192          
 193          
 194          
 195          
C51 COMPILER V9.54   MAINPRO                                                               11/18/2021 18:54:13 PAGE 5   

NAME                                    CLASS   MSPACE  TYPE    OFFSET  SIZE
====                                    =====   ======  ====    ======  ====


uint16_t . . . . . . . . . . . . . . .  TYPEDEF  -----  U_INT    -----  2
IB_CON2. . . . . . . . . . . . . . . .  SFR      DATA   U_CHAR   00F3H  1
S7816ERRSTA. . . . . . . . . . . . . .  PUBLIC   XDATA  U_CHAR   FFCCH  1
COMM_BLE_STAT. . . . . . . . . . . . .  E_CONST  -----  U_CHAR   -----  1
ApiDisp_DisplayTask. . . . . . . . . .  EXTERN   CODE   PROC     -----  -----
API_COMM_STATUS_OVERTIME . . . . . . .  E_CONST  -----  U_CHAR   -----  1
TB81 . . . . . . . . . . . . . . . . .  ABSBIT   -----  BIT      00DBH  1
P0 . . . . . . . . . . . . . . . . . .  SFR      DATA   U_CHAR   0080H  1
IB_CON3. . . . . . . . . . . . . . . .  SFR      DATA   U_CHAR   00F4H  1
FP64 . . . . . . . . . . . . . . . . .  TYPEDEF  -----  FLOAT    -----  4
TKCON. . . . . . . . . . . . . . . . .  SFR      DATA   U_CHAR   00A4H  1
P1 . . . . . . . . . . . . . . . . . .  SFR      DATA   U_CHAR   0090H  1
IB_CON4. . . . . . . . . . . . . . . .  SFR      DATA   U_CHAR   00F5H  1
PASLO. . . . . . . . . . . . . . . . .  SFR      DATA   U_CHAR   00E7H  1
GStr_ENERGYDEC_Type. . . . . . . . . .  TYPEDEF  -----  STRUCT   -----  26
  ucaFw_EnergyDec. . . . . . . . . . .  MEMBER   -----  ARRAY    0000H  13
  ucaBk_EnergyDec. . . . . . . . . . .  MEMBER   -----  ARRAY    000DH  13
P2 . . . . . . . . . . . . . . . . . .  SFR      DATA   U_CHAR   00A0H  1
OSCLO. . . . . . . . . . . . . . . . .  SFR      DATA   U_CHAR   00FEH  1
IB_CON5. . . . . . . . . . . . . . . .  SFR      DATA   U_CHAR   00F6H  1
ApiPwOn_SysTemInit . . . . . . . . . .  EXTERN   CODE   PROC     -----  -----
GStr_EventRecordNum_Type . . . . . . .  TYPEDEF  -----  STRUCT   -----  26
  ucEventTimes . . . . . . . . . . . .  MEMBER   -----  ARRAY    0000H  24
  usCRC16. . . . . . . . . . . . . . .  MEMBER   -----  U_INT    0018H  2
GStr_FLAG_Type . . . . . . . . . . . .  TYPEDEF  -----  STRUCT   -----  16
  ucSystem . . . . . . . . . . . . . .  MEMBER   -----  U_CHAR   0000H  1
  ucMeterMode. . . . . . . . . . . . .  MEMBER   -----  U_CHAR   0001H  1
  ucPwOnState. . . . . . . . . . . . .  MEMBER   -----  U_CHAR   0002H  1
  ucRunState . . . . . . . . . . . . .  MEMBER   -----  U_CHAR   0003H  1
  usCRC16. . . . . . . . . . . . . . .  MEMBER   -----  U_INT    0004H  2
  ucRunState2. . . . . . . . . . . . .  MEMBER   -----  U_CHAR   0006H  1
  ucRunState1. . . . . . . . . . . . .  MEMBER   -----  U_CHAR   0007H  1
  ucRunState3. . . . . . . . . . . . .  MEMBER   -----  U_CHAR   0008H  1
  ucDisp . . . . . . . . . . . . . . .  MEMBER   -----  U_CHAR   0009H  1
  ucFactoryKey . . . . . . . . . . . .  MEMBER   -----  U_CHAR   000AH  1
  ucDispKey. . . . . . . . . . . . . .  MEMBER   -----  U_CHAR   000BH  1
  ucMoney. . . . . . . . . . . . . . .  MEMBER   -----  U_CHAR   000CH  1
  ucPowerOnFlag. . . . . . . . . . . .  MEMBER   -----  U_CHAR   000DH  1
  ucWrE2promSafeByte . . . . . . . . .  MEMBER   -----  U_CHAR   000EH  1
  ucBLESTATFlag. . . . . . . . . . . .  MEMBER   -----  U_CHAR   000FH  1
BOOLEAN. . . . . . . . . . . . . . . .  TYPEDEF  -----  U_CHAR   -----  1
SM1_RXOV . . . . . . . . . . . . . . .  ABSBIT   -----  BIT      009EH  1
P3 . . . . . . . . . . . . . . . . . .  SFR      DATA   U_CHAR   00B0H  1
AC . . . . . . . . . . . . . . . . . .  ABSBIT   -----  BIT      00D6H  1
P4 . . . . . . . . . . . . . . . . . .  SFR      DATA   U_CHAR   00C0H  1
SPCON. . . . . . . . . . . . . . . . .  SFR      DATA   U_CHAR   00A1H  1
SBRTH. . . . . . . . . . . . . . . . .  SFR      DATA   U_CHAR   009CH  1
P5 . . . . . . . . . . . . . . . . . .  SFR      DATA   U_CHAR   00E9H  1
TRIPEMU_CALPARA_Type . . . . . . . . .  TYPEDEF  -----  STRUCT   -----  114
  ulaCalPara . . . . . . . . . . . . .  MEMBER   -----  ARRAY    0000H  112
  usCRC16. . . . . . . . . . . . . . .  MEMBER   -----  U_INT    0070H  2
LIB_E2P_Price_BAK. . . . . . . . . . .  E_CONST  -----  U_CHAR   -----  1
EA . . . . . . . . . . . . . . . . . .  ABSBIT   -----  BIT      00AFH  1
P6 . . . . . . . . . . . . . . . . . .  SFR      DATA   U_CHAR   00EAH  1
LIB_E2P_Display_Table. . . . . . . . .  E_CONST  -----  U_CHAR   -----  1
GStr_DISPLAY_PARA_Type . . . . . . . .  TYPEDEF  -----  STRUCT   -----  129
  ucFullDisp_Time. . . . . . . . . . .  MEMBER   -----  U_CHAR   0000H  1
C51 COMPILER V9.54   MAINPRO                                                               11/18/2021 18:54:13 PAGE 6   

NAME                                    CLASS   MSPACE  TYPE    OFFSET  SIZE
====                                    =====   ======  ====    ======  ====


  ucDispDurTime. . . . . . . . . . . .  MEMBER   -----  U_CHAR   0001H  1
  ucAutoDispNum. . . . . . . . . . . .  MEMBER   -----  U_CHAR   0002H  1
  ucKeyDispNum . . . . . . . . . . . .  MEMBER   -----  U_CHAR   0003H  1
  usDisp_ParaCRC16 . . . . . . . . . .  MEMBER   -----  U_INT    0004H  2
  ucAutoDisptable. . . . . . . . . . .  MEMBER   -----  ARRAY    0006H  30
  ucKeyDisptable . . . . . . . . . . .  MEMBER   -----  ARRAY    0024H  30
  usDisp_tableCRC16. . . . . . . . . .  MEMBER   -----  U_INT    0042H  2
  ucBackLightTime. . . . . . . . . . .  MEMBER   -----  U_CHAR   0044H  1
  ucRelayLEDTime . . . . . . . . . . .  MEMBER   -----  U_CHAR   0045H  1
  ulDispUpdataTime . . . . . . . . . .  MEMBER   -----  U_LONG   0046H  4
  usDispCnt. . . . . . . . . . . . . .  MEMBER   -----  U_INT    004AH  2
  ulDisptimer. . . . . . . . . . . . .  MEMBER   -----  U_LONG   004CH  4
  ucKeydelaytimer. . . . . . . . . . .  MEMBER   -----  U_CHAR   0050H  1
  ucFirstKeyDisp . . . . . . . . . . .  MEMBER   -----  U_CHAR   0051H  1
  ucDisp_0_flag. . . . . . . . . . . .  MEMBER   -----  U_CHAR   0052H  1
  ucDisp_tongxin_Flag. . . . . . . . .  MEMBER   -----  U_CHAR   0053H  1
  ucDisp_tongxin_Time. . . . . . . . .  MEMBER   -----  U_LONG   0054H  4
  ucDispNum. . . . . . . . . . . . . .  MEMBER   -----  U_CHAR   0058H  1
  ucLCDDrvDispBuf. . . . . . . . . . .  MEMBER   -----  ARRAY    0059H  40
int32_t. . . . . . . . . . . . . . . .  TYPEDEF  -----  LONG     -----  4
P7 . . . . . . . . . . . . . . . . . .  SFR      DATA   U_CHAR   00EBH  1
IB_DATA. . . . . . . . . . . . . . . .  SFR      DATA   U_CHAR   00EFH  1
P8 . . . . . . . . . . . . . . . . . .  SFR      DATA   U_CHAR   00ECH  1
TK0THRH. . . . . . . . . . . . . . . .  PUBLIC   XDATA  U_CHAR   FF93H  1
int16_t. . . . . . . . . . . . . . . .  TYPEDEF  -----  INT      -----  2
SBRTL. . . . . . . . . . . . . . . . .  SFR      DATA   U_CHAR   009DH  1
P9 . . . . . . . . . . . . . . . . . .  SFR      DATA   U_CHAR   00EDH  1
RXBUF. . . . . . . . . . . . . . . . .  PUBLIC   XDATA  U_CHAR   FFC8H  1
TK1THRH. . . . . . . . . . . . . . . .  PUBLIC   XDATA  U_CHAR   FF95H  1
ApiMS_MeasureTask. . . . . . . . . . .  EXTERN   CODE   PROC     -----  -----
PBANKLO. . . . . . . . . . . . . . . .  SFR      DATA   U_CHAR   00B7H  1
TK2THRH. . . . . . . . . . . . . . . .  PUBLIC   XDATA  U_CHAR   FF97H  1
GStr_COUNTER_Type. . . . . . . . . . .  TYPEDEF  -----  STRUCT   -----  10
  ucFactoryMode_Cnt. . . . . . . . . .  MEMBER   -----  U_INT    0000H  2
  ucKeyRelayOn_Cnt . . . . . . . . . .  MEMBER   -----  U_INT    0002H  2
  ucRelayDelay_Cnt . . . . . . . . . .  MEMBER   -----  U_CHAR   0004H  1
  ucHoldMoney_Cnt. . . . . . . . . . .  MEMBER   -----  U_CHAR   0005H  1
  ucPasswordErr_Cnt. . . . . . . . . .  MEMBER   -----  ARRAY    0006H  3
  ucRelayon_Cnt. . . . . . . . . . . .  MEMBER   -----  U_CHAR   0009H  1
TXBUF. . . . . . . . . . . . . . . . .  PUBLIC   XDATA  U_CHAR   FFC9H  1
S7816CON . . . . . . . . . . . . . . .  PUBLIC   XDATA  U_CHAR   FFC1H  1
A0HR . . . . . . . . . . . . . . . . .  PUBLIC   XDATA  U_CHAR   FFADH  1
TK0THRL. . . . . . . . . . . . . . . .  PUBLIC   XDATA  U_CHAR   FF92H  1
SPSTA. . . . . . . . . . . . . . . . .  SFR      DATA   U_CHAR   00A2H  1
IEN0 . . . . . . . . . . . . . . . . .  SFR      DATA   U_CHAR   00A8H  1
PWRCON1. . . . . . . . . . . . . . . .  SFR      DATA   U_CHAR   00B3H  1
A1HR . . . . . . . . . . . . . . . . .  PUBLIC   XDATA  U_CHAR   FFB2H  1
RTCDATH. . . . . . . . . . . . . . . .  PUBLIC   XDATA  U_CHAR   FFA8H  1
TK1THRL. . . . . . . . . . . . . . . .  PUBLIC   XDATA  U_CHAR   FF94H  1
ulong32. . . . . . . . . . . . . . . .  TYPEDEF  -----  U_LONG   -----  4
EMUSR. . . . . . . . . . . . . . . . .  SFR      DATA   U_CHAR   0095H  1
IEN1 . . . . . . . . . . . . . . . . .  SFR      DATA   U_CHAR   00A9H  1
PWRCON2. . . . . . . . . . . . . . . .  SFR      DATA   U_CHAR   00B4H  1
DPH1 . . . . . . . . . . . . . . . . .  SFR      DATA   U_CHAR   0085H  1
TK2THRL. . . . . . . . . . . . . . . .  PUBLIC   XDATA  U_CHAR   FF96H  1
P0_0 . . . . . . . . . . . . . . . . .  ABSBIT   -----  BIT      0080H  1
ushort16 . . . . . . . . . . . . . . .  TYPEDEF  -----  U_INT    -----  2
C51 COMPILER V9.54   MAINPRO                                                               11/18/2021 18:54:13 PAGE 7   

NAME                                    CLASS   MSPACE  TYPE    OFFSET  SIZE
====                                    =====   ======  ====    ======  ====


P1_0 . . . . . . . . . . . . . . . . .  ABSBIT   -----  BIT      0090H  1
P0_1 . . . . . . . . . . . . . . . . .  ABSBIT   -----  BIT      0081H  1
ADCH . . . . . . . . . . . . . . . . .  SFR      DATA   U_CHAR   00C3H  1
RTCDATL. . . . . . . . . . . . . . . .  PUBLIC   XDATA  U_CHAR   FFA9H  1
BLE_DRV_OPERATION_INDEX. . . . . . . .  TYPEDEF  -----  U_CHAR   -----  1
LIB_E2P_SOFTI_J. . . . . . . . . . . .  E_CONST  -----  U_CHAR   -----  1
P2_0 . . . . . . . . . . . . . . . . .  ABSBIT   -----  BIT      00A0H  1
P1_1 . . . . . . . . . . . . . . . . .  ABSBIT   -----  BIT      0091H  1
P0_2 . . . . . . . . . . . . . . . . .  ABSBIT   -----  BIT      0082H  1
IPH0 . . . . . . . . . . . . . . . . .  SFR      DATA   U_CHAR   00BAH  1
DPL1 . . . . . . . . . . . . . . . . .  SFR      DATA   U_CHAR   0084H  1
size_t . . . . . . . . . . . . . . . .  TYPEDEF  -----  U_INT    -----  2
LIB_E2P_FUN_CONFIG_BAK . . . . . . . .  E_CONST  -----  U_CHAR   -----  1
GStr_MONITOR_Tpye. . . . . . . . . . .  TYPEDEF  -----  STRUCT   -----  63
  ulTimer_ms . . . . . . . . . . . . .  MEMBER   -----  U_LONG   0000H  4
  ulTimer_ms_old . . . . . . . . . . .  MEMBER   -----  U_LONG   0004H  4
  ulTimerClrWDT. . . . . . . . . . . .  MEMBER   -----  U_LONG   0008H  4
  ulTimerMin . . . . . . . . . . . . .  MEMBER   -----  U_LONG   000CH  4
  ulTimer5ms . . . . . . . . . . . . .  MEMBER   -----  U_LONG   0010H  4
  ucPowerOnTimer . . . . . . . . . . .  MEMBER   -----  U_CHAR   0014H  1
  ulTimers . . . . . . . . . . . . . .  MEMBER   -----  U_LONG   0015H  4
  ulUpDateUIPTime. . . . . . . . . . .  MEMBER   -----  U_LONG   0019H  4
  ulSoftI_JTime. . . . . . . . . . . .  MEMBER   -----  U_LONG   001DH  4
  usSoftI_JTimeCRC16 . . . . . . . . .  MEMBER   -----  U_INT    0021H  2
  usPasswordErrTime. . . . . . . . . .  MEMBER   -----  ARRAY    0023H  8
  ucCommSymbolTime . . . . . . . . . .  MEMBER   -----  U_CHAR   002BH  1
  ucPowerLimitNum. . . . . . . . . . .  MEMBER   -----  U_CHAR   002CH  1
  ulOverDemandCloseTime. . . . . . . .  MEMBER   -----  U_LONG   002DH  4
  ulProgEventDelayTime . . . . . . . .  MEMBER   -----  U_LONG   0031H  4
  ulReadRandom2DelayTime . . . . . . .  MEMBER   -----  U_LONG   0035H  4
  ucBleAdvCnt. . . . . . . . . . . . .  MEMBER   -----  U_CHAR   0039H  1
  ucBleConnectCnt. . . . . . . . . . .  MEMBER   -----  U_CHAR   003AH  1
  ulPulsewidth . . . . . . . . . . . .  MEMBER   -----  U_LONG   003BH  4
P3_0 . . . . . . . . . . . . . . . . .  ABSBIT   -----  BIT      00B0H  1
P2_1 . . . . . . . . . . . . . . . . .  ABSBIT   -----  BIT      00A1H  1
P1_2 . . . . . . . . . . . . . . . . .  ABSBIT   -----  BIT      0092H  1
P0_3 . . . . . . . . . . . . . . . . .  ABSBIT   -----  BIT      0083H  1
IPH1 . . . . . . . . . . . . . . . . .  SFR      DATA   U_CHAR   00BBH  1
COMM_BLE_MAC . . . . . . . . . . . . .  E_CONST  -----  U_CHAR   -----  1
P4_0 . . . . . . . . . . . . . . . . .  ABSBIT   -----  BIT      00C0H  1
P3_1 . . . . . . . . . . . . . . . . .  ABSBIT   -----  BIT      00B1H  1
P2_2 . . . . . . . . . . . . . . . . .  ABSBIT   -----  BIT      00A2H  1
P1_3 . . . . . . . . . . . . . . . . .  ABSBIT   -----  BIT      0093H  1
P0_4 . . . . . . . . . . . . . . . . .  ABSBIT   -----  BIT      0084H  1
EXF0 . . . . . . . . . . . . . . . . .  SFR      DATA   U_CHAR   00E8H  1
S7816STA . . . . . . . . . . . . . . .  PUBLIC   XDATA  U_CHAR   FFCBH  1
RTCWR. . . . . . . . . . . . . . . . .  PUBLIC   XDATA  U_CHAR   FFB4H  1
P4_1 . . . . . . . . . . . . . . . . .  ABSBIT   -----  BIT      00C1H  1
P3_2 . . . . . . . . . . . . . . . . .  ABSBIT   -----  BIT      00B2H  1
P2_3 . . . . . . . . . . . . . . . . .  ABSBIT   -----  BIT      00A3H  1
P1_4 . . . . . . . . . . . . . . . . .  ABSBIT   -----  BIT      0094H  1
P0_5 . . . . . . . . . . . . . . . . .  ABSBIT   -----  BIT      0085H  1
P4_2 . . . . . . . . . . . . . . . . .  ABSBIT   -----  BIT      00C2H  1
P3_3 . . . . . . . . . . . . . . . . .  ABSBIT   -----  BIT      00B3H  1
P2_4 . . . . . . . . . . . . . . . . .  ABSBIT   -----  BIT      00A4H  1
P1_5 . . . . . . . . . . . . . . . . .  ABSBIT   -----  BIT      0095H  1
P0_6 . . . . . . . . . . . . . . . . .  ABSBIT   -----  BIT      0086H  1
C51 COMPILER V9.54   MAINPRO                                                               11/18/2021 18:54:13 PAGE 8   

NAME                                    CLASS   MSPACE  TYPE    OFFSET  SIZE
====                                    =====   ======  ====    ======  ====


EXF2 . . . . . . . . . . . . . . . . .  ABSBIT   -----  BIT      00CEH  1
TKF0 . . . . . . . . . . . . . . . . .  SFR      DATA   U_CHAR   00A6H  1
IPL0 . . . . . . . . . . . . . . . . .  SFR      DATA   U_CHAR   00B8H  1
P0CR . . . . . . . . . . . . . . . . .  PUBLIC   XDATA  U_CHAR   FFE0H  1
LIB_E2P_ENRGY_BAK. . . . . . . . . . .  E_CONST  -----  U_CHAR   -----  1
P4_3 . . . . . . . . . . . . . . . . .  ABSBIT   -----  BIT      00C3H  1
P3_4 . . . . . . . . . . . . . . . . .  ABSBIT   -----  BIT      00B4H  1
P2_5 . . . . . . . . . . . . . . . . .  ABSBIT   -----  BIT      00A5H  1
P1_6 . . . . . . . . . . . . . . . . .  ABSBIT   -----  BIT      0096H  1
P0_7 . . . . . . . . . . . . . . . . .  ABSBIT   -----  BIT      0087H  1
REN1 . . . . . . . . . . . . . . . . .  ABSBIT   -----  BIT      00DCH  1
IPL1 . . . . . . . . . . . . . . . . .  SFR      DATA   U_CHAR   00B9H  1
P1CR . . . . . . . . . . . . . . . . .  PUBLIC   XDATA  U_CHAR   FFE1H  1
LIB_E2P_EventNum . . . . . . . . . . .  E_CONST  -----  U_CHAR   -----  1
long32 . . . . . . . . . . . . . . . .  TYPEDEF  -----  LONG     -----  4
P4_4 . . . . . . . . . . . . . . . . .  ABSBIT   -----  BIT      00C4H  1
P3_5 . . . . . . . . . . . . . . . . .  ABSBIT   -----  BIT      00B5H  1
P2_6 . . . . . . . . . . . . . . . . .  ABSBIT   -----  BIT      00A6H  1
P1_7 . . . . . . . . . . . . . . . . .  ABSBIT   -----  BIT      0097H  1
TK0H . . . . . . . . . . . . . . . . .  SFR      DATA   U_CHAR   00E2H  1
SUSLO. . . . . . . . . . . . . . . . .  SFR      DATA   U_CHAR   008EH  1
P2CR . . . . . . . . . . . . . . . . .  PUBLIC   XDATA  U_CHAR   FFE2H  1
P4_5 . . . . . . . . . . . . . . . . .  ABSBIT   -----  BIT      00C5H  1
P3_6 . . . . . . . . . . . . . . . . .  ABSBIT   -----  BIT      00B6H  1
P2_7 . . . . . . . . . . . . . . . . .  ABSBIT   -----  BIT      00A7H  1
TK1H . . . . . . . . . . . . . . . . .  SFR      DATA   U_CHAR   00E4H  1
P3CR . . . . . . . . . . . . . . . . .  PUBLIC   XDATA  U_CHAR   FFE3H  1
P4_6 . . . . . . . . . . . . . . . . .  ABSBIT   -----  BIT      00C6H  1
P3_7 . . . . . . . . . . . . . . . . .  ABSBIT   -----  BIT      00B7H  1
TK2H . . . . . . . . . . . . . . . . .  SFR      DATA   U_CHAR   00E6H  1
HR . . . . . . . . . . . . . . . . . .  PUBLIC   XDATA  U_CHAR   FFA3H  1
P4CR . . . . . . . . . . . . . . . . .  PUBLIC   XDATA  U_CHAR   FFE4H  1
LIB_E2P_Money_BAK. . . . . . . . . . .  E_CONST  -----  U_CHAR   -----  1
short16. . . . . . . . . . . . . . . .  TYPEDEF  -----  INT      -----  2
P4_7 . . . . . . . . . . . . . . . . .  ABSBIT   -----  BIT      00C7H  1
RI . . . . . . . . . . . . . . . . . .  ABSBIT   -----  BIT      0098H  1
P5CR . . . . . . . . . . . . . . . . .  PUBLIC   XDATA  U_CHAR   FFE5H  1
E7816. . . . . . . . . . . . . . . . .  ABSBIT   -----  BIT      00AAH  1
CY . . . . . . . . . . . . . . . . . .  ABSBIT   -----  BIT      00D7H  1
TK0L . . . . . . . . . . . . . . . . .  SFR      DATA   U_CHAR   00E1H  1
P6CR . . . . . . . . . . . . . . . . .  PUBLIC   XDATA  U_CHAR   FFE6H  1
API_COMM_STATUS_ERROR. . . . . . . . .  E_CONST  -----  U_CHAR   -----  1
TI . . . . . . . . . . . . . . . . . .  ABSBIT   -----  BIT      0099H  1
EADR . . . . . . . . . . . . . . . . .  SFR      DATA   U_CHAR   0091H  1
TK1L . . . . . . . . . . . . . . . . .  SFR      DATA   U_CHAR   00E3H  1
P7CR . . . . . . . . . . . . . . . . .  PUBLIC   XDATA  U_CHAR   FFE7H  1
TK2L . . . . . . . . . . . . . . . . .  SFR      DATA   U_CHAR   00E5H  1
SADEN1 . . . . . . . . . . . . . . . .  SFR      DATA   U_CHAR   00DBH  1
P8CR . . . . . . . . . . . . . . . . .  PUBLIC   XDATA  U_CHAR   FFE8H  1
SM10_FE1 . . . . . . . . . . . . . . .  ABSBIT   -----  BIT      00DFH  1
SADEN2 . . . . . . . . . . . . . . . .  SFR      DATA   U_CHAR   00FBH  1
S7816WTH . . . . . . . . . . . . . . .  PUBLIC   XDATA  U_CHAR   FFC3H  1
P9CR . . . . . . . . . . . . . . . . .  PUBLIC   XDATA  U_CHAR   FFE9H  1
LIB_E2P_EMU_CALPARA. . . . . . . . . .  E_CONST  -----  U_CHAR   -----  1
GStr_ENERGY_PULSE_Type . . . . . . . .  TYPEDEF  -----  STRUCT   -----  8
  ucPulseAdd . . . . . . . . . . . . .  MEMBER   -----  U_CHAR   0000H  1
  ucPulseAddBusy . . . . . . . . . . .  MEMBER   -----  U_CHAR   0001H  1
C51 COMPILER V9.54   MAINPRO                                                               11/18/2021 18:54:13 PAGE 9   

NAME                                    CLASS   MSPACE  TYPE    OFFSET  SIZE
====                                    =====   ======  ====    ======  ====


  ucPulseStatu . . . . . . . . . . . .  MEMBER   -----  U_CHAR   0002H  1
  ucPulseDecimal . . . . . . . . . . .  MEMBER   -----  U_CHAR   0003H  1
  ucPulseDecSavePtr. . . . . . . . . .  MEMBER   -----  U_CHAR   0004H  1
  ucPulseDecSaveNoFF . . . . . . . . .  MEMBER   -----  U_CHAR   0005H  1
  ucaPulseRemain . . . . . . . . . . .  MEMBER   -----  ARRAY    0006H  2
PS0L . . . . . . . . . . . . . . . . .  ABSBIT   -----  BIT      00BCH  1
SADEN3 . . . . . . . . . . . . . . . .  PUBLIC   XDATA  U_CHAR   FFD3H  1
PT0L . . . . . . . . . . . . . . . . .  ABSBIT   -----  BIT      00B9H  1
SADDR1 . . . . . . . . . . . . . . . .  SFR      DATA   U_CHAR   00DAH  1
LIB_E2P_INDEX_MAX. . . . . . . . . . .  E_CONST  -----  U_CHAR   -----  1
LIB_E2P_Display_Para . . . . . . . . .  E_CONST  -----  U_CHAR   -----  1
SM12_TXCOL1. . . . . . . . . . . . . .  ABSBIT   -----  BIT      00DDH  1
PT1L . . . . . . . . . . . . . . . . .  ABSBIT   -----  BIT      00BBH  1
SADDR2 . . . . . . . . . . . . . . . .  SFR      DATA   U_CHAR   00FAH  1
RCAP2H . . . . . . . . . . . . . . . .  SFR      DATA   U_CHAR   00CBH  1
COMM_BLE_MOD . . . . . . . . . . . . .  E_CONST  -----  U_CHAR   -----  1
ApiMntr_MonitorTask. . . . . . . . . .  EXTERN   CODE   PROC     -----  -----
PT2L . . . . . . . . . . . . . . . . .  ABSBIT   -----  BIT      00BDH  1
SP . . . . . . . . . . . . . . . . . .  SFR      DATA   U_CHAR   0081H  1
S7816WTL . . . . . . . . . . . . . . .  PUBLIC   XDATA  U_CHAR   FFC4H  1
SADDR3 . . . . . . . . . . . . . . . .  PUBLIC   XDATA  U_CHAR   FFD2H  1
P0OS . . . . . . . . . . . . . . . . .  PUBLIC   XDATA  U_CHAR   FF88H  1
ApiPwOff_PowerOffTask. . . . . . . . .  EXTERN   CODE   PROC     -----  -----
INT32S . . . . . . . . . . . . . . . .  TYPEDEF  -----  LONG     -----  4
OV . . . . . . . . . . . . . . . . . .  ABSBIT   -----  BIT      00D2H  1
P2OS . . . . . . . . . . . . . . . . .  PUBLIC   XDATA  U_CHAR   FF89H  1
EMU_COMM_TRIPCAL_TAB_Type. . . . . . .  TYPEDEF  -----  STRUCT   -----  4
  ucCommDI1. . . . . . . . . . . . . .  MEMBER   -----  U_CHAR   0000H  1
  ucEmuAddr. . . . . . . . . . . . . .  MEMBER   -----  ARRAY    0001H  3
LIB_E2P_EventNumPiont. . . . . . . . .  E_CONST  -----  U_CHAR   -----  1
GStr_METER_IFO_Type. . . . . . . . . .  TYPEDEF  -----  STRUCT   -----  27
  ucaCommAddr. . . . . . . . . . . . .  MEMBER   -----  ARRAY    0000H  6
  ucaMeterID . . . . . . . . . . . . .  MEMBER   -----  ARRAY    0006H  6
  ucaUserID. . . . . . . . . . . . . .  MEMBER   -----  ARRAY    000CH  6
  ucVoltageTrans . . . . . . . . . . .  MEMBER   -----  ARRAY    0012H  3
  ucCurrentTrans . . . . . . . . . . .  MEMBER   -----  ARRAY    0015H  3
  ucBpsVal . . . . . . . . . . . . . .  MEMBER   -----  U_CHAR   0018H  1
  usCRC16. . . . . . . . . . . . . . .  MEMBER   -----  U_INT    0019H  2
RCAP2L . . . . . . . . . . . . . . . .  SFR      DATA   U_CHAR   00CAH  1
P3OS . . . . . . . . . . . . . . . . .  PUBLIC   XDATA  U_CHAR   FF8AH  1
main . . . . . . . . . . . . . . . . .  PUBLIC   CODE   PROC     0000H  -----
INT32U . . . . . . . . . . . . . . . .  TYPEDEF  -----  U_LONG   -----  4
INT16S . . . . . . . . . . . . . . . .  TYPEDEF  -----  INT      -----  2
INT16U . . . . . . . . . . . . . . . .  TYPEDEF  -----  U_INT    -----  2
PX4L . . . . . . . . . . . . . . . . .  ABSBIT   -----  BIT      00B8H  1
C_T2 . . . . . . . . . . . . . . . . .  ABSBIT   -----  BIT      00C9H  1
SFINE2 . . . . . . . . . . . . . . . .  SFR      DATA   U_CHAR   00DEH  1
TRIPEMU_UIPKms_Type. . . . . . . . . .  TYPEDEF  -----  STRUCT   -----  6
  ulaKmsuip. . . . . . . . . . . . . .  MEMBER   -----  U_LONG   0000H  4
  usCRC16. . . . . . . . . . . . . . .  MEMBER   -----  U_INT    0004H  2
GStr_BLE_GROUP_Type. . . . . . . . . .  TYPEDEF  -----  STRUCT   -----  26
  ucBleMAC . . . . . . . . . . . . . .  MEMBER   -----  ARRAY    0000H  6
  ucBleName. . . . . . . . . . . . . .  MEMBER   -----  ARRAY    0006H  12
  ucBleKey . . . . . . . . . . . . . .  MEMBER   -----  ARRAY    0012H  3
  usAdvTime. . . . . . . . . . . . . .  MEMBER   -----  U_INT    0015H  2
  ucBleTPL . . . . . . . . . . . . . .  MEMBER   -----  U_CHAR   0017H  1
  usCRC16. . . . . . . . . . . . . . .  MEMBER   -----  U_INT    0018H  2
C51 COMPILER V9.54   MAINPRO                                                               11/18/2021 18:54:13 PAGE 10  

NAME                                    CLASS   MSPACE  TYPE    OFFSET  SIZE
====                                    =====   ======  ====    ======  ====


YR . . . . . . . . . . . . . . . . . .  PUBLIC   XDATA  U_CHAR   FFA6H  1
TKCH . . . . . . . . . . . . . . . . .  PUBLIC   XDATA  U_CHAR   FF91H  1
P4SS . . . . . . . . . . . . . . . . .  PUBLIC   XDATA  U_CHAR   FF80H  1
COMM_BLE_MFV . . . . . . . . . . . . .  E_CONST  -----  U_CHAR   -----  1
SBSC . . . . . . . . . . . . . . . . .  PUBLIC   XDATA  U_CHAR   FFA0H  1
P5SS . . . . . . . . . . . . . . . . .  PUBLIC   XDATA  U_CHAR   FF81H  1
GStr_EventNumPiont_Type. . . . . . . .  TYPEDEF  -----  STRUCT   -----  8
  uc_Num . . . . . . . . . . . . . . .  MEMBER   -----  ARRAY    0000H  6
  usCRC16. . . . . . . . . . . . . . .  MEMBER   -----  U_INT    0006H  2
P6SS . . . . . . . . . . . . . . . . .  PUBLIC   XDATA  U_CHAR   FF82H  1
IRCON1 . . . . . . . . . . . . . . . .  SFR      DATA   U_CHAR   00ADH  1
P7SS . . . . . . . . . . . . . . . . .  PUBLIC   XDATA  U_CHAR   FF83H  1
ApiComm_CommTask . . . . . . . . . . .  EXTERN   CODE   PROC     -----  -----
IRCON2 . . . . . . . . . . . . . . . .  SFR      DATA   U_CHAR   00AFH  1
P8SS . . . . . . . . . . . . . . . . .  PUBLIC   XDATA  U_CHAR   FF84H  1
GStr_Comm_MAP. . . . . . . . . . . . .  TYPEDEF  -----  STRUCT   -----  14
  ucaDataId. . . . . . . . . . . . . .  MEMBER   -----  U_LONG   0000H  4
  ucaRamAdd. . . . . . . . . . . . . .  MEMBER   -----  PTR      0004H  3
  IsWrite. . . . . . . . . . . . . . .  MEMBER   -----  U_CHAR   0007H  1
  ucaE2pIndex. . . . . . . . . . . . .  MEMBER   -----  U_INT    0008H  2
  ucaE2offset. . . . . . . . . . . . .  MEMBER   -----  U_CHAR   000AH  1
  ucaDataLen . . . . . . . . . . . . .  MEMBER   -----  U_CHAR   000BH  1
  IsBCD. . . . . . . . . . . . . . . .  MEMBER   -----  U_CHAR   000CH  1
  EEIsHEX. . . . . . . . . . . . . . .  MEMBER   -----  U_CHAR   000DH  1
ApiPwOn_McuReset . . . . . . . . . . .  EXTERN   CODE   PROC     -----  -----
API_COMM_STATUS_IDLE . . . . . . . . .  E_CONST  -----  U_CHAR   -----  1
EXCON1 . . . . . . . . . . . . . . . .  SFR      DATA   U_CHAR   00ABH  1
P9SS . . . . . . . . . . . . . . . . .  PUBLIC   XDATA  U_CHAR   FF85H  1
SBUF . . . . . . . . . . . . . . . . .  SFR      DATA   U_CHAR   0099H  1
EXCON2 . . . . . . . . . . . . . . . .  SFR      DATA   U_CHAR   00ACH  1
PCON . . . . . . . . . . . . . . . . .  SFR      DATA   U_CHAR   0087H  1
B32_B08. . . . . . . . . . . . . . . .  * TAG *  -----  UNION    -----  4
  B08. . . . . . . . . . . . . . . . .  MEMBER   -----  ARRAY    0000H  4
  B16. . . . . . . . . . . . . . . . .  MEMBER   -----  ARRAY    0000H  4
  B32. . . . . . . . . . . . . . . . .  MEMBER   -----  U_LONG   0000H  4
AUXC . . . . . . . . . . . . . . . . .  SFR      DATA   U_CHAR   00F1H  1
COMM_BLE_TPL . . . . . . . . . . . . .  E_CONST  -----  U_CHAR   -----  1
GStr_UART_COMM_Type. . . . . . . . . .  TYPEDEF  -----  STRUCT   -----  423
  ucCommChStatus . . . . . . . . . . .  MEMBER   -----  U_CHAR   0000H  1
  ucCommRevStep. . . . . . . . . . . .  MEMBER   -----  U_CHAR   0001H  1
  ucCommRevLen . . . . . . . . . . . .  MEMBER   -----  U_CHAR   0002H  1
  ucCommSndLen . . . . . . . . . . . .  MEMBER   -----  U_CHAR   0003H  1
  ucCommSndCnt . . . . . . . . . . . .  MEMBER   -----  U_CHAR   0004H  1
  ucCommAddrType . . . . . . . . . . .  MEMBER   -----  U_CHAR   0005H  1
  ucCommError. . . . . . . . . . . . .  MEMBER   -----  U_CHAR   0006H  1
  ulCommTimeInit . . . . . . . . . . .  MEMBER   -----  U_LONG   0007H  4
  ulCommRcvByteOverTime. . . . . . . .  MEMBER   -----  U_LONG   000BH  4
  ulCommSndByteOverTime. . . . . . . .  MEMBER   -----  U_LONG   000FH  4
  ulCommRspOverTime. . . . . . . . . .  MEMBER   -----  U_LONG   0013H  4
  ucaCommRXBuff. . . . . . . . . . . .  MEMBER   -----  ARRAY    0017H  200
  ucaCommTXBuff. . . . . . . . . . . .  MEMBER   -----  ARRAY    00DFH  200
GStr_ENERGY_Type . . . . . . . . . . .  TYPEDEF  -----  STRUCT   -----  10
  ucaFw_Energy . . . . . . . . . . . .  MEMBER   -----  ARRAY    0000H  4
  ucaBk_Energy . . . . . . . . . . . .  MEMBER   -----  ARRAY    0004H  4
  usCRC16. . . . . . . . . . . . . . .  MEMBER   -----  U_INT    0008H  2
GU_B32_B08_Type. . . . . . . . . . . .  TYPEDEF  -----  UNION    -----  4
  B08. . . . . . . . . . . . . . . . .  MEMBER   -----  ARRAY    0000H  4
C51 COMPILER V9.54   MAINPRO                                                               11/18/2021 18:54:13 PAGE 11  

NAME                                    CLASS   MSPACE  TYPE    OFFSET  SIZE
====                                    =====   ======  ====    ======  ====


  B16. . . . . . . . . . . . . . . . .  MEMBER   -----  ARRAY    0000H  4
  B32. . . . . . . . . . . . . . . . .  MEMBER   -----  U_LONG   0000H  4
SCON . . . . . . . . . . . . . . . . .  SFR      DATA   U_CHAR   0098H  1
TK0BASEH . . . . . . . . . . . . . . .  SFR      DATA   U_CHAR   00D4H  1
TMOD . . . . . . . . . . . . . . . . .  SFR      DATA   U_CHAR   0089H  1
TCON . . . . . . . . . . . . . . . . .  SFR      DATA   U_CHAR   0088H  1
IENX . . . . . . . . . . . . . . . . .  SFR      DATA   U_CHAR   00AAH  1
IB_OFFSET. . . . . . . . . . . . . . .  SFR      DATA   U_CHAR   00EEH  1
TK1BASEH . . . . . . . . . . . . . . .  SFR      DATA   U_CHAR   00D6H  1
SBRT1H . . . . . . . . . . . . . . . .  SFR      DATA   U_CHAR   00DCH  1
P0DRVH . . . . . . . . . . . . . . . .  PUBLIC   XDATA  U_CHAR   FF8BH  1
TK2BASEH . . . . . . . . . . . . . . .  SFR      DATA   U_CHAR   00DFH  1
SBRT2H . . . . . . . . . . . . . . . .  SFR      DATA   U_CHAR   00FCH  1
RSTSTAT. . . . . . . . . . . . . . . .  SFR      DATA   U_CHAR   00B1H  1
SBRT3H . . . . . . . . . . . . . . . .  PUBLIC   XDATA  U_CHAR   FFD4H  1
P2DRVH . . . . . . . . . . . . . . . .  PUBLIC   XDATA  U_CHAR   FF8DH  1
LIB_E2P_Password . . . . . . . . . . .  E_CONST  -----  U_CHAR   -----  1
TK0BASEL . . . . . . . . . . . . . . .  SFR      DATA   U_CHAR   00D3H  1
S7816IE. . . . . . . . . . . . . . . .  PUBLIC   XDATA  U_CHAR   FFCAH  1
LIB_E2P_BLE_PARA . . . . . . . . . . .  E_CONST  -----  U_CHAR   -----  1
LIB_E2P_RUN_STATE. . . . . . . . . . .  E_CONST  -----  U_CHAR   -----  1
TK1BASEL . . . . . . . . . . . . . . .  SFR      DATA   U_CHAR   00D5H  1
SBRT1L . . . . . . . . . . . . . . . .  SFR      DATA   U_CHAR   00DDH  1
COMM_BLE_TTP . . . . . . . . . . . . .  E_CONST  -----  U_CHAR   -----  1
TK2BASEL . . . . . . . . . . . . . . .  SFR      DATA   U_CHAR   00D7H  1
SBRT2L . . . . . . . . . . . . . . . .  SFR      DATA   U_CHAR   00FDH  1
RTCECH . . . . . . . . . . . . . . . .  PUBLIC   XDATA  U_CHAR   FFB9H  1
P1DRVL . . . . . . . . . . . . . . . .  PUBLIC   XDATA  U_CHAR   FF8CH  1
API_COMM_STATUS_SEND . . . . . . . . .  E_CONST  -----  U_CHAR   -----  1
SM0_FE . . . . . . . . . . . . . . . .  ABSBIT   -----  BIT      009FH  1
CLKCON . . . . . . . . . . . . . . . .  SFR      DATA   U_CHAR   00B2H  1
SBRT3L . . . . . . . . . . . . . . . .  PUBLIC   XDATA  U_CHAR   FFD5H  1
API_COMM_STATUS_RECV_OK. . . . . . . .  E_CONST  -----  U_CHAR   -----  1
S7816EN. . . . . . . . . . . . . . . .  PUBLIC   XDATA  U_CHAR   FFC0H  1
SM2_TXCOL. . . . . . . . . . . . . . .  ABSBIT   -----  BIT      009DH  1
RTCECL . . . . . . . . . . . . . . . .  PUBLIC   XDATA  U_CHAR   FFB8H  1
LDOCON . . . . . . . . . . . . . . . .  SFR      DATA   U_CHAR   00B5H  1
B. . . . . . . . . . . . . . . . . . .  SFR      DATA   U_CHAR   00F0H  1
API_COMM_STATUS_RECV . . . . . . . . .  E_CONST  -----  U_CHAR   -----  1
CP_RL2 . . . . . . . . . . . . . . . .  ABSBIT   -----  BIT      00C8H  1
LIB_E2P_EMU_UIPKms . . . . . . . . . .  E_CONST  -----  U_CHAR   -----  1
RTCALM . . . . . . . . . . . . . . . .  PUBLIC   XDATA  U_CHAR   FFAAH  1
GStr_UIP_GROUP_Type. . . . . . . . . .  TYPEDEF  -----  STRUCT   -----  68
  ulVoltage. . . . . . . . . . . . . .  MEMBER   -----  ARRAY    0000H  16
  ulCurrent. . . . . . . . . . . . . .  MEMBER   -----  ARRAY    0010H  16
  ulPower. . . . . . . . . . . . . . .  MEMBER   -----  ARRAY    0020H  16
  ulFactory. . . . . . . . . . . . . .  MEMBER   -----  ARRAY    0030H  16
  ulFrequency. . . . . . . . . . . . .  MEMBER   -----  U_LONG   0040H  4
ENUM_API_COMM_STATUS . . . . . . . . .  TYPEDEF  -----  U_CHAR   -----  1
LibPub_GetTimerBeat. . . . . . . . . .  EXTERN   CODE   PROC     -----  -----
ACC. . . . . . . . . . . . . . . . . .  SFR      DATA   U_CHAR   00E0H  1
TKST . . . . . . . . . . . . . . . . .  PUBLIC   XDATA  U_CHAR   FF9AH  1
ES0. . . . . . . . . . . . . . . . . .  ABSBIT   -----  BIT      00ACH  1
ET0. . . . . . . . . . . . . . . . . .  ABSBIT   -----  BIT      00A9H  1
ET1. . . . . . . . . . . . . . . . . .  ABSBIT   -----  BIT      00ABH  1
TF0. . . . . . . . . . . . . . . . . .  ABSBIT   -----  BIT      008DH  1
ET2. . . . . . . . . . . . . . . . . .  ABSBIT   -----  BIT      00ADH  1
C51 COMPILER V9.54   MAINPRO                                                               11/18/2021 18:54:13 PAGE 12  

NAME                                    CLASS   MSPACE  TYPE    OFFSET  SIZE
====                                    =====   ======  ====    ======  ====


TF1. . . . . . . . . . . . . . . . . .  ABSBIT   -----  BIT      008FH  1
RTCCON . . . . . . . . . . . . . . . .  PUBLIC   XDATA  U_CHAR   FFB3H  1
RI1. . . . . . . . . . . . . . . . . .  ABSBIT   -----  BIT      00D8H  1
RB8. . . . . . . . . . . . . . . . . .  ABSBIT   -----  BIT      009AH  1
TF2. . . . . . . . . . . . . . . . . .  ABSBIT   -----  BIT      00CFH  1
TH0. . . . . . . . . . . . . . . . . .  SFR      DATA   U_CHAR   008CH  1
INSCON . . . . . . . . . . . . . . . .  SFR      DATA   U_CHAR   0086H  1
TH1. . . . . . . . . . . . . . . . . .  SFR      DATA   U_CHAR   008DH  1
A0SEC. . . . . . . . . . . . . . . . .  PUBLIC   XDATA  U_CHAR   FFABH  1
uchar8 . . . . . . . . . . . . . . . .  TYPEDEF  -----  U_CHAR   -----  1
TI1. . . . . . . . . . . . . . . . . .  ABSBIT   -----  BIT      00D9H  1
TB8. . . . . . . . . . . . . . . . . .  ABSBIT   -----  BIT      009BH  1
TH2. . . . . . . . . . . . . . . . . .  SFR      DATA   U_CHAR   00CDH  1
EGTSET . . . . . . . . . . . . . . . .  PUBLIC   XDATA  U_CHAR   FFC2H  1
A1SEC. . . . . . . . . . . . . . . . .  PUBLIC   XDATA  U_CHAR   FFB0H  1
LIB_E2P_EMU_CALPARA_BAK. . . . . . . .  E_CONST  -----  U_CHAR   -----  1
GStr_Monitor . . . . . . . . . . . . .  EXTERN   XDATA  STRUCT   -----  63
uint8_t. . . . . . . . . . . . . . . .  TYPEDEF  -----  U_CHAR   -----  1
P. . . . . . . . . . . . . . . . . . .  ABSBIT   -----  BIT      00D0H  1
GStr_UIP_DISPLAY_Type. . . . . . . . .  TYPEDEF  -----  STRUCT   -----  135
  ucVoltage. . . . . . . . . . . . . .  MEMBER   -----  ARRAY    0000H  4
  ucVoltageA . . . . . . . . . . . . .  MEMBER   -----  ARRAY    0004H  4
  ucVoltageB . . . . . . . . . . . . .  MEMBER   -----  ARRAY    0008H  4
  ucVoltageC . . . . . . . . . . . . .  MEMBER   -----  ARRAY    000CH  4
  ucCOMMVoltage. . . . . . . . . . . .  MEMBER   -----  ARRAY    0010H  4
  ucCOMMVoltageA . . . . . . . . . . .  MEMBER   -----  ARRAY    0014H  4
  ucCOMMVoltageB . . . . . . . . . . .  MEMBER   -----  ARRAY    0018H  4
  ucCOMMVoltageC . . . . . . . . . . .  MEMBER   -----  ARRAY    001CH  4
  ucCurrent. . . . . . . . . . . . . .  MEMBER   -----  ARRAY    0020H  4
  ucCurrentA . . . . . . . . . . . . .  MEMBER   -----  ARRAY    0024H  4
  ucCurrentB . . . . . . . . . . . . .  MEMBER   -----  ARRAY    0028H  4
  ucCurrentC . . . . . . . . . . . . .  MEMBER   -----  ARRAY    002CH  4
  ucCOMMCurrent. . . . . . . . . . . .  MEMBER   -----  ARRAY    0030H  4
  ucCOMMCurrentA . . . . . . . . . . .  MEMBER   -----  ARRAY    0034H  4
  ucCOMMCurrentB . . . . . . . . . . .  MEMBER   -----  ARRAY    0038H  4
  ucCOMMCurrentC . . . . . . . . . . .  MEMBER   -----  ARRAY    003CH  4
  ucPower. . . . . . . . . . . . . . .  MEMBER   -----  ARRAY    0040H  4
  ucPowerA . . . . . . . . . . . . . .  MEMBER   -----  ARRAY    0044H  4
  ucPowerB . . . . . . . . . . . . . .  MEMBER   -----  ARRAY    0048H  4
  ucPowerC . . . . . . . . . . . . . .  MEMBER   -----  ARRAY    004CH  4
  ucCOMMPower. . . . . . . . . . . . .  MEMBER   -----  ARRAY    0050H  4
  ucCOMMPowerA . . . . . . . . . . . .  MEMBER   -----  ARRAY    0054H  4
  ucCOMMPowerB . . . . . . . . . . . .  MEMBER   -----  ARRAY    0058H  4
  ucCOMMPowerC . . . . . . . . . . . .  MEMBER   -----  ARRAY    005CH  4
  ucFactory. . . . . . . . . . . . . .  MEMBER   -----  ARRAY    0060H  4
  ucFactoryA . . . . . . . . . . . . .  MEMBER   -----  ARRAY    0064H  4
  ucFactoryB . . . . . . . . . . . . .  MEMBER   -----  ARRAY    0068H  4
  ucFactoryC . . . . . . . . . . . . .  MEMBER   -----  ARRAY    006CH  4
  ucCOMMFactory. . . . . . . . . . . .  MEMBER   -----  ARRAY    0070H  4
  ucCOMMFactoryA . . . . . . . . . . .  MEMBER   -----  ARRAY    0074H  4
  ucCOMMFactoryB . . . . . . . . . . .  MEMBER   -----  ARRAY    0078H  4
  ucCOMMFactoryC . . . . . . . . . . .  MEMBER   -----  ARRAY    007CH  4
  ucFrequency. . . . . . . . . . . . .  MEMBER   -----  ARRAY    0080H  4
  ucMeterConst . . . . . . . . . . . .  MEMBER   -----  ARRAY    0084H  3
TL0. . . . . . . . . . . . . . . . . .  SFR      DATA   U_CHAR   008AH  1
A0DAY. . . . . . . . . . . . . . . . .  PUBLIC   XDATA  U_CHAR   FFAEH  1
EX4. . . . . . . . . . . . . . . . . .  ABSBIT   -----  BIT      00A8H  1
C51 COMPILER V9.54   MAINPRO                                                               11/18/2021 18:54:13 PAGE 13  

NAME                                    CLASS   MSPACE  TYPE    OFFSET  SIZE
====                                    =====   ======  ====    ======  ====


TL1. . . . . . . . . . . . . . . . . .  SFR      DATA   U_CHAR   008BH  1
FLASHCON . . . . . . . . . . . . . . .  SFR      DATA   U_CHAR   00A7H  1
LIB_E2P_Money_Para . . . . . . . . . .  E_CONST  -----  U_CHAR   -----  1
TL2. . . . . . . . . . . . . . . . . .  SFR      DATA   U_CHAR   00CCH  1
LIB_E2P_ENERGY_DECPULSE_BK . . . . . .  E_CONST  -----  U_CHAR   -----  1
TKVREF . . . . . . . . . . . . . . . .  PUBLIC   XDATA  U_CHAR   FF90H  1
LIB_E2P_AvailTimer . . . . . . . . . .  E_CONST  -----  U_CHAR   -----  1
RS0. . . . . . . . . . . . . . . . . .  ABSBIT   -----  BIT      00D3H  1
ADCDH. . . . . . . . . . . . . . . . .  SFR      DATA   U_CHAR   00C5H  1
LIB_E2P_Price. . . . . . . . . . . . .  E_CONST  -----  U_CHAR   -----  1
GStr_AVAIL_Type. . . . . . . . . . . .  TYPEDEF  -----  STRUCT   -----  41
  us_IDAvailTimer. . . . . . . . . . .  MEMBER   -----  U_INT    0000H  2
  ucBackMonFlag. . . . . . . . . . . .  MEMBER   -----  U_CHAR   0002H  1
  usCRC16. . . . . . . . . . . . . . .  MEMBER   -----  U_INT    0003H  2
  ulAutRemainingTime . . . . . . . . .  MEMBER   -----  U_LONG   0005H  4
  ucRechangeMoney. . . . . . . . . . .  MEMBER   -----  ARRAY    0009H  4
  ucBuybeforeMoney . . . . . . . . . .  MEMBER   -----  ARRAY    000DH  4
  ucbeforeFwEnergy . . . . . . . . . .  MEMBER   -----  ARRAY    0011H  4
  ucbeforeBkEnergy . . . . . . . . . .  MEMBER   -----  ARRAY    0015H  4
  ucE2Key. . . . . . . . . . . . . . .  MEMBER   -----  ARRAY    0019H  16
GU_BoolWordVariable. . . . . . . . . .  TYPEDEF  -----  UNION    -----  2
  BYTE . . . . . . . . . . . . . . . .  MEMBER   -----  ARRAY    0000H  2
  BIT. . . . . . . . . . . . . . . . .  MEMBER   -----  STRUCT   0000H  2
TR0. . . . . . . . . . . . . . . . . .  ABSBIT   -----  BIT      008CH  1
RS1. . . . . . . . . . . . . . . . . .  ABSBIT   -----  BIT      00D4H  1
PWMCON . . . . . . . . . . . . . . . .  SFR      DATA   U_CHAR   009FH  1
A0MIN. . . . . . . . . . . . . . . . .  PUBLIC   XDATA  U_CHAR   FFACH  1
TR1. . . . . . . . . . . . . . . . . .  ABSBIT   -----  BIT      008EH  1
A1MIN. . . . . . . . . . . . . . . . .  PUBLIC   XDATA  U_CHAR   FFB1H  1
char8. . . . . . . . . . . . . . . . .  TYPEDEF  -----  CHAR     -----  1
TR2. . . . . . . . . . . . . . . . . .  ABSBIT   -----  BIT      00CAH  1
int8_t . . . . . . . . . . . . . . . .  TYPEDEF  -----  CHAR     -----  1
ADCDL. . . . . . . . . . . . . . . . .  SFR      DATA   U_CHAR   00C4H  1
ADT. . . . . . . . . . . . . . . . . .  SFR      DATA   U_CHAR   00C2H  1
LIB_E2P_INDEX. . . . . . . . . . . . .  TYPEDEF  -----  U_CHAR   -----  1
SEC. . . . . . . . . . . . . . . . . .  PUBLIC   XDATA  U_CHAR   FFA1H  1
GStr_PRICE_Type. . . . . . . . . . . .  TYPEDEF  -----  STRUCT   -----  14
  ucaPrice . . . . . . . . . . . . . .  MEMBER   -----  ARRAY    0000H  4
  ucaPurchaseMoneyAll. . . . . . . . .  MEMBER   -----  ARRAY    0004H  4
  ucPurchaseTimes. . . . . . . . . . .  MEMBER   -----  ARRAY    0008H  4
  usCRC16. . . . . . . . . . . . . . .  MEMBER   -----  U_INT    000CH  2
DPH. . . . . . . . . . . . . . . . . .  SFR      DATA   U_CHAR   0083H  1
A0DOW. . . . . . . . . . . . . . . . .  PUBLIC   XDATA  U_CHAR   FFAFH  1
RTCTMR . . . . . . . . . . . . . . . .  PUBLIC   XDATA  U_CHAR   FFBAH  1
DAY. . . . . . . . . . . . . . . . . .  PUBLIC   XDATA  U_CHAR   FFA4H  1
EGTRSEND . . . . . . . . . . . . . . .  PUBLIC   XDATA  U_CHAR   FFCDH  1
DPL. . . . . . . . . . . . . . . . . .  SFR      DATA   U_CHAR   0082H  1
SBUF1. . . . . . . . . . . . . . . . .  SFR      DATA   U_CHAR   00D9H  1
S7816ETUH. . . . . . . . . . . . . . .  PUBLIC   XDATA  U_CHAR   FFC6H  1
COMM_BLE_EADV. . . . . . . . . . . . .  E_CONST  -----  U_CHAR   -----  1
LIB_E2P_FUN_CONFIG . . . . . . . . . .  E_CONST  -----  U_CHAR   -----  1
EXEN2. . . . . . . . . . . . . . . . .  ABSBIT   -----  BIT      00CBH  1
SBUF2. . . . . . . . . . . . . . . . .  SFR      DATA   U_CHAR   00F9H  1
TKRANDOM . . . . . . . . . . . . . . .  PUBLIC   XDATA  U_CHAR   FF9BH  1
LIB_E2P_ENERGY_DECPULSE_FW . . . . . .  E_CONST  -----  U_CHAR   -----  1
MIN. . . . . . . . . . . . . . . . . .  PUBLIC   XDATA  U_CHAR   FFA2H  1
SBUF3. . . . . . . . . . . . . . . . .  PUBLIC   XDATA  U_CHAR   FFD1H  1
C51 COMPILER V9.54   MAINPRO                                                               11/18/2021 18:54:13 PAGE 14  

NAME                                    CLASS   MSPACE  TYPE    OFFSET  SIZE
====                                    =====   ======  ====    ======  ====


SM11_RXOV1 . . . . . . . . . . . . . .  ABSBIT   -----  BIT      00DEH  1
PADCL. . . . . . . . . . . . . . . . .  ABSBIT   -----  BIT      00BEH  1
REN. . . . . . . . . . . . . . . . . .  ABSBIT   -----  BIT      009CH  1
SCON1. . . . . . . . . . . . . . . . .  SFR      DATA   U_CHAR   00D8H  1
RTCPSW . . . . . . . . . . . . . . . .  PUBLIC   XDATA  U_CHAR   FFB5H  1
TKDIV01. . . . . . . . . . . . . . . .  PUBLIC   XDATA  U_CHAR   FF9CH  1
P0INM. . . . . . . . . . . . . . . . .  PUBLIC   XDATA  U_CHAR   FFFAH  1
STATUS . . . . . . . . . . . . . . . .  TYPEDEF  -----  U_CHAR   -----  1
LCDCON1. . . . . . . . . . . . . . . .  SFR      DATA   U_CHAR   00D1H  1
ADCON. . . . . . . . . . . . . . . . .  SFR      DATA   U_CHAR   00C1H  1
SCON2. . . . . . . . . . . . . . . . .  SFR      DATA   U_CHAR   00F8H  1
TCON1. . . . . . . . . . . . . . . . .  SFR      DATA   U_CHAR   008FH  1
S7816ETUL. . . . . . . . . . . . . . .  PUBLIC   XDATA  U_CHAR   FFC7H  1
TKDIV02. . . . . . . . . . . . . . . .  PUBLIC   XDATA  U_CHAR   FF9DH  1
P0PHM. . . . . . . . . . . . . . . . .  PUBLIC   XDATA  U_CHAR   FF8EH  1
P0PCR. . . . . . . . . . . . . . . . .  PUBLIC   XDATA  U_CHAR   FFF0H  1
LIB_E2P_EventValidPiont. . . . . . . .  E_CONST  -----  U_CHAR   -----  1
LIB_E2P_ENRGY. . . . . . . . . . . . .  E_CONST  -----  U_CHAR   -----  1
LCDCON2. . . . . . . . . . . . . . . .  SFR      DATA   U_CHAR   00D2H  1
EDTAH. . . . . . . . . . . . . . . . .  SFR      DATA   U_CHAR   0092H  1
T2MOD. . . . . . . . . . . . . . . . .  SFR      DATA   U_CHAR   00C9H  1
T2CON. . . . . . . . . . . . . . . . .  SFR      DATA   U_CHAR   00C8H  1
TKDIV03. . . . . . . . . . . . . . . .  PUBLIC   XDATA  U_CHAR   FF9EH  1
SCON3. . . . . . . . . . . . . . . . .  PUBLIC   XDATA  U_CHAR   FFD0H  1
P2INM. . . . . . . . . . . . . . . . .  PUBLIC   XDATA  U_CHAR   FFFBH  1
P1PCR. . . . . . . . . . . . . . . . .  PUBLIC   XDATA  U_CHAR   FFF1H  1
TKDIV04. . . . . . . . . . . . . . . .  PUBLIC   XDATA  U_CHAR   FF9FH  1
P2PHM. . . . . . . . . . . . . . . . .  PUBLIC   XDATA  U_CHAR   FF8FH  1
P2PCR. . . . . . . . . . . . . . . . .  PUBLIC   XDATA  U_CHAR   FFF2H  1
MTH. . . . . . . . . . . . . . . . . .  PUBLIC   XDATA  U_CHAR   FFA5H  1
P3PCR. . . . . . . . . . . . . . . . .  PUBLIC   XDATA  U_CHAR   FFF3H  1
GStr_FUN_CONFIG_Type . . . . . . . . .  TYPEDEF  -----  STRUCT   -----  16
  ucFunCurrentVal. . . . . . . . . . .  MEMBER   -----  U_CHAR   0000H  1
  ucFunMeterConst. . . . . . . . . . .  MEMBER   -----  U_CHAR   0001H  1
  ucRes. . . . . . . . . . . . . . . .  MEMBER   -----  ARRAY    0002H  12
  usCRC16. . . . . . . . . . . . . . .  MEMBER   -----  U_INT    000EH  2
S7816CLKDIV. . . . . . . . . . . . . .  PUBLIC   XDATA  U_CHAR   FFC5H  1
DOW. . . . . . . . . . . . . . . . . .  PUBLIC   XDATA  U_CHAR   FFA7H  1
P4PCR. . . . . . . . . . . . . . . . .  PUBLIC   XDATA  U_CHAR   FFF4H  1
GStr_EventParaData . . . . . . . . . .  TYPEDEF  -----  STRUCT   -----  5
  V_usEventID. . . . . . . . . . . . .  MEMBER   -----  U_INT    0000H  2
  V_usEventAddr. . . . . . . . . . . .  MEMBER   -----  U_INT    0002H  2
  V_ucEventLenth . . . . . . . . . . .  MEMBER   -----  U_CHAR   0004H  1
LIB_E2P_Money. . . . . . . . . . . . .  E_CONST  -----  U_CHAR   -----  1
EDTAL. . . . . . . . . . . . . . . . .  SFR      DATA   U_CHAR   0094H  1
P5PCR. . . . . . . . . . . . . . . . .  PUBLIC   XDATA  U_CHAR   FFF5H  1
GStr_EEPROM_MAP. . . . . . . . . . . .  TYPEDEF  -----  STRUCT   -----  8
  ucE2pAddressIndex. . . . . . . . . .  MEMBER   -----  U_INT    0000H  2
  usE2pAddress . . . . . . . . . . . .  MEMBER   -----  U_INT    0002H  2
  ucE2pSize. . . . . . . . . . . . . .  MEMBER   -----  U_CHAR   0004H  1
  ucE2pLen . . . . . . . . . . . . . .  MEMBER   -----  U_CHAR   0005H  1
  ucIsCRC. . . . . . . . . . . . . . .  MEMBER   -----  U_CHAR   0006H  1
  ucIsBak. . . . . . . . . . . . . . .  MEMBER   -----  U_CHAR   0007H  1
EDTAM. . . . . . . . . . . . . . . . .  SFR      DATA   U_CHAR   0093H  1
TK0DIFH. . . . . . . . . . . . . . . .  SFR      DATA   U_CHAR   00BCH  1
SADEN. . . . . . . . . . . . . . . . .  SFR      DATA   U_CHAR   009BH  1
wchar_t. . . . . . . . . . . . . . . .  TYPEDEF  -----  CHAR     -----  1
C51 COMPILER V9.54   MAINPRO                                                               11/18/2021 18:54:13 PAGE 15  

NAME                                    CLASS   MSPACE  TYPE    OFFSET  SIZE
====                                    =====   ======  ====    ======  ====


P6PCR. . . . . . . . . . . . . . . . .  PUBLIC   XDATA  U_CHAR   FFF6H  1
LIB_E2P_METER_INFO . . . . . . . . . .  E_CONST  -----  U_CHAR   -----  1
TK1DIFH. . . . . . . . . . . . . . . .  SFR      DATA   U_CHAR   00BEH  1
PBANK. . . . . . . . . . . . . . . . .  SFR      DATA   U_CHAR   00B6H  1
P7PCR. . . . . . . . . . . . . . . . .  PUBLIC   XDATA  U_CHAR   FFF7H  1
GStr_EventValidPiont_Type. . . . . . .  TYPEDEF  -----  STRUCT   -----  8
  uc_Point . . . . . . . . . . . . . .  MEMBER   -----  ARRAY    0000H  6
  usCRC16. . . . . . . . . . . . . . .  MEMBER   -----  U_INT    0006H  2
TK2DIFH. . . . . . . . . . . . . . . .  SFR      DATA   U_CHAR   00A5H  1
P8PCR. . . . . . . . . . . . . . . . .  PUBLIC   XDATA  U_CHAR   FFF8H  1
EADTP. . . . . . . . . . . . . . . . .  ABSBIT   -----  BIT      00AEH  1
SADDR. . . . . . . . . . . . . . . . .  SFR      DATA   U_CHAR   009AH  1
P9PCR. . . . . . . . . . . . . . . . .  PUBLIC   XDATA  U_CHAR   FFF9H  1
TK0DIFL. . . . . . . . . . . . . . . .  SFR      DATA   U_CHAR   00CFH  1
LIB_E2P_ENERGY_DECPULSE_WS . . . . . .  E_CONST  -----  U_CHAR   -----  1
GStr_MONEY_Type. . . . . . . . . . . .  TYPEDEF  -----  STRUCT   -----  14
  ucaRemainMoney . . . . . . . . . . .  MEMBER   -----  ARRAY    0000H  6
  ucaTickMoney . . . . . . . . . . . .  MEMBER   -----  ARRAY    0006H  6
  usCRC16. . . . . . . . . . . . . . .  MEMBER   -----  U_INT    000CH  2
TK1DIFL. . . . . . . . . . . . . . . .  SFR      DATA   U_CHAR   00BDH  1
TK2DIFL. . . . . . . . . . . . . . . .  SFR      DATA   U_CHAR   00BFH  1
P7816L . . . . . . . . . . . . . . . .  ABSBIT   -----  BIT      00BAH  1
LPDCON1. . . . . . . . . . . . . . . .  SFR      DATA   U_CHAR   00C6H  1
LIB_E2P_EMU_UIPKms_BAK . . . . . . . .  E_CONST  -----  U_CHAR   -----  1
LPDCON2. . . . . . . . . . . . . . . .  SFR      DATA   U_CHAR   00C7H  1
MAX_BLE_INDEX. . . . . . . . . . . . .  E_CONST  -----  U_CHAR   -----  1
LIB_E2P_SecretKey. . . . . . . . . . .  E_CONST  -----  U_CHAR   -----  1
F0 . . . . . . . . . . . . . . . . . .  ABSBIT   -----  BIT      00D5H  1
IRDAT. . . . . . . . . . . . . . . . .  SFR      DATA   U_CHAR   00AEH  1
EMU_Read_TRIPCAL_TAB_Type. . . . . . .  TYPEDEF  -----  STRUCT   -----  5
  ucCommDI1. . . . . . . . . . . . . .  MEMBER   -----  U_CHAR   0000H  1
  ucEmuAddr. . . . . . . . . . . . . .  MEMBER   -----  ARRAY    0001H  4
F1 . . . . . . . . . . . . . . . . . .  ABSBIT   -----  BIT      00D1H  1
EMUIE. . . . . . . . . . . . . . . . .  SFR      DATA   U_CHAR   0096H  1
SFINE. . . . . . . . . . . . . . . . .  SFR      DATA   U_CHAR   009EH  1
XPAGE. . . . . . . . . . . . . . . . .  SFR      DATA   U_CHAR   00F7H  1
Gstr_VirtualEsam . . . . . . . . . . .  TYPEDEF  -----  STRUCT   -----  64
  ucTempKey. . . . . . . . . . . . . .  MEMBER   -----  ARRAY    0000H  16
  ucDisKey . . . . . . . . . . . . . .  MEMBER   -----  ARRAY    0010H  16
  ucComplexKey . . . . . . . . . . . .  MEMBER   -----  ARRAY    0020H  16
  ucRs485RandNum . . . . . . . . . . .  MEMBER   -----  ARRAY    0030H  8
  ucRs485RandNum2. . . . . . . . . . .  MEMBER   -----  ARRAY    0038H  8
GStr_MONEY_PARA_Type . . . . . . . . .  TYPEDEF  -----  STRUCT   -----  25
  ucaAlarmMoneyL1. . . . . . . . . . .  MEMBER   -----  ARRAY    0000H  4
  ucaAlarmMoneyL2. . . . . . . . . . .  MEMBER   -----  ARRAY    0004H  4
  ucaMaxMoneyLimit . . . . . . . . . .  MEMBER   -----  ARRAY    0008H  4
  ucaTickMoneyLimit. . . . . . . . . .  MEMBER   -----  ARRAY    000CH  4
  ucaAllowcloseMoney . . . . . . . . .  MEMBER   -----  ARRAY    0010H  4
  ucaOverLoadVal . . . . . . . . . . .  MEMBER   -----  ARRAY    0014H  3
  usCRC16. . . . . . . . . . . . . . .  MEMBER   -----  U_INT    0017H  2
INT8S. . . . . . . . . . . . . . . . .  TYPEDEF  -----  CHAR     -----  1
EMUIF. . . . . . . . . . . . . . . . .  SFR      DATA   U_CHAR   0097H  1
API_COMM_STATUS_FRAME_OK . . . . . . .  E_CONST  -----  U_CHAR   -----  1
RTCIE. . . . . . . . . . . . . . . . .  PUBLIC   XDATA  U_CHAR   FFB6H  1
INT8U. . . . . . . . . . . . . . . . .  TYPEDEF  -----  U_CHAR   -----  1
RTCIF. . . . . . . . . . . . . . . . .  PUBLIC   XDATA  U_CHAR   FFB7H  1
PSW. . . . . . . . . . . . . . . . . .  SFR      DATA   U_CHAR   00D0H  1
C51 COMPILER V9.54   MAINPRO                                                               11/18/2021 18:54:13 PAGE 16  

NAME                                    CLASS   MSPACE  TYPE    OFFSET  SIZE
====                                    =====   ======  ====    ======  ====


FP32 . . . . . . . . . . . . . . . . .  TYPEDEF  -----  FLOAT    -----  4
uint32_t . . . . . . . . . . . . . . .  TYPEDEF  -----  U_LONG   -----  4
API_COMM_STATUS_FRAME. . . . . . . . .  E_CONST  -----  U_CHAR   -----  1
RB81 . . . . . . . . . . . . . . . . .  ABSBIT   -----  BIT      00DAH  1
SPDAT. . . . . . . . . . . . . . . . .  SFR      DATA   U_CHAR   00A3H  1
IB_CON1. . . . . . . . . . . . . . . .  SFR      DATA   U_CHAR   00F2H  1


MODULE INFORMATION:   STATIC OVERLAYABLE
   CODE SIZE        =     70    ----
   CONSTANT SIZE    =   ----    ----
   XDATA SIZE       =   ----    ----
   PDATA SIZE       =   ----    ----
   DATA SIZE        =   ----    ----
   IDATA SIZE       =   ----    ----
   BIT SIZE         =   ----    ----
   EDATA SIZE       =   ----    ----
   HDATA SIZE       =   ----    ----
   XDATA CONST SIZE =   ----    ----
   FAR CONST SIZE   =   ----    ----
END OF MODULE INFORMATION.


C51 COMPILATION COMPLETE.  0 WARNING(S),  0 ERROR(S)
